Copyright 1986-2022 Xilinx, Inc. All Rights Reserved. Copyright 2022-2025 Advanced Micro Devices, Inc. All Rights Reserved.
--------------------------------------------------------------------------------------------------------------------------------------------------
| Tool Version      : Vivado v.2025.1.1 (lin64) Build 6233196 Thu Sep 11 21:27:11 MDT 2025
| Date              : Thu Jan 29 14:03:50 2026
| Host              : ece-linlabsrv01 running 64-bit Red Hat Enterprise Linux release 8.10 (Ootpa)
| Command           : report_timing_summary -file ./report/top_kernel_timing_synth.rpt
| Design            : bd_0_wrapper
| Device            : xczu3eg-sbva484
| Speed File        : -1  PRODUCTION 1.30 05-15-2022
| Design State      : Synthesized
| Temperature Grade : E
--------------------------------------------------------------------------------------------------------------------------------------------------

Timing Summary Report

------------------------------------------------------------------------------------------------
| Timer Settings
| --------------
------------------------------------------------------------------------------------------------

  Enable Multi Corner Analysis               :  Yes
  Enable Pessimism Removal                   :  Yes
  Pessimism Removal Resolution               :  Nearest Common Node
  Enable Input Delay Default Clock           :  No
  Enable Preset / Clear Arcs                 :  No
  Disable Flight Delays                      :  No
  Ignore I/O Paths                           :  No
  Timing Early Launch at Borrowing Latches   :  No
  Borrow Time for Max Delay Exceptions       :  Yes
  Merge Timing Exceptions                    :  Yes
  Inter-SLR Compensation                     :  Conservative

  Corner  Analyze    Analyze    
  Name    Max Paths  Min Paths  
  ------  ---------  ---------  
  Slow    Yes        Yes        
  Fast    Yes        Yes        


------------------------------------------------------------------------------------------------
| Report Methodology
| ------------------
------------------------------------------------------------------------------------------------

No report available as report_methodology has not been run prior. Run report_methodology on the current design for the summary of methodology violations.



check_timing report

Table of Contents
-----------------
1. checking no_clock (0)
2. checking constant_clock (0)
3. checking pulse_width_clock (0)
4. checking unconstrained_internal_endpoints (0)
5. checking no_input_delay (26)
6. checking no_output_delay (58)
7. checking multiple_clock (0)
8. checking generated_clocks (0)
9. checking loops (0)
10. checking partial_input_delay (0)
11. checking partial_output_delay (0)
12. checking latch_loops (0)

1. checking no_clock (0)
------------------------
 There are 0 register/latch pins with no clock.


2. checking constant_clock (0)
------------------------------
 There are 0 register/latch pins with constant_clock.


3. checking pulse_width_clock (0)
---------------------------------
 There are 0 register/latch pins which need pulse_width check


4. checking unconstrained_internal_endpoints (0)
------------------------------------------------
 There are 0 pins that are not constrained for maximum delay.

 There are 0 pins that are not constrained for maximum delay due to constant clock.


5. checking no_input_delay (26)
-------------------------------
 There are 26 input ports with no input delay specified. (HIGH)

 There are 0 input ports with no input delay but user has a false path constraint.


6. checking no_output_delay (58)
--------------------------------
 There are 58 ports with no output delay specified. (HIGH)

 There are 0 ports with no output delay but user has a false path constraint

 There are 0 ports with no output delay but with a timing clock defined on it or propagating through it


7. checking multiple_clock (0)
------------------------------
 There are 0 register/latch pins with multiple clocks.


8. checking generated_clocks (0)
--------------------------------
 There are 0 generated clocks that are not connected to a clock source.


9. checking loops (0)
---------------------
 There are 0 combinational loops in the design.


10. checking partial_input_delay (0)
------------------------------------
 There are 0 input ports with partial input delay specified.


11. checking partial_output_delay (0)
-------------------------------------
 There are 0 ports with partial output delay specified.


12. checking latch_loops (0)
----------------------------
 There are 0 combinational latch loops in the design through latch input



------------------------------------------------------------------------------------------------
| Design Timing Summary
| ---------------------
------------------------------------------------------------------------------------------------

    WNS(ns)      TNS(ns)  TNS Failing Endpoints  TNS Total Endpoints      WHS(ns)      THS(ns)  THS Failing Endpoints  THS Total Endpoints     WPWS(ns)     TPWS(ns)  TPWS Failing Endpoints  TPWS Total Endpoints  
    -------      -------  ---------------------  -------------------      -------      -------  ---------------------  -------------------     --------     --------  ----------------------  --------------------  
      2.644        0.000                      0                 1393        0.041        0.000                      0                 1393        4.427        0.000                       0                   529  


All user specified timing constraints are met.


------------------------------------------------------------------------------------------------
| Clock Summary
| -------------
------------------------------------------------------------------------------------------------

Clock   Waveform(ns)       Period(ns)      Frequency(MHz)
-----   ------------       ----------      --------------
ap_clk  {0.000 5.000}      10.000          100.000         


------------------------------------------------------------------------------------------------
| Intra Clock Table
| -----------------
------------------------------------------------------------------------------------------------

Clock             WNS(ns)      TNS(ns)  TNS Failing Endpoints  TNS Total Endpoints      WHS(ns)      THS(ns)  THS Failing Endpoints  THS Total Endpoints     WPWS(ns)     TPWS(ns)  TPWS Failing Endpoints  TPWS Total Endpoints  
-----             -------      -------  ---------------------  -------------------      -------      -------  ---------------------  -------------------     --------     --------  ----------------------  --------------------  
ap_clk              2.644        0.000                      0                 1393        0.041        0.000                      0                 1393        4.427        0.000                       0                   529  


------------------------------------------------------------------------------------------------
| Inter Clock Table
| -----------------
------------------------------------------------------------------------------------------------

From Clock    To Clock          WNS(ns)      TNS(ns)  TNS Failing Endpoints  TNS Total Endpoints      WHS(ns)      THS(ns)  THS Failing Endpoints  THS Total Endpoints  
----------    --------          -------      -------  ---------------------  -------------------      -------      -------  ---------------------  -------------------  


------------------------------------------------------------------------------------------------
| Other Path Groups Table
| -----------------------
------------------------------------------------------------------------------------------------

Path Group    From Clock    To Clock          WNS(ns)      TNS(ns)  TNS Failing Endpoints  TNS Total Endpoints      WHS(ns)      THS(ns)  THS Failing Endpoints  THS Total Endpoints  
----------    ----------    --------          -------      -------  ---------------------  -------------------      -------      -------  ---------------------  -------------------  


------------------------------------------------------------------------------------------------
| Timing Details
| --------------
------------------------------------------------------------------------------------------------


---------------------------------------------------------------------------------------------------
From Clock:  ap_clk
  To Clock:  ap_clk

Setup :            0  Failing Endpoints,  Worst Slack        2.644ns,  Total Violation        0.000ns
Hold  :            0  Failing Endpoints,  Worst Slack        0.041ns,  Total Violation        0.000ns
PW    :            0  Failing Endpoints,  Worst Slack        4.427ns,  Total Violation        0.000ns
---------------------------------------------------------------------------------------------------


Max Delay Paths
--------------------------------------------------------------------------------------
Slack (MET) :             2.644ns  (required time - arrival time)
  Source:                 bd_0_i/hls_inst/inst/tmp_U/ram_reg_bram_0/CLKARDCLK
                            (rising edge-triggered cell RAMB36E2 clocked by ap_clk  {rise@0.000ns fall@5.000ns period=10.000ns})
  Destination:            bd_0_i/hls_inst/inst/select_ln42_3_reg_1319_reg[11]/D
                            (rising edge-triggered cell FDSE clocked by ap_clk  {rise@0.000ns fall@5.000ns period=10.000ns})
  Path Group:             ap_clk
  Path Type:              Setup (Max at Slow Process Corner)
  Requirement:            10.000ns  (ap_clk rise@10.000ns - ap_clk rise@0.000ns)
  Data Path Delay:        7.293ns  (logic 5.966ns (81.804%)  route 1.327ns (18.196%))
  Logic Levels:           20  (CARRY8=3 DSP_A_B_DATA=1 DSP_ALU=2 DSP_M_DATA=1 DSP_MULTIPLIER=1 DSP_OUTPUT=2 DSP_PREADD_DATA=1 LUT4=1 LUT6=1 RAMB36E2=7)
  Clock Path Skew:        -0.055ns (DCD - SCD + CPR)
    Destination Clock Delay (DCD):    0.026ns = ( 10.026 - 10.000 ) 
    Source Clock Delay      (SCD):    0.081ns
    Clock Pessimism Removal (CPR):    0.000ns
  Clock Uncertainty:      0.035ns  ((TSJ^2 + TIJ^2)^1/2 + DJ) / 2 + PE
    Total System Jitter     (TSJ):    0.071ns
    Total Input Jitter      (TIJ):    0.000ns
    Discrete Jitter          (DJ):    0.000ns
    Phase Error              (PE):    0.000ns

    Location             Delay type                Incr(ns)  Path(ns)    Netlist Resource(s)
  -------------------------------------------------------------------    -------------------
                         (clock ap_clk rise edge)     0.000     0.000 r  
                                                      0.000     0.000 r  ap_clk (IN)
                         net (fo=568, unset)          0.081     0.081    bd_0_i/hls_inst/inst/tmp_U/ap_clk
                         RAMB36E2                                     r  bd_0_i/hls_inst/inst/tmp_U/ram_reg_bram_0/CLKARDCLK
  -------------------------------------------------------------------    -------------------
                         RAMB36E2 (Prop_RAMB36E2_CLKARDCLK_CASDOUTA[1])
                                                      1.200     1.281 f  bd_0_i/hls_inst/inst/tmp_U/ram_reg_bram_0/CASDOUTA[1]
                         net (fo=1, unplaced)         0.039     1.320    bd_0_i/hls_inst/inst/tmp_U/ram_reg_bram_0_n_37
                         RAMB36E2 (Prop_RAMB36E2_CASDINA[1]_CASDOUTA[1])
                                                      0.220     1.540 f  bd_0_i/hls_inst/inst/tmp_U/ram_reg_bram_1/CASDOUTA[1]
                         net (fo=1, unplaced)         0.039     1.579    bd_0_i/hls_inst/inst/tmp_U/ram_reg_bram_1_n_37
                         RAMB36E2 (Prop_RAMB36E2_CASDINA[1]_CASDOUTA[1])
                                                      0.220     1.799 f  bd_0_i/hls_inst/inst/tmp_U/ram_reg_bram_2/CASDOUTA[1]
                         net (fo=1, unplaced)         0.039     1.838    bd_0_i/hls_inst/inst/tmp_U/ram_reg_bram_2_n_37
                         RAMB36E2 (Prop_RAMB36E2_CASDINA[1]_CASDOUTA[1])
                                                      0.220     2.058 f  bd_0_i/hls_inst/inst/tmp_U/ram_reg_bram_3/CASDOUTA[1]
                         net (fo=1, unplaced)         0.039     2.097    bd_0_i/hls_inst/inst/tmp_U/ram_reg_bram_3_n_37
                         RAMB36E2 (Prop_RAMB36E2_CASDINA[1]_CASDOUTA[1])
                                                      0.220     2.317 f  bd_0_i/hls_inst/inst/tmp_U/ram_reg_bram_4/CASDOUTA[1]
                         net (fo=1, unplaced)         0.039     2.356    bd_0_i/hls_inst/inst/tmp_U/ram_reg_bram_4_n_37
                         RAMB36E2 (Prop_RAMB36E2_CASDINA[1]_CASDOUTA[1])
                                                      0.220     2.576 f  bd_0_i/hls_inst/inst/tmp_U/ram_reg_bram_5/CASDOUTA[1]
                         net (fo=1, unplaced)         0.039     2.615    bd_0_i/hls_inst/inst/tmp_U/ram_reg_bram_5_n_37
                         RAMB36E2 (Prop_RAMB36E2_CASDINA[1]_CASDOUTA[1])
                                                      0.220     2.835 f  bd_0_i/hls_inst/inst/tmp_U/ram_reg_bram_6/CASDOUTA[1]
                         net (fo=1, unplaced)         0.039     2.874    bd_0_i/hls_inst/inst/tmp_U/ram_reg_bram_6_n_37
                         RAMB36E2 (Prop_RAMB36E2_CASDINA[1]_DOUTADOUT[1])
                                                      0.120     2.994 f  bd_0_i/hls_inst/inst/tmp_U/ram_reg_bram_7/DOUTADOUT[1]
                         net (fo=5, unplaced)         0.307     3.301    bd_0_i/hls_inst/inst/mul_24s_24s_48_1_1_U1/tmp_product/B[1]
                         DSP_A_B_DATA (Prop_DSP_A_B_DATA_B[1]_B2_DATA[1])
                                                      0.195     3.496 r  bd_0_i/hls_inst/inst/mul_24s_24s_48_1_1_U1/tmp_product/DSP_A_B_DATA_INST/B2_DATA[1]
                         net (fo=1, unplaced)         0.000     3.496    bd_0_i/hls_inst/inst/mul_24s_24s_48_1_1_U1/tmp_product/DSP_A_B_DATA.B2_DATA<1>
                         DSP_PREADD_DATA (Prop_DSP_PREADD_DATA_B2_DATA[1]_B2B1[1])
                                                      0.092     3.588 r  bd_0_i/hls_inst/inst/mul_24s_24s_48_1_1_U1/tmp_product/DSP_PREADD_DATA_INST/B2B1[1]
                         net (fo=1, unplaced)         0.000     3.588    bd_0_i/hls_inst/inst/mul_24s_24s_48_1_1_U1/tmp_product/DSP_PREADD_DATA.B2B1<1>
                         DSP_MULTIPLIER (Prop_DSP_MULTIPLIER_B2B1[1]_U[33])
                                                      0.737     4.325 f  bd_0_i/hls_inst/inst/mul_24s_24s_48_1_1_U1/tmp_product/DSP_MULTIPLIER_INST/U[33]
                         net (fo=1, unplaced)         0.000     4.325    bd_0_i/hls_inst/inst/mul_24s_24s_48_1_1_U1/tmp_product/DSP_MULTIPLIER.U<33>
                         DSP_M_DATA (Prop_DSP_M_DATA_U[33]_U_DATA[33])
                                                      0.059     4.384 r  bd_0_i/hls_inst/inst/mul_24s_24s_48_1_1_U1/tmp_product/DSP_M_DATA_INST/U_DATA[33]
                         net (fo=1, unplaced)         0.000     4.384    bd_0_i/hls_inst/inst/mul_24s_24s_48_1_1_U1/tmp_product/DSP_M_DATA.U_DATA<33>
                         DSP_ALU (Prop_DSP_ALU_U_DATA[33]_ALU_OUT[47])
                                                      0.699     5.083 f  bd_0_i/hls_inst/inst/mul_24s_24s_48_1_1_U1/tmp_product/DSP_ALU_INST/ALU_OUT[47]
                         net (fo=1, unplaced)         0.000     5.083    bd_0_i/hls_inst/inst/mul_24s_24s_48_1_1_U1/tmp_product/DSP_ALU.ALU_OUT<47>
                         DSP_OUTPUT (Prop_DSP_OUTPUT_ALU_OUT[47]_PCOUT[47])
                                                      0.159     5.242 r  bd_0_i/hls_inst/inst/mul_24s_24s_48_1_1_U1/tmp_product/DSP_OUTPUT_INST/PCOUT[47]
                         net (fo=1, unplaced)         0.016     5.258    bd_0_i/hls_inst/inst/mul_24s_24s_48_1_1_U1/tmp_product__0/PCIN[47]
                         DSP_ALU (Prop_DSP_ALU_PCIN[47]_ALU_OUT[0])
                                                      0.698     5.956 f  bd_0_i/hls_inst/inst/mul_24s_24s_48_1_1_U1/tmp_product__0/DSP_ALU_INST/ALU_OUT[0]
                         net (fo=1, unplaced)         0.000     5.956    bd_0_i/hls_inst/inst/mul_24s_24s_48_1_1_U1/tmp_product__0/DSP_ALU.ALU_OUT<0>
                         DSP_OUTPUT (Prop_DSP_OUTPUT_ALU_OUT[0]_P[0])
                                                      0.141     6.097 r  bd_0_i/hls_inst/inst/mul_24s_24s_48_1_1_U1/tmp_product__0/DSP_OUTPUT_INST/P[0]
                         net (fo=1, unplaced)         0.229     6.326    bd_0_i/hls_inst/inst/mul_24s_24s_48_1_1_U1/trunc_ln2_fu_976_p4[1]
                         CARRY8 (Prop_CARRY8_S[1]_CO[7])
                                                      0.245     6.571 r  bd_0_i/hls_inst/inst/mul_24s_24s_48_1_1_U1/select_ln42_3_reg_1319_reg[7]_i_2/CO[7]
                         net (fo=1, unplaced)         0.007     6.578    bd_0_i/hls_inst/inst/mul_24s_24s_48_1_1_U1/select_ln42_3_reg_1319_reg[7]_i_2_n_3
                         CARRY8 (Prop_CARRY8_CI_CO[7])
                                                      0.030     6.608 r  bd_0_i/hls_inst/inst/mul_24s_24s_48_1_1_U1/select_ln42_3_reg_1319_reg[15]_i_2/CO[7]
                         net (fo=1, unplaced)         0.007     6.615    bd_0_i/hls_inst/inst/mul_24s_24s_48_1_1_U1/select_ln42_3_reg_1319_reg[15]_i_2_n_3
                         CARRY8 (Prop_CARRY8_CI_O[7])
                                                      0.146     6.761 r  bd_0_i/hls_inst/inst/mul_24s_24s_48_1_1_U1/select_ln42_3_reg_1319_reg[23]_i_3/O[7]
                         net (fo=3, unplaced)         0.163     6.924    bd_0_i/hls_inst/inst/mul_24s_24s_48_1_1_U1/tmp_20_fu_1012_p3
                         LUT6 (Prop_LUT6_I5_O)        0.040     6.964 f  bd_0_i/hls_inst/inst/mul_24s_24s_48_1_1_U1/select_ln42_3_reg_1319[23]_i_6/O
                         net (fo=24, unplaced)        0.267     7.231    bd_0_i/hls_inst/inst/mul_24s_24s_48_1_1_U1/select_ln42_3_reg_1319[23]_i_6_n_3
                         LUT4 (Prop_LUT4_I1_O)        0.085     7.316 r  bd_0_i/hls_inst/inst/mul_24s_24s_48_1_1_U1/select_ln42_3_reg_1319[11]_i_1/O
                         net (fo=1, unplaced)         0.058     7.374    bd_0_i/hls_inst/inst/mul_24s_24s_48_1_1_U1_n_15
                         FDSE                                         r  bd_0_i/hls_inst/inst/select_ln42_3_reg_1319_reg[11]/D
  -------------------------------------------------------------------    -------------------

                         (clock ap_clk rise edge)    10.000    10.000 r  
                                                      0.000    10.000 r  ap_clk (IN)
                         net (fo=568, unset)          0.026    10.026    bd_0_i/hls_inst/inst/ap_clk
                         FDSE                                         r  bd_0_i/hls_inst/inst/select_ln42_3_reg_1319_reg[11]/C
                         clock pessimism              0.000    10.026    
                         clock uncertainty           -0.035     9.991    
                         FDSE (Setup_FDSE_C_D)        0.027    10.018    bd_0_i/hls_inst/inst/select_ln42_3_reg_1319_reg[11]
  -------------------------------------------------------------------
                         required time                         10.018    
                         arrival time                          -7.374    
  -------------------------------------------------------------------
                         slack                                  2.644    





Min Delay Paths
--------------------------------------------------------------------------------------
Slack (MET) :             0.041ns  (arrival time - required time)
  Source:                 bd_0_i/hls_inst/inst/ap_CS_fsm_reg[5]/C
                            (rising edge-triggered cell FDRE clocked by ap_clk  {rise@0.000ns fall@5.000ns period=10.000ns})
  Destination:            bd_0_i/hls_inst/inst/ap_CS_fsm_reg[37]_srl32___ap_CS_fsm_reg_r_30/D
                            (rising edge-triggered cell SRLC32E clocked by ap_clk  {rise@0.000ns fall@5.000ns period=10.000ns})
  Path Group:             ap_clk
  Path Type:              Hold (Min at Fast Process Corner)
  Requirement:            0.000ns  (ap_clk rise@0.000ns - ap_clk rise@0.000ns)
  Data Path Delay:        0.112ns  (logic 0.038ns (33.929%)  route 0.074ns (66.071%))
  Logic Levels:           0  
  Clock Path Skew:        0.026ns (DCD - SCD - CPR)
    Destination Clock Delay (DCD):    0.039ns
    Source Clock Delay      (SCD):    0.013ns
    Clock Pessimism Removal (CPR):    -0.000ns

    Location             Delay type                Incr(ns)  Path(ns)    Netlist Resource(s)
  -------------------------------------------------------------------    -------------------
                         (clock ap_clk rise edge)     0.000     0.000 r  
                                                      0.000     0.000 r  ap_clk (IN)
                         net (fo=568, unset)          0.013     0.013    bd_0_i/hls_inst/inst/ap_clk
                         FDRE                                         r  bd_0_i/hls_inst/inst/ap_CS_fsm_reg[5]/C
  -------------------------------------------------------------------    -------------------
                         FDRE (Prop_FDRE_C_Q)         0.038     0.051 r  bd_0_i/hls_inst/inst/ap_CS_fsm_reg[5]/Q
                         net (fo=2, unplaced)         0.074     0.125    bd_0_i/hls_inst/inst/start
                         SRLC32E                                      r  bd_0_i/hls_inst/inst/ap_CS_fsm_reg[37]_srl32___ap_CS_fsm_reg_r_30/D
  -------------------------------------------------------------------    -------------------

                         (clock ap_clk rise edge)     0.000     0.000 r  
                                                      0.000     0.000 r  ap_clk (IN)
                         net (fo=568, unset)          0.039     0.039    bd_0_i/hls_inst/inst/ap_clk
                         SRLC32E                                      r  bd_0_i/hls_inst/inst/ap_CS_fsm_reg[37]_srl32___ap_CS_fsm_reg_r_30/CLK
                         clock pessimism              0.000     0.039    
                         SRLC32E (Hold_SRLC32E_CLK_D)
                                                      0.045     0.084    bd_0_i/hls_inst/inst/ap_CS_fsm_reg[37]_srl32___ap_CS_fsm_reg_r_30
  -------------------------------------------------------------------
                         required time                         -0.084    
                         arrival time                           0.125    
  -------------------------------------------------------------------
                         slack                                  0.041    





Pulse Width Checks
--------------------------------------------------------------------------------------
Clock Name:         ap_clk
Waveform(ns):       { 0.000 5.000 }
Period(ns):         10.000
Sources:            { ap_clk }

Check Type        Corner  Lib Pin             Reference Pin  Required(ns)  Actual(ns)  Slack(ns)  Location  Pin
Min Period        n/a     RAMB36E2/CLKARDCLK  n/a            1.739         10.000      8.261                bd_0_i/hls_inst/inst/tmp_U/ram_reg_bram_0/CLKARDCLK
Low Pulse Width   Slow    SRLC32E/CLK         n/a            0.573         5.000       4.427                bd_0_i/hls_inst/inst/ap_CS_fsm_reg[37]_srl32___ap_CS_fsm_reg_r_30/CLK
High Pulse Width  Slow    SRLC32E/CLK         n/a            0.573         5.000       4.427                bd_0_i/hls_inst/inst/ap_CS_fsm_reg[37]_srl32___ap_CS_fsm_reg_r_30/CLK



