================================================================
== Vivado Place & Route Results
================================================================
+ General Information:
    * Date:            Thu Jan 29 14:07:27 EST 2026
    * Version:         2025.1 (Build 6214317 on Sep 11 2025)
    * Project:         project_1
    * Solution:        hls (Vivado IP Flow Target)
    * Product family:  zynquplus
    * Target device:   xczu3eg-sbva484-1-e


================================================================
== Run Constraints & Options
================================================================
+ Design Constraints & Options:
    * Place & Route target clock:  10 ns
    * C-Synthesis target clock:    10 ns
    * C-Synthesis uncertainty:     27%

+ RTL Synthesis Options:
    * config_export -vivado_synth_strategy:     default
    * config_export -vivado_synth_design_args:  -directive sdx_optimization_effort_high

+ Place & Route Options:
    * config_export -vivado_impl_strategy:  default
    * config_export -vivado_phys_opt:       auto

+ Reporting Options:
    * config_export -vivado_report_level:      2
    * config_export -vivado_max_timing_paths:  10


================================================================
== Place & Route Resource Summary
================================================================
LUT:              701
FF:               512
DSP:              7
BRAM:             22
URAM:             0
SRL:              4


================================================================
== Place & Route Timing Summary
================================================================
* Timing was met
+----------------+-------------+
| Timing         | Period (ns) |
+----------------+-------------+
| Target         | 10.000      |
| Post-Synthesis | 7.356       |
| Post-Route     | 8.164       |
+----------------+-------------+


================================================================
== Place & Route Resources
================================================================
+---------------------------------------------------+-----+-----+-----+------+------+-----+--------+------+---------+----------+--------+
| Name                                              | LUT | FF  | DSP | BRAM | URAM | SRL | Pragma | Impl | Latency | Variable | Source |
+---------------------------------------------------+-----+-----+-----+------+------+-----+--------+------+---------+----------+--------+
| inst                                              | 701 | 512 | 7   | 22   |      |     |        |      |         |          |        |
|   (inst)                                          | 145 | 292 |     |      |      |     |        |      |         |          |        |
|   mul_24s_24s_48_1_1_U1                           |     |     |     |      |      |     |        |      |         |          |        |
|   mul_40s_42ns_81_1_1_U2                          | 197 |     | 5   |      |      |     |        |      |         |          |        |
|   sdiv_40ns_24s_40_44_seq_1_U3                    | 235 | 220 |     |      |      |     |        |      |         |          |        |
|     (sdiv_40ns_24s_40_44_seq_1_U3)                | 101 | 89  |     |      |      |     |        |      |         |          |        |
|     top_kernel_sdiv_40ns_24s_40_44_seq_1_divseq_u | 134 | 131 |     |      |      |     |        |      |         |          |        |
|   tmp_U                                           | 109 |     |     | 22   |      |     |        |      |         |          |        |
+---------------------------------------------------+-----+-----+-----+------+------+-----+--------+------+---------+----------+--------+


================================================================
== Place & Route Fail Fast
================================================================
+-----------------------------------------------------------+-----------+--------+--------+
| Criteria                                                  | Guideline | Actual | Status |
+-----------------------------------------------------------+-----------+--------+--------+
| LUT                                                       | 70%       | 0.99%  | OK     |
| FD                                                        | 50%       | 0.36%  | OK     |
| LUTRAM+SRL                                                | 25%       | 0.01%  | OK     |
| CARRY8                                                    | 25%       | 0.70%  | OK     |
| MUXF7                                                     | 15%       | 0.00%  | OK     |
| DSP                                                       | 80%       | 1.94%  | OK     |
| RAMB/FIFO                                                 | 80%       | 5.09%  | OK     |
| DSP+RAMB+URAM (Avg)                                       | 70%       | 3.51%  | OK     |
| BUFGCE* + BUFGCTRL                                        | 24        | 0      | OK     |
| DONT_TOUCH (cells/nets)                                   | 0         | 0      | OK     |
| MARK_DEBUG (nets)                                         | 0         | 0      | OK     |
| Control Sets                                              | 1323      | 19     | OK     |
| Average Fanout for modules > 100k cells                   | 4         | 1.09   | OK     |
| Max Average Fanout for modules > 100k cells               | 4         | 0      | OK     |
| Non-FD high fanout nets > 10k loads                       | 0         | 0      | OK     |
+-----------------------------------------------------------+-----------+--------+--------+
| TIMING-6 (No common primary clock between related clocks) | 0         | 0      | OK     |
| TIMING-7 (No common node between related clocks)          | 0         | 0      | OK     |
| TIMING-8 (No common period between related clocks)        | 0         | 0      | OK     |
| TIMING-14 (LUT on the clock tree)                         | 0         | 0      | OK     |
| TIMING-35 (No common node in paths with the same clock)   | 0         | 0      | OK     |
+-----------------------------------------------------------+-----------+--------+--------+
| Number of paths above max LUT budgeting (0.350ns)         | 0         | 0      | OK     |
| Number of paths above max Net budgeting (0.239ns)         | 0         | 0      | OK     |
+-----------------------------------------------------------+-----------+--------+--------+


================================================================
== Place & Route Timing Paths
================================================================
* Timing was met
+-------+-------+--------------------------------+----------------------------------+--------------+------------+----------------+----------------+--------------+
| Path  | SLACK | STARTPOINT PIN                 | ENDPOINT PIN                     | LOGIC LEVELS | MAX FANOUT | DATAPATH DELAY | DATAPATH LOGIC | DATAPATH NET |
|       |       |                                |                                  |              |            |                |          DELAY |        DELAY |
+-------+-------+--------------------------------+----------------------------------+--------------+------------+----------------+----------------+--------------+
| Path1 | 1.836 | tmp_U/ram_reg_bram_0/CLKARDCLK | select_ln42_3_reg_1319_reg[6]/S  |           18 |         24 |          8.002 |          5.854 |        2.148 |
| Path2 | 1.836 | tmp_U/ram_reg_bram_0/CLKARDCLK | select_ln42_3_reg_1319_reg[7]/S  |           18 |         24 |          8.002 |          5.854 |        2.148 |
| Path3 | 1.836 | tmp_U/ram_reg_bram_0/CLKARDCLK | select_ln42_3_reg_1319_reg[8]/S  |           18 |         24 |          8.002 |          5.854 |        2.148 |
| Path4 | 1.836 | tmp_U/ram_reg_bram_0/CLKARDCLK | select_ln42_3_reg_1319_reg[9]/S  |           18 |         24 |          8.002 |          5.854 |        2.148 |
| Path5 | 1.838 | tmp_U/ram_reg_bram_0/CLKARDCLK | select_ln42_3_reg_1319_reg[12]/S |           18 |         24 |          8.000 |          5.854 |        2.146 |
+-------+-------+--------------------------------+----------------------------------+--------------+------------+----------------+----------------+--------------+

    +----------------------------------------------------------+------------------------+
    | Path1 Cells                                              | Primitive Type         |
    +----------------------------------------------------------+------------------------+
    | tmp_U/ram_reg_bram_0                                     | BLOCKRAM.BRAM.RAMB36E2 |
    | tmp_U/ram_reg_bram_1                                     | BLOCKRAM.BRAM.RAMB36E2 |
    | tmp_U/ram_reg_bram_2                                     | BLOCKRAM.BRAM.RAMB36E2 |
    | tmp_U/ram_reg_bram_3                                     | BLOCKRAM.BRAM.RAMB36E2 |
    | tmp_U/ram_reg_bram_4                                     | BLOCKRAM.BRAM.RAMB36E2 |
    | tmp_U/ram_reg_bram_5                                     | BLOCKRAM.BRAM.RAMB36E2 |
    | tmp_U/ram_reg_bram_6                                     | BLOCKRAM.BRAM.RAMB36E2 |
    | tmp_U/ram_reg_bram_7                                     | BLOCKRAM.BRAM.RAMB36E2 |
    | mul_24s_24s_48_1_1_U1/tmp_product/DSP_A_B_DATA_INST      | ARITHMETIC.DSP.DSP48E2 |
    | mul_24s_24s_48_1_1_U1/tmp_product/DSP_PREADD_DATA_INST   | ARITHMETIC.DSP.DSP48E2 |
    | mul_24s_24s_48_1_1_U1/tmp_product/DSP_MULTIPLIER_INST    | ARITHMETIC.DSP.DSP48E2 |
    | mul_24s_24s_48_1_1_U1/tmp_product/DSP_M_DATA_INST        | ARITHMETIC.DSP.DSP48E2 |
    | mul_24s_24s_48_1_1_U1/tmp_product/DSP_ALU_INST           | ARITHMETIC.DSP.DSP48E2 |
    | mul_24s_24s_48_1_1_U1/tmp_product/DSP_OUTPUT_INST        | ARITHMETIC.DSP.DSP48E2 |
    | mul_24s_24s_48_1_1_U1/tmp_product__0/DSP_ALU_INST        | ARITHMETIC.DSP.DSP48E2 |
    | mul_24s_24s_48_1_1_U1/tmp_product__0/DSP_OUTPUT_INST     | ARITHMETIC.DSP.DSP48E2 |
    | mul_24s_24s_48_1_1_U1/select_ln42_3_reg_1319_reg[15]_i_2 | CLB.CARRY.CARRY8       |
    | mul_24s_24s_48_1_1_U1/select_ln42_3_reg_1319_reg[23]_i_3 | CLB.CARRY.CARRY8       |
    | mul_24s_24s_48_1_1_U1/select_ln42_3_reg_1319[23]_i_1     | CLB.LUT.LUT6           |
    | select_ln42_3_reg_1319_reg[6]                            | REGISTER.SDR.FDSE      |
    | tmp_U/ram_reg_bram_0                                     | BLOCKRAM.BRAM.RAMB36E2 |
    | tmp_U/ram_reg_bram_1                                     | BLOCKRAM.BRAM.RAMB36E2 |
    | tmp_U/ram_reg_bram_2                                     | BLOCKRAM.BRAM.RAMB36E2 |
    | tmp_U/ram_reg_bram_3                                     | BLOCKRAM.BRAM.RAMB36E2 |
    | tmp_U/ram_reg_bram_4                                     | BLOCKRAM.BRAM.RAMB36E2 |
    | tmp_U/ram_reg_bram_5                                     | BLOCKRAM.BRAM.RAMB36E2 |
    | tmp_U/ram_reg_bram_6                                     | BLOCKRAM.BRAM.RAMB36E2 |
    | tmp_U/ram_reg_bram_7                                     | BLOCKRAM.BRAM.RAMB36E2 |
    | mul_24s_24s_48_1_1_U1/tmp_product/DSP_A_B_DATA_INST      | ARITHMETIC.DSP.DSP48E2 |
    | mul_24s_24s_48_1_1_U1/tmp_product/DSP_PREADD_DATA_INST   | ARITHMETIC.DSP.DSP48E2 |
    | mul_24s_24s_48_1_1_U1/tmp_product/DSP_MULTIPLIER_INST    | ARITHMETIC.DSP.DSP48E2 |
    | mul_24s_24s_48_1_1_U1/tmp_product/DSP_M_DATA_INST        | ARITHMETIC.DSP.DSP48E2 |
    | mul_24s_24s_48_1_1_U1/tmp_product/DSP_ALU_INST           | ARITHMETIC.DSP.DSP48E2 |
    | mul_24s_24s_48_1_1_U1/tmp_product/DSP_OUTPUT_INST        | ARITHMETIC.DSP.DSP48E2 |
    | mul_24s_24s_48_1_1_U1/tmp_product__0/DSP_ALU_INST        | ARITHMETIC.DSP.DSP48E2 |
    | mul_24s_24s_48_1_1_U1/tmp_product__0/DSP_OUTPUT_INST     | ARITHMETIC.DSP.DSP48E2 |
    | mul_24s_24s_48_1_1_U1/select_ln42_3_reg_1319_reg[15]_i_2 | CLB.CARRY.CARRY8       |
    | mul_24s_24s_48_1_1_U1/select_ln42_3_reg_1319_reg[23]_i_3 | CLB.CARRY.CARRY8       |
    | mul_24s_24s_48_1_1_U1/select_ln42_3_reg_1319[23]_i_1     | CLB.LUT.LUT6           |
    | select_ln42_3_reg_1319_reg[7]                            | REGISTER.SDR.FDSE      |
    | tmp_U/ram_reg_bram_0                                     | BLOCKRAM.BRAM.RAMB36E2 |
    | tmp_U/ram_reg_bram_1                                     | BLOCKRAM.BRAM.RAMB36E2 |
    | tmp_U/ram_reg_bram_2                                     | BLOCKRAM.BRAM.RAMB36E2 |
    | tmp_U/ram_reg_bram_3                                     | BLOCKRAM.BRAM.RAMB36E2 |
    | tmp_U/ram_reg_bram_4                                     | BLOCKRAM.BRAM.RAMB36E2 |
    | tmp_U/ram_reg_bram_5                                     | BLOCKRAM.BRAM.RAMB36E2 |
    | tmp_U/ram_reg_bram_6                                     | BLOCKRAM.BRAM.RAMB36E2 |
    | tmp_U/ram_reg_bram_7                                     | BLOCKRAM.BRAM.RAMB36E2 |
    | mul_24s_24s_48_1_1_U1/tmp_product/DSP_A_B_DATA_INST      | ARITHMETIC.DSP.DSP48E2 |
    | mul_24s_24s_48_1_1_U1/tmp_product/DSP_PREADD_DATA_INST   | ARITHMETIC.DSP.DSP48E2 |
    | mul_24s_24s_48_1_1_U1/tmp_product/DSP_MULTIPLIER_INST    | ARITHMETIC.DSP.DSP48E2 |
    | mul_24s_24s_48_1_1_U1/tmp_product/DSP_M_DATA_INST        | ARITHMETIC.DSP.DSP48E2 |
    | mul_24s_24s_48_1_1_U1/tmp_product/DSP_ALU_INST           | ARITHMETIC.DSP.DSP48E2 |
    | mul_24s_24s_48_1_1_U1/tmp_product/DSP_OUTPUT_INST        | ARITHMETIC.DSP.DSP48E2 |
    | mul_24s_24s_48_1_1_U1/tmp_product__0/DSP_ALU_INST        | ARITHMETIC.DSP.DSP48E2 |
    | mul_24s_24s_48_1_1_U1/tmp_product__0/DSP_OUTPUT_INST     | ARITHMETIC.DSP.DSP48E2 |
    | mul_24s_24s_48_1_1_U1/select_ln42_3_reg_1319_reg[15]_i_2 | CLB.CARRY.CARRY8       |
    | mul_24s_24s_48_1_1_U1/select_ln42_3_reg_1319_reg[23]_i_3 | CLB.CARRY.CARRY8       |
    | mul_24s_24s_48_1_1_U1/select_ln42_3_reg_1319[23]_i_1     | CLB.LUT.LUT6           |
    | select_ln42_3_reg_1319_reg[8]                            | REGISTER.SDR.FDSE      |
    | tmp_U/ram_reg_bram_0                                     | BLOCKRAM.BRAM.RAMB36E2 |
    | tmp_U/ram_reg_bram_1                                     | BLOCKRAM.BRAM.RAMB36E2 |
    | tmp_U/ram_reg_bram_2                                     | BLOCKRAM.BRAM.RAMB36E2 |
    | tmp_U/ram_reg_bram_3                                     | BLOCKRAM.BRAM.RAMB36E2 |
    | tmp_U/ram_reg_bram_4                                     | BLOCKRAM.BRAM.RAMB36E2 |
    | tmp_U/ram_reg_bram_5                                     | BLOCKRAM.BRAM.RAMB36E2 |
    | tmp_U/ram_reg_bram_6                                     | BLOCKRAM.BRAM.RAMB36E2 |
    | tmp_U/ram_reg_bram_7                                     | BLOCKRAM.BRAM.RAMB36E2 |
    | mul_24s_24s_48_1_1_U1/tmp_product/DSP_A_B_DATA_INST      | ARITHMETIC.DSP.DSP48E2 |
    | mul_24s_24s_48_1_1_U1/tmp_product/DSP_PREADD_DATA_INST   | ARITHMETIC.DSP.DSP48E2 |
    | mul_24s_24s_48_1_1_U1/tmp_product/DSP_MULTIPLIER_INST    | ARITHMETIC.DSP.DSP48E2 |
    | mul_24s_24s_48_1_1_U1/tmp_product/DSP_M_DATA_INST        | ARITHMETIC.DSP.DSP48E2 |
    | mul_24s_24s_48_1_1_U1/tmp_product/DSP_ALU_INST           | ARITHMETIC.DSP.DSP48E2 |
    | mul_24s_24s_48_1_1_U1/tmp_product/DSP_OUTPUT_INST        | ARITHMETIC.DSP.DSP48E2 |
    | mul_24s_24s_48_1_1_U1/tmp_product__0/DSP_ALU_INST        | ARITHMETIC.DSP.DSP48E2 |
    | mul_24s_24s_48_1_1_U1/tmp_product__0/DSP_OUTPUT_INST     | ARITHMETIC.DSP.DSP48E2 |
    | mul_24s_24s_48_1_1_U1/select_ln42_3_reg_1319_reg[15]_i_2 | CLB.CARRY.CARRY8       |
    | mul_24s_24s_48_1_1_U1/select_ln42_3_reg_1319_reg[23]_i_3 | CLB.CARRY.CARRY8       |
    | mul_24s_24s_48_1_1_U1/select_ln42_3_reg_1319[23]_i_1     | CLB.LUT.LUT6           |
    | select_ln42_3_reg_1319_reg[9]                            | REGISTER.SDR.FDSE      |
    | tmp_U/ram_reg_bram_0                                     | BLOCKRAM.BRAM.RAMB36E2 |
    | tmp_U/ram_reg_bram_1                                     | BLOCKRAM.BRAM.RAMB36E2 |
    | tmp_U/ram_reg_bram_2                                     | BLOCKRAM.BRAM.RAMB36E2 |
    | tmp_U/ram_reg_bram_3                                     | BLOCKRAM.BRAM.RAMB36E2 |
    | tmp_U/ram_reg_bram_4                                     | BLOCKRAM.BRAM.RAMB36E2 |
    | tmp_U/ram_reg_bram_5                                     | BLOCKRAM.BRAM.RAMB36E2 |
    | tmp_U/ram_reg_bram_6                                     | BLOCKRAM.BRAM.RAMB36E2 |
    | tmp_U/ram_reg_bram_7                                     | BLOCKRAM.BRAM.RAMB36E2 |
    | mul_24s_24s_48_1_1_U1/tmp_product/DSP_A_B_DATA_INST      | ARITHMETIC.DSP.DSP48E2 |
    | mul_24s_24s_48_1_1_U1/tmp_product/DSP_PREADD_DATA_INST   | ARITHMETIC.DSP.DSP48E2 |
    | mul_24s_24s_48_1_1_U1/tmp_product/DSP_MULTIPLIER_INST    | ARITHMETIC.DSP.DSP48E2 |
    | mul_24s_24s_48_1_1_U1/tmp_product/DSP_M_DATA_INST        | ARITHMETIC.DSP.DSP48E2 |
    | mul_24s_24s_48_1_1_U1/tmp_product/DSP_ALU_INST           | ARITHMETIC.DSP.DSP48E2 |
    | mul_24s_24s_48_1_1_U1/tmp_product/DSP_OUTPUT_INST        | ARITHMETIC.DSP.DSP48E2 |
    | mul_24s_24s_48_1_1_U1/tmp_product__0/DSP_ALU_INST        | ARITHMETIC.DSP.DSP48E2 |
    | mul_24s_24s_48_1_1_U1/tmp_product__0/DSP_OUTPUT_INST     | ARITHMETIC.DSP.DSP48E2 |
    | mul_24s_24s_48_1_1_U1/select_ln42_3_reg_1319_reg[15]_i_2 | CLB.CARRY.CARRY8       |
    | mul_24s_24s_48_1_1_U1/select_ln42_3_reg_1319_reg[23]_i_3 | CLB.CARRY.CARRY8       |
    | mul_24s_24s_48_1_1_U1/select_ln42_3_reg_1319[23]_i_1     | CLB.LUT.LUT6           |
    | select_ln42_3_reg_1319_reg[12]                           | REGISTER.SDR.FDSE      |
    +----------------------------------------------------------+------------------------+

    +----------------------------------------------------------+------------------------+
    | Path2 Cells                                              | Primitive Type         |
    +----------------------------------------------------------+------------------------+
    | tmp_U/ram_reg_bram_0                                     | BLOCKRAM.BRAM.RAMB36E2 |
    | tmp_U/ram_reg_bram_1                                     | BLOCKRAM.BRAM.RAMB36E2 |
    | tmp_U/ram_reg_bram_2                                     | BLOCKRAM.BRAM.RAMB36E2 |
    | tmp_U/ram_reg_bram_3                                     | BLOCKRAM.BRAM.RAMB36E2 |
    | tmp_U/ram_reg_bram_4                                     | BLOCKRAM.BRAM.RAMB36E2 |
    | tmp_U/ram_reg_bram_5                                     | BLOCKRAM.BRAM.RAMB36E2 |
    | tmp_U/ram_reg_bram_6                                     | BLOCKRAM.BRAM.RAMB36E2 |
    | tmp_U/ram_reg_bram_7                                     | BLOCKRAM.BRAM.RAMB36E2 |
    | mul_24s_24s_48_1_1_U1/tmp_product/DSP_A_B_DATA_INST      | ARITHMETIC.DSP.DSP48E2 |
    | mul_24s_24s_48_1_1_U1/tmp_product/DSP_PREADD_DATA_INST   | ARITHMETIC.DSP.DSP48E2 |
    | mul_24s_24s_48_1_1_U1/tmp_product/DSP_MULTIPLIER_INST    | ARITHMETIC.DSP.DSP48E2 |
    | mul_24s_24s_48_1_1_U1/tmp_product/DSP_M_DATA_INST        | ARITHMETIC.DSP.DSP48E2 |
    | mul_24s_24s_48_1_1_U1/tmp_product/DSP_ALU_INST           | ARITHMETIC.DSP.DSP48E2 |
    | mul_24s_24s_48_1_1_U1/tmp_product/DSP_OUTPUT_INST        | ARITHMETIC.DSP.DSP48E2 |
    | mul_24s_24s_48_1_1_U1/tmp_product__0/DSP_ALU_INST        | ARITHMETIC.DSP.DSP48E2 |
    | mul_24s_24s_48_1_1_U1/tmp_product__0/DSP_OUTPUT_INST     | ARITHMETIC.DSP.DSP48E2 |
    | mul_24s_24s_48_1_1_U1/select_ln42_3_reg_1319_reg[15]_i_2 | CLB.CARRY.CARRY8       |
    | mul_24s_24s_48_1_1_U1/select_ln42_3_reg_1319_reg[23]_i_3 | CLB.CARRY.CARRY8       |
    | mul_24s_24s_48_1_1_U1/select_ln42_3_reg_1319[23]_i_1     | CLB.LUT.LUT6           |
    | select_ln42_3_reg_1319_reg[6]                            | REGISTER.SDR.FDSE      |
    | tmp_U/ram_reg_bram_0                                     | BLOCKRAM.BRAM.RAMB36E2 |
    | tmp_U/ram_reg_bram_1                                     | BLOCKRAM.BRAM.RAMB36E2 |
    | tmp_U/ram_reg_bram_2                                     | BLOCKRAM.BRAM.RAMB36E2 |
    | tmp_U/ram_reg_bram_3                                     | BLOCKRAM.BRAM.RAMB36E2 |
    | tmp_U/ram_reg_bram_4                                     | BLOCKRAM.BRAM.RAMB36E2 |
    | tmp_U/ram_reg_bram_5                                     | BLOCKRAM.BRAM.RAMB36E2 |
    | tmp_U/ram_reg_bram_6                                     | BLOCKRAM.BRAM.RAMB36E2 |
    | tmp_U/ram_reg_bram_7                                     | BLOCKRAM.BRAM.RAMB36E2 |
    | mul_24s_24s_48_1_1_U1/tmp_product/DSP_A_B_DATA_INST      | ARITHMETIC.DSP.DSP48E2 |
    | mul_24s_24s_48_1_1_U1/tmp_product/DSP_PREADD_DATA_INST   | ARITHMETIC.DSP.DSP48E2 |
    | mul_24s_24s_48_1_1_U1/tmp_product/DSP_MULTIPLIER_INST    | ARITHMETIC.DSP.DSP48E2 |
    | mul_24s_24s_48_1_1_U1/tmp_product/DSP_M_DATA_INST        | ARITHMETIC.DSP.DSP48E2 |
    | mul_24s_24s_48_1_1_U1/tmp_product/DSP_ALU_INST           | ARITHMETIC.DSP.DSP48E2 |
    | mul_24s_24s_48_1_1_U1/tmp_product/DSP_OUTPUT_INST        | ARITHMETIC.DSP.DSP48E2 |
    | mul_24s_24s_48_1_1_U1/tmp_product__0/DSP_ALU_INST        | ARITHMETIC.DSP.DSP48E2 |
    | mul_24s_24s_48_1_1_U1/tmp_product__0/DSP_OUTPUT_INST     | ARITHMETIC.DSP.DSP48E2 |
    | mul_24s_24s_48_1_1_U1/select_ln42_3_reg_1319_reg[15]_i_2 | CLB.CARRY.CARRY8       |
    | mul_24s_24s_48_1_1_U1/select_ln42_3_reg_1319_reg[23]_i_3 | CLB.CARRY.CARRY8       |
    | mul_24s_24s_48_1_1_U1/select_ln42_3_reg_1319[23]_i_1     | CLB.LUT.LUT6           |
    | select_ln42_3_reg_1319_reg[7]                            | REGISTER.SDR.FDSE      |
    | tmp_U/ram_reg_bram_0                                     | BLOCKRAM.BRAM.RAMB36E2 |
    | tmp_U/ram_reg_bram_1                                     | BLOCKRAM.BRAM.RAMB36E2 |
    | tmp_U/ram_reg_bram_2                                     | BLOCKRAM.BRAM.RAMB36E2 |
    | tmp_U/ram_reg_bram_3                                     | BLOCKRAM.BRAM.RAMB36E2 |
    | tmp_U/ram_reg_bram_4                                     | BLOCKRAM.BRAM.RAMB36E2 |
    | tmp_U/ram_reg_bram_5                                     | BLOCKRAM.BRAM.RAMB36E2 |
    | tmp_U/ram_reg_bram_6                                     | BLOCKRAM.BRAM.RAMB36E2 |
    | tmp_U/ram_reg_bram_7                                     | BLOCKRAM.BRAM.RAMB36E2 |
    | mul_24s_24s_48_1_1_U1/tmp_product/DSP_A_B_DATA_INST      | ARITHMETIC.DSP.DSP48E2 |
    | mul_24s_24s_48_1_1_U1/tmp_product/DSP_PREADD_DATA_INST   | ARITHMETIC.DSP.DSP48E2 |
    | mul_24s_24s_48_1_1_U1/tmp_product/DSP_MULTIPLIER_INST    | ARITHMETIC.DSP.DSP48E2 |
    | mul_24s_24s_48_1_1_U1/tmp_product/DSP_M_DATA_INST        | ARITHMETIC.DSP.DSP48E2 |
    | mul_24s_24s_48_1_1_U1/tmp_product/DSP_ALU_INST           | ARITHMETIC.DSP.DSP48E2 |
    | mul_24s_24s_48_1_1_U1/tmp_product/DSP_OUTPUT_INST        | ARITHMETIC.DSP.DSP48E2 |
    | mul_24s_24s_48_1_1_U1/tmp_product__0/DSP_ALU_INST        | ARITHMETIC.DSP.DSP48E2 |
    | mul_24s_24s_48_1_1_U1/tmp_product__0/DSP_OUTPUT_INST     | ARITHMETIC.DSP.DSP48E2 |
    | mul_24s_24s_48_1_1_U1/select_ln42_3_reg_1319_reg[15]_i_2 | CLB.CARRY.CARRY8       |
    | mul_24s_24s_48_1_1_U1/select_ln42_3_reg_1319_reg[23]_i_3 | CLB.CARRY.CARRY8       |
    | mul_24s_24s_48_1_1_U1/select_ln42_3_reg_1319[23]_i_1     | CLB.LUT.LUT6           |
    | select_ln42_3_reg_1319_reg[8]                            | REGISTER.SDR.FDSE      |
    | tmp_U/ram_reg_bram_0                                     | BLOCKRAM.BRAM.RAMB36E2 |
    | tmp_U/ram_reg_bram_1                                     | BLOCKRAM.BRAM.RAMB36E2 |
    | tmp_U/ram_reg_bram_2                                     | BLOCKRAM.BRAM.RAMB36E2 |
    | tmp_U/ram_reg_bram_3                                     | BLOCKRAM.BRAM.RAMB36E2 |
    | tmp_U/ram_reg_bram_4                                     | BLOCKRAM.BRAM.RAMB36E2 |
    | tmp_U/ram_reg_bram_5                                     | BLOCKRAM.BRAM.RAMB36E2 |
    | tmp_U/ram_reg_bram_6                                     | BLOCKRAM.BRAM.RAMB36E2 |
    | tmp_U/ram_reg_bram_7                                     | BLOCKRAM.BRAM.RAMB36E2 |
    | mul_24s_24s_48_1_1_U1/tmp_product/DSP_A_B_DATA_INST      | ARITHMETIC.DSP.DSP48E2 |
    | mul_24s_24s_48_1_1_U1/tmp_product/DSP_PREADD_DATA_INST   | ARITHMETIC.DSP.DSP48E2 |
    | mul_24s_24s_48_1_1_U1/tmp_product/DSP_MULTIPLIER_INST    | ARITHMETIC.DSP.DSP48E2 |
    | mul_24s_24s_48_1_1_U1/tmp_product/DSP_M_DATA_INST        | ARITHMETIC.DSP.DSP48E2 |
    | mul_24s_24s_48_1_1_U1/tmp_product/DSP_ALU_INST           | ARITHMETIC.DSP.DSP48E2 |
    | mul_24s_24s_48_1_1_U1/tmp_product/DSP_OUTPUT_INST        | ARITHMETIC.DSP.DSP48E2 |
    | mul_24s_24s_48_1_1_U1/tmp_product__0/DSP_ALU_INST        | ARITHMETIC.DSP.DSP48E2 |
    | mul_24s_24s_48_1_1_U1/tmp_product__0/DSP_OUTPUT_INST     | ARITHMETIC.DSP.DSP48E2 |
    | mul_24s_24s_48_1_1_U1/select_ln42_3_reg_1319_reg[15]_i_2 | CLB.CARRY.CARRY8       |
    | mul_24s_24s_48_1_1_U1/select_ln42_3_reg_1319_reg[23]_i_3 | CLB.CARRY.CARRY8       |
    | mul_24s_24s_48_1_1_U1/select_ln42_3_reg_1319[23]_i_1     | CLB.LUT.LUT6           |
    | select_ln42_3_reg_1319_reg[9]                            | REGISTER.SDR.FDSE      |
    | tmp_U/ram_reg_bram_0                                     | BLOCKRAM.BRAM.RAMB36E2 |
    | tmp_U/ram_reg_bram_1                                     | BLOCKRAM.BRAM.RAMB36E2 |
    | tmp_U/ram_reg_bram_2                                     | BLOCKRAM.BRAM.RAMB36E2 |
    | tmp_U/ram_reg_bram_3                                     | BLOCKRAM.BRAM.RAMB36E2 |
    | tmp_U/ram_reg_bram_4                                     | BLOCKRAM.BRAM.RAMB36E2 |
    | tmp_U/ram_reg_bram_5                                     | BLOCKRAM.BRAM.RAMB36E2 |
    | tmp_U/ram_reg_bram_6                                     | BLOCKRAM.BRAM.RAMB36E2 |
    | tmp_U/ram_reg_bram_7                                     | BLOCKRAM.BRAM.RAMB36E2 |
    | mul_24s_24s_48_1_1_U1/tmp_product/DSP_A_B_DATA_INST      | ARITHMETIC.DSP.DSP48E2 |
    | mul_24s_24s_48_1_1_U1/tmp_product/DSP_PREADD_DATA_INST   | ARITHMETIC.DSP.DSP48E2 |
    | mul_24s_24s_48_1_1_U1/tmp_product/DSP_MULTIPLIER_INST    | ARITHMETIC.DSP.DSP48E2 |
    | mul_24s_24s_48_1_1_U1/tmp_product/DSP_M_DATA_INST        | ARITHMETIC.DSP.DSP48E2 |
    | mul_24s_24s_48_1_1_U1/tmp_product/DSP_ALU_INST           | ARITHMETIC.DSP.DSP48E2 |
    | mul_24s_24s_48_1_1_U1/tmp_product/DSP_OUTPUT_INST        | ARITHMETIC.DSP.DSP48E2 |
    | mul_24s_24s_48_1_1_U1/tmp_product__0/DSP_ALU_INST        | ARITHMETIC.DSP.DSP48E2 |
    | mul_24s_24s_48_1_1_U1/tmp_product__0/DSP_OUTPUT_INST     | ARITHMETIC.DSP.DSP48E2 |
    | mul_24s_24s_48_1_1_U1/select_ln42_3_reg_1319_reg[15]_i_2 | CLB.CARRY.CARRY8       |
    | mul_24s_24s_48_1_1_U1/select_ln42_3_reg_1319_reg[23]_i_3 | CLB.CARRY.CARRY8       |
    | mul_24s_24s_48_1_1_U1/select_ln42_3_reg_1319[23]_i_1     | CLB.LUT.LUT6           |
    | select_ln42_3_reg_1319_reg[12]                           | REGISTER.SDR.FDSE      |
    +----------------------------------------------------------+------------------------+

    +----------------------------------------------------------+------------------------+
    | Path3 Cells                                              | Primitive Type         |
    +----------------------------------------------------------+------------------------+
    | tmp_U/ram_reg_bram_0                                     | BLOCKRAM.BRAM.RAMB36E2 |
    | tmp_U/ram_reg_bram_1                                     | BLOCKRAM.BRAM.RAMB36E2 |
    | tmp_U/ram_reg_bram_2                                     | BLOCKRAM.BRAM.RAMB36E2 |
    | tmp_U/ram_reg_bram_3                                     | BLOCKRAM.BRAM.RAMB36E2 |
    | tmp_U/ram_reg_bram_4                                     | BLOCKRAM.BRAM.RAMB36E2 |
    | tmp_U/ram_reg_bram_5                                     | BLOCKRAM.BRAM.RAMB36E2 |
    | tmp_U/ram_reg_bram_6                                     | BLOCKRAM.BRAM.RAMB36E2 |
    | tmp_U/ram_reg_bram_7                                     | BLOCKRAM.BRAM.RAMB36E2 |
    | mul_24s_24s_48_1_1_U1/tmp_product/DSP_A_B_DATA_INST      | ARITHMETIC.DSP.DSP48E2 |
    | mul_24s_24s_48_1_1_U1/tmp_product/DSP_PREADD_DATA_INST   | ARITHMETIC.DSP.DSP48E2 |
    | mul_24s_24s_48_1_1_U1/tmp_product/DSP_MULTIPLIER_INST    | ARITHMETIC.DSP.DSP48E2 |
    | mul_24s_24s_48_1_1_U1/tmp_product/DSP_M_DATA_INST        | ARITHMETIC.DSP.DSP48E2 |
    | mul_24s_24s_48_1_1_U1/tmp_product/DSP_ALU_INST           | ARITHMETIC.DSP.DSP48E2 |
    | mul_24s_24s_48_1_1_U1/tmp_product/DSP_OUTPUT_INST        | ARITHMETIC.DSP.DSP48E2 |
    | mul_24s_24s_48_1_1_U1/tmp_product__0/DSP_ALU_INST        | ARITHMETIC.DSP.DSP48E2 |
    | mul_24s_24s_48_1_1_U1/tmp_product__0/DSP_OUTPUT_INST     | ARITHMETIC.DSP.DSP48E2 |
    | mul_24s_24s_48_1_1_U1/select_ln42_3_reg_1319_reg[15]_i_2 | CLB.CARRY.CARRY8       |
    | mul_24s_24s_48_1_1_U1/select_ln42_3_reg_1319_reg[23]_i_3 | CLB.CARRY.CARRY8       |
    | mul_24s_24s_48_1_1_U1/select_ln42_3_reg_1319[23]_i_1     | CLB.LUT.LUT6           |
    | select_ln42_3_reg_1319_reg[6]                            | REGISTER.SDR.FDSE      |
    | tmp_U/ram_reg_bram_0                                     | BLOCKRAM.BRAM.RAMB36E2 |
    | tmp_U/ram_reg_bram_1                                     | BLOCKRAM.BRAM.RAMB36E2 |
    | tmp_U/ram_reg_bram_2                                     | BLOCKRAM.BRAM.RAMB36E2 |
    | tmp_U/ram_reg_bram_3                                     | BLOCKRAM.BRAM.RAMB36E2 |
    | tmp_U/ram_reg_bram_4                                     | BLOCKRAM.BRAM.RAMB36E2 |
    | tmp_U/ram_reg_bram_5                                     | BLOCKRAM.BRAM.RAMB36E2 |
    | tmp_U/ram_reg_bram_6                                     | BLOCKRAM.BRAM.RAMB36E2 |
    | tmp_U/ram_reg_bram_7                                     | BLOCKRAM.BRAM.RAMB36E2 |
    | mul_24s_24s_48_1_1_U1/tmp_product/DSP_A_B_DATA_INST      | ARITHMETIC.DSP.DSP48E2 |
    | mul_24s_24s_48_1_1_U1/tmp_product/DSP_PREADD_DATA_INST   | ARITHMETIC.DSP.DSP48E2 |
    | mul_24s_24s_48_1_1_U1/tmp_product/DSP_MULTIPLIER_INST    | ARITHMETIC.DSP.DSP48E2 |
    | mul_24s_24s_48_1_1_U1/tmp_product/DSP_M_DATA_INST        | ARITHMETIC.DSP.DSP48E2 |
    | mul_24s_24s_48_1_1_U1/tmp_product/DSP_ALU_INST           | ARITHMETIC.DSP.DSP48E2 |
    | mul_24s_24s_48_1_1_U1/tmp_product/DSP_OUTPUT_INST        | ARITHMETIC.DSP.DSP48E2 |
    | mul_24s_24s_48_1_1_U1/tmp_product__0/DSP_ALU_INST        | ARITHMETIC.DSP.DSP48E2 |
    | mul_24s_24s_48_1_1_U1/tmp_product__0/DSP_OUTPUT_INST     | ARITHMETIC.DSP.DSP48E2 |
    | mul_24s_24s_48_1_1_U1/select_ln42_3_reg_1319_reg[15]_i_2 | CLB.CARRY.CARRY8       |
    | mul_24s_24s_48_1_1_U1/select_ln42_3_reg_1319_reg[23]_i_3 | CLB.CARRY.CARRY8       |
    | mul_24s_24s_48_1_1_U1/select_ln42_3_reg_1319[23]_i_1     | CLB.LUT.LUT6           |
    | select_ln42_3_reg_1319_reg[7]                            | REGISTER.SDR.FDSE      |
    | tmp_U/ram_reg_bram_0                                     | BLOCKRAM.BRAM.RAMB36E2 |
    | tmp_U/ram_reg_bram_1                                     | BLOCKRAM.BRAM.RAMB36E2 |
    | tmp_U/ram_reg_bram_2                                     | BLOCKRAM.BRAM.RAMB36E2 |
    | tmp_U/ram_reg_bram_3                                     | BLOCKRAM.BRAM.RAMB36E2 |
    | tmp_U/ram_reg_bram_4                                     | BLOCKRAM.BRAM.RAMB36E2 |
    | tmp_U/ram_reg_bram_5                                     | BLOCKRAM.BRAM.RAMB36E2 |
    | tmp_U/ram_reg_bram_6                                     | BLOCKRAM.BRAM.RAMB36E2 |
    | tmp_U/ram_reg_bram_7                                     | BLOCKRAM.BRAM.RAMB36E2 |
    | mul_24s_24s_48_1_1_U1/tmp_product/DSP_A_B_DATA_INST      | ARITHMETIC.DSP.DSP48E2 |
    | mul_24s_24s_48_1_1_U1/tmp_product/DSP_PREADD_DATA_INST   | ARITHMETIC.DSP.DSP48E2 |
    | mul_24s_24s_48_1_1_U1/tmp_product/DSP_MULTIPLIER_INST    | ARITHMETIC.DSP.DSP48E2 |
    | mul_24s_24s_48_1_1_U1/tmp_product/DSP_M_DATA_INST        | ARITHMETIC.DSP.DSP48E2 |
    | mul_24s_24s_48_1_1_U1/tmp_product/DSP_ALU_INST           | ARITHMETIC.DSP.DSP48E2 |
    | mul_24s_24s_48_1_1_U1/tmp_product/DSP_OUTPUT_INST        | ARITHMETIC.DSP.DSP48E2 |
    | mul_24s_24s_48_1_1_U1/tmp_product__0/DSP_ALU_INST        | ARITHMETIC.DSP.DSP48E2 |
    | mul_24s_24s_48_1_1_U1/tmp_product__0/DSP_OUTPUT_INST     | ARITHMETIC.DSP.DSP48E2 |
    | mul_24s_24s_48_1_1_U1/select_ln42_3_reg_1319_reg[15]_i_2 | CLB.CARRY.CARRY8       |
    | mul_24s_24s_48_1_1_U1/select_ln42_3_reg_1319_reg[23]_i_3 | CLB.CARRY.CARRY8       |
    | mul_24s_24s_48_1_1_U1/select_ln42_3_reg_1319[23]_i_1     | CLB.LUT.LUT6           |
    | select_ln42_3_reg_1319_reg[8]                            | REGISTER.SDR.FDSE      |
    | tmp_U/ram_reg_bram_0                                     | BLOCKRAM.BRAM.RAMB36E2 |
    | tmp_U/ram_reg_bram_1                                     | BLOCKRAM.BRAM.RAMB36E2 |
    | tmp_U/ram_reg_bram_2                                     | BLOCKRAM.BRAM.RAMB36E2 |
    | tmp_U/ram_reg_bram_3                                     | BLOCKRAM.BRAM.RAMB36E2 |
    | tmp_U/ram_reg_bram_4                                     | BLOCKRAM.BRAM.RAMB36E2 |
    | tmp_U/ram_reg_bram_5                                     | BLOCKRAM.BRAM.RAMB36E2 |
    | tmp_U/ram_reg_bram_6                                     | BLOCKRAM.BRAM.RAMB36E2 |
    | tmp_U/ram_reg_bram_7                                     | BLOCKRAM.BRAM.RAMB36E2 |
    | mul_24s_24s_48_1_1_U1/tmp_product/DSP_A_B_DATA_INST      | ARITHMETIC.DSP.DSP48E2 |
    | mul_24s_24s_48_1_1_U1/tmp_product/DSP_PREADD_DATA_INST   | ARITHMETIC.DSP.DSP48E2 |
    | mul_24s_24s_48_1_1_U1/tmp_product/DSP_MULTIPLIER_INST    | ARITHMETIC.DSP.DSP48E2 |
    | mul_24s_24s_48_1_1_U1/tmp_product/DSP_M_DATA_INST        | ARITHMETIC.DSP.DSP48E2 |
    | mul_24s_24s_48_1_1_U1/tmp_product/DSP_ALU_INST           | ARITHMETIC.DSP.DSP48E2 |
    | mul_24s_24s_48_1_1_U1/tmp_product/DSP_OUTPUT_INST        | ARITHMETIC.DSP.DSP48E2 |
    | mul_24s_24s_48_1_1_U1/tmp_product__0/DSP_ALU_INST        | ARITHMETIC.DSP.DSP48E2 |
    | mul_24s_24s_48_1_1_U1/tmp_product__0/DSP_OUTPUT_INST     | ARITHMETIC.DSP.DSP48E2 |
    | mul_24s_24s_48_1_1_U1/select_ln42_3_reg_1319_reg[15]_i_2 | CLB.CARRY.CARRY8       |
    | mul_24s_24s_48_1_1_U1/select_ln42_3_reg_1319_reg[23]_i_3 | CLB.CARRY.CARRY8       |
    | mul_24s_24s_48_1_1_U1/select_ln42_3_reg_1319[23]_i_1     | CLB.LUT.LUT6           |
    | select_ln42_3_reg_1319_reg[9]                            | REGISTER.SDR.FDSE      |
    | tmp_U/ram_reg_bram_0                                     | BLOCKRAM.BRAM.RAMB36E2 |
    | tmp_U/ram_reg_bram_1                                     | BLOCKRAM.BRAM.RAMB36E2 |
    | tmp_U/ram_reg_bram_2                                     | BLOCKRAM.BRAM.RAMB36E2 |
    | tmp_U/ram_reg_bram_3                                     | BLOCKRAM.BRAM.RAMB36E2 |
    | tmp_U/ram_reg_bram_4                                     | BLOCKRAM.BRAM.RAMB36E2 |
    | tmp_U/ram_reg_bram_5                                     | BLOCKRAM.BRAM.RAMB36E2 |
    | tmp_U/ram_reg_bram_6                                     | BLOCKRAM.BRAM.RAMB36E2 |
    | tmp_U/ram_reg_bram_7                                     | BLOCKRAM.BRAM.RAMB36E2 |
    | mul_24s_24s_48_1_1_U1/tmp_product/DSP_A_B_DATA_INST      | ARITHMETIC.DSP.DSP48E2 |
    | mul_24s_24s_48_1_1_U1/tmp_product/DSP_PREADD_DATA_INST   | ARITHMETIC.DSP.DSP48E2 |
    | mul_24s_24s_48_1_1_U1/tmp_product/DSP_MULTIPLIER_INST    | ARITHMETIC.DSP.DSP48E2 |
    | mul_24s_24s_48_1_1_U1/tmp_product/DSP_M_DATA_INST        | ARITHMETIC.DSP.DSP48E2 |
    | mul_24s_24s_48_1_1_U1/tmp_product/DSP_ALU_INST           | ARITHMETIC.DSP.DSP48E2 |
    | mul_24s_24s_48_1_1_U1/tmp_product/DSP_OUTPUT_INST        | ARITHMETIC.DSP.DSP48E2 |
    | mul_24s_24s_48_1_1_U1/tmp_product__0/DSP_ALU_INST        | ARITHMETIC.DSP.DSP48E2 |
    | mul_24s_24s_48_1_1_U1/tmp_product__0/DSP_OUTPUT_INST     | ARITHMETIC.DSP.DSP48E2 |
    | mul_24s_24s_48_1_1_U1/select_ln42_3_reg_1319_reg[15]_i_2 | CLB.CARRY.CARRY8       |
    | mul_24s_24s_48_1_1_U1/select_ln42_3_reg_1319_reg[23]_i_3 | CLB.CARRY.CARRY8       |
    | mul_24s_24s_48_1_1_U1/select_ln42_3_reg_1319[23]_i_1     | CLB.LUT.LUT6           |
    | select_ln42_3_reg_1319_reg[12]                           | REGISTER.SDR.FDSE      |
    +----------------------------------------------------------+------------------------+

    +----------------------------------------------------------+------------------------+
    | Path4 Cells                                              | Primitive Type         |
    +----------------------------------------------------------+------------------------+
    | tmp_U/ram_reg_bram_0                                     | BLOCKRAM.BRAM.RAMB36E2 |
    | tmp_U/ram_reg_bram_1                                     | BLOCKRAM.BRAM.RAMB36E2 |
    | tmp_U/ram_reg_bram_2                                     | BLOCKRAM.BRAM.RAMB36E2 |
    | tmp_U/ram_reg_bram_3                                     | BLOCKRAM.BRAM.RAMB36E2 |
    | tmp_U/ram_reg_bram_4                                     | BLOCKRAM.BRAM.RAMB36E2 |
    | tmp_U/ram_reg_bram_5                                     | BLOCKRAM.BRAM.RAMB36E2 |
    | tmp_U/ram_reg_bram_6                                     | BLOCKRAM.BRAM.RAMB36E2 |
    | tmp_U/ram_reg_bram_7                                     | BLOCKRAM.BRAM.RAMB36E2 |
    | mul_24s_24s_48_1_1_U1/tmp_product/DSP_A_B_DATA_INST      | ARITHMETIC.DSP.DSP48E2 |
    | mul_24s_24s_48_1_1_U1/tmp_product/DSP_PREADD_DATA_INST   | ARITHMETIC.DSP.DSP48E2 |
    | mul_24s_24s_48_1_1_U1/tmp_product/DSP_MULTIPLIER_INST    | ARITHMETIC.DSP.DSP48E2 |
    | mul_24s_24s_48_1_1_U1/tmp_product/DSP_M_DATA_INST        | ARITHMETIC.DSP.DSP48E2 |
    | mul_24s_24s_48_1_1_U1/tmp_product/DSP_ALU_INST           | ARITHMETIC.DSP.DSP48E2 |
    | mul_24s_24s_48_1_1_U1/tmp_product/DSP_OUTPUT_INST        | ARITHMETIC.DSP.DSP48E2 |
    | mul_24s_24s_48_1_1_U1/tmp_product__0/DSP_ALU_INST        | ARITHMETIC.DSP.DSP48E2 |
    | mul_24s_24s_48_1_1_U1/tmp_product__0/DSP_OUTPUT_INST     | ARITHMETIC.DSP.DSP48E2 |
    | mul_24s_24s_48_1_1_U1/select_ln42_3_reg_1319_reg[15]_i_2 | CLB.CARRY.CARRY8       |
    | mul_24s_24s_48_1_1_U1/select_ln42_3_reg_1319_reg[23]_i_3 | CLB.CARRY.CARRY8       |
    | mul_24s_24s_48_1_1_U1/select_ln42_3_reg_1319[23]_i_1     | CLB.LUT.LUT6           |
    | select_ln42_3_reg_1319_reg[6]                            | REGISTER.SDR.FDSE      |
    | tmp_U/ram_reg_bram_0                                     | BLOCKRAM.BRAM.RAMB36E2 |
    | tmp_U/ram_reg_bram_1                                     | BLOCKRAM.BRAM.RAMB36E2 |
    | tmp_U/ram_reg_bram_2                                     | BLOCKRAM.BRAM.RAMB36E2 |
    | tmp_U/ram_reg_bram_3                                     | BLOCKRAM.BRAM.RAMB36E2 |
    | tmp_U/ram_reg_bram_4                                     | BLOCKRAM.BRAM.RAMB36E2 |
    | tmp_U/ram_reg_bram_5                                     | BLOCKRAM.BRAM.RAMB36E2 |
    | tmp_U/ram_reg_bram_6                                     | BLOCKRAM.BRAM.RAMB36E2 |
    | tmp_U/ram_reg_bram_7                                     | BLOCKRAM.BRAM.RAMB36E2 |
    | mul_24s_24s_48_1_1_U1/tmp_product/DSP_A_B_DATA_INST      | ARITHMETIC.DSP.DSP48E2 |
    | mul_24s_24s_48_1_1_U1/tmp_product/DSP_PREADD_DATA_INST   | ARITHMETIC.DSP.DSP48E2 |
    | mul_24s_24s_48_1_1_U1/tmp_product/DSP_MULTIPLIER_INST    | ARITHMETIC.DSP.DSP48E2 |
    | mul_24s_24s_48_1_1_U1/tmp_product/DSP_M_DATA_INST        | ARITHMETIC.DSP.DSP48E2 |
    | mul_24s_24s_48_1_1_U1/tmp_product/DSP_ALU_INST           | ARITHMETIC.DSP.DSP48E2 |
    | mul_24s_24s_48_1_1_U1/tmp_product/DSP_OUTPUT_INST        | ARITHMETIC.DSP.DSP48E2 |
    | mul_24s_24s_48_1_1_U1/tmp_product__0/DSP_ALU_INST        | ARITHMETIC.DSP.DSP48E2 |
    | mul_24s_24s_48_1_1_U1/tmp_product__0/DSP_OUTPUT_INST     | ARITHMETIC.DSP.DSP48E2 |
    | mul_24s_24s_48_1_1_U1/select_ln42_3_reg_1319_reg[15]_i_2 | CLB.CARRY.CARRY8       |
    | mul_24s_24s_48_1_1_U1/select_ln42_3_reg_1319_reg[23]_i_3 | CLB.CARRY.CARRY8       |
    | mul_24s_24s_48_1_1_U1/select_ln42_3_reg_1319[23]_i_1     | CLB.LUT.LUT6           |
    | select_ln42_3_reg_1319_reg[7]                            | REGISTER.SDR.FDSE      |
    | tmp_U/ram_reg_bram_0                                     | BLOCKRAM.BRAM.RAMB36E2 |
    | tmp_U/ram_reg_bram_1                                     | BLOCKRAM.BRAM.RAMB36E2 |
    | tmp_U/ram_reg_bram_2                                     | BLOCKRAM.BRAM.RAMB36E2 |
    | tmp_U/ram_reg_bram_3                                     | BLOCKRAM.BRAM.RAMB36E2 |
    | tmp_U/ram_reg_bram_4                                     | BLOCKRAM.BRAM.RAMB36E2 |
    | tmp_U/ram_reg_bram_5                                     | BLOCKRAM.BRAM.RAMB36E2 |
    | tmp_U/ram_reg_bram_6                                     | BLOCKRAM.BRAM.RAMB36E2 |
    | tmp_U/ram_reg_bram_7                                     | BLOCKRAM.BRAM.RAMB36E2 |
    | mul_24s_24s_48_1_1_U1/tmp_product/DSP_A_B_DATA_INST      | ARITHMETIC.DSP.DSP48E2 |
    | mul_24s_24s_48_1_1_U1/tmp_product/DSP_PREADD_DATA_INST   | ARITHMETIC.DSP.DSP48E2 |
    | mul_24s_24s_48_1_1_U1/tmp_product/DSP_MULTIPLIER_INST    | ARITHMETIC.DSP.DSP48E2 |
    | mul_24s_24s_48_1_1_U1/tmp_product/DSP_M_DATA_INST        | ARITHMETIC.DSP.DSP48E2 |
    | mul_24s_24s_48_1_1_U1/tmp_product/DSP_ALU_INST           | ARITHMETIC.DSP.DSP48E2 |
    | mul_24s_24s_48_1_1_U1/tmp_product/DSP_OUTPUT_INST        | ARITHMETIC.DSP.DSP48E2 |
    | mul_24s_24s_48_1_1_U1/tmp_product__0/DSP_ALU_INST        | ARITHMETIC.DSP.DSP48E2 |
    | mul_24s_24s_48_1_1_U1/tmp_product__0/DSP_OUTPUT_INST     | ARITHMETIC.DSP.DSP48E2 |
    | mul_24s_24s_48_1_1_U1/select_ln42_3_reg_1319_reg[15]_i_2 | CLB.CARRY.CARRY8       |
    | mul_24s_24s_48_1_1_U1/select_ln42_3_reg_1319_reg[23]_i_3 | CLB.CARRY.CARRY8       |
    | mul_24s_24s_48_1_1_U1/select_ln42_3_reg_1319[23]_i_1     | CLB.LUT.LUT6           |
    | select_ln42_3_reg_1319_reg[8]                            | REGISTER.SDR.FDSE      |
    | tmp_U/ram_reg_bram_0                                     | BLOCKRAM.BRAM.RAMB36E2 |
    | tmp_U/ram_reg_bram_1                                     | BLOCKRAM.BRAM.RAMB36E2 |
    | tmp_U/ram_reg_bram_2                                     | BLOCKRAM.BRAM.RAMB36E2 |
    | tmp_U/ram_reg_bram_3                                     | BLOCKRAM.BRAM.RAMB36E2 |
    | tmp_U/ram_reg_bram_4                                     | BLOCKRAM.BRAM.RAMB36E2 |
    | tmp_U/ram_reg_bram_5                                     | BLOCKRAM.BRAM.RAMB36E2 |
    | tmp_U/ram_reg_bram_6                                     | BLOCKRAM.BRAM.RAMB36E2 |
    | tmp_U/ram_reg_bram_7                                     | BLOCKRAM.BRAM.RAMB36E2 |
    | mul_24s_24s_48_1_1_U1/tmp_product/DSP_A_B_DATA_INST      | ARITHMETIC.DSP.DSP48E2 |
    | mul_24s_24s_48_1_1_U1/tmp_product/DSP_PREADD_DATA_INST   | ARITHMETIC.DSP.DSP48E2 |
    | mul_24s_24s_48_1_1_U1/tmp_product/DSP_MULTIPLIER_INST    | ARITHMETIC.DSP.DSP48E2 |
    | mul_24s_24s_48_1_1_U1/tmp_product/DSP_M_DATA_INST        | ARITHMETIC.DSP.DSP48E2 |
    | mul_24s_24s_48_1_1_U1/tmp_product/DSP_ALU_INST           | ARITHMETIC.DSP.DSP48E2 |
    | mul_24s_24s_48_1_1_U1/tmp_product/DSP_OUTPUT_INST        | ARITHMETIC.DSP.DSP48E2 |
    | mul_24s_24s_48_1_1_U1/tmp_product__0/DSP_ALU_INST        | ARITHMETIC.DSP.DSP48E2 |
    | mul_24s_24s_48_1_1_U1/tmp_product__0/DSP_OUTPUT_INST     | ARITHMETIC.DSP.DSP48E2 |
    | mul_24s_24s_48_1_1_U1/select_ln42_3_reg_1319_reg[15]_i_2 | CLB.CARRY.CARRY8       |
    | mul_24s_24s_48_1_1_U1/select_ln42_3_reg_1319_reg[23]_i_3 | CLB.CARRY.CARRY8       |
    | mul_24s_24s_48_1_1_U1/select_ln42_3_reg_1319[23]_i_1     | CLB.LUT.LUT6           |
    | select_ln42_3_reg_1319_reg[9]                            | REGISTER.SDR.FDSE      |
    | tmp_U/ram_reg_bram_0                                     | BLOCKRAM.BRAM.RAMB36E2 |
    | tmp_U/ram_reg_bram_1                                     | BLOCKRAM.BRAM.RAMB36E2 |
    | tmp_U/ram_reg_bram_2                                     | BLOCKRAM.BRAM.RAMB36E2 |
    | tmp_U/ram_reg_bram_3                                     | BLOCKRAM.BRAM.RAMB36E2 |
    | tmp_U/ram_reg_bram_4                                     | BLOCKRAM.BRAM.RAMB36E2 |
    | tmp_U/ram_reg_bram_5                                     | BLOCKRAM.BRAM.RAMB36E2 |
    | tmp_U/ram_reg_bram_6                                     | BLOCKRAM.BRAM.RAMB36E2 |
    | tmp_U/ram_reg_bram_7                                     | BLOCKRAM.BRAM.RAMB36E2 |
    | mul_24s_24s_48_1_1_U1/tmp_product/DSP_A_B_DATA_INST      | ARITHMETIC.DSP.DSP48E2 |
    | mul_24s_24s_48_1_1_U1/tmp_product/DSP_PREADD_DATA_INST   | ARITHMETIC.DSP.DSP48E2 |
    | mul_24s_24s_48_1_1_U1/tmp_product/DSP_MULTIPLIER_INST    | ARITHMETIC.DSP.DSP48E2 |
    | mul_24s_24s_48_1_1_U1/tmp_product/DSP_M_DATA_INST        | ARITHMETIC.DSP.DSP48E2 |
    | mul_24s_24s_48_1_1_U1/tmp_product/DSP_ALU_INST           | ARITHMETIC.DSP.DSP48E2 |
    | mul_24s_24s_48_1_1_U1/tmp_product/DSP_OUTPUT_INST        | ARITHMETIC.DSP.DSP48E2 |
    | mul_24s_24s_48_1_1_U1/tmp_product__0/DSP_ALU_INST        | ARITHMETIC.DSP.DSP48E2 |
    | mul_24s_24s_48_1_1_U1/tmp_product__0/DSP_OUTPUT_INST     | ARITHMETIC.DSP.DSP48E2 |
    | mul_24s_24s_48_1_1_U1/select_ln42_3_reg_1319_reg[15]_i_2 | CLB.CARRY.CARRY8       |
    | mul_24s_24s_48_1_1_U1/select_ln42_3_reg_1319_reg[23]_i_3 | CLB.CARRY.CARRY8       |
    | mul_24s_24s_48_1_1_U1/select_ln42_3_reg_1319[23]_i_1     | CLB.LUT.LUT6           |
    | select_ln42_3_reg_1319_reg[12]                           | REGISTER.SDR.FDSE      |
    +----------------------------------------------------------+------------------------+

    +----------------------------------------------------------+------------------------+
    | Path5 Cells                                              | Primitive Type         |
    +----------------------------------------------------------+------------------------+
    | tmp_U/ram_reg_bram_0                                     | BLOCKRAM.BRAM.RAMB36E2 |
    | tmp_U/ram_reg_bram_1                                     | BLOCKRAM.BRAM.RAMB36E2 |
    | tmp_U/ram_reg_bram_2                                     | BLOCKRAM.BRAM.RAMB36E2 |
    | tmp_U/ram_reg_bram_3                                     | BLOCKRAM.BRAM.RAMB36E2 |
    | tmp_U/ram_reg_bram_4                                     | BLOCKRAM.BRAM.RAMB36E2 |
    | tmp_U/ram_reg_bram_5                                     | BLOCKRAM.BRAM.RAMB36E2 |
    | tmp_U/ram_reg_bram_6                                     | BLOCKRAM.BRAM.RAMB36E2 |
    | tmp_U/ram_reg_bram_7                                     | BLOCKRAM.BRAM.RAMB36E2 |
    | mul_24s_24s_48_1_1_U1/tmp_product/DSP_A_B_DATA_INST      | ARITHMETIC.DSP.DSP48E2 |
    | mul_24s_24s_48_1_1_U1/tmp_product/DSP_PREADD_DATA_INST   | ARITHMETIC.DSP.DSP48E2 |
    | mul_24s_24s_48_1_1_U1/tmp_product/DSP_MULTIPLIER_INST    | ARITHMETIC.DSP.DSP48E2 |
    | mul_24s_24s_48_1_1_U1/tmp_product/DSP_M_DATA_INST        | ARITHMETIC.DSP.DSP48E2 |
    | mul_24s_24s_48_1_1_U1/tmp_product/DSP_ALU_INST           | ARITHMETIC.DSP.DSP48E2 |
    | mul_24s_24s_48_1_1_U1/tmp_product/DSP_OUTPUT_INST        | ARITHMETIC.DSP.DSP48E2 |
    | mul_24s_24s_48_1_1_U1/tmp_product__0/DSP_ALU_INST        | ARITHMETIC.DSP.DSP48E2 |
    | mul_24s_24s_48_1_1_U1/tmp_product__0/DSP_OUTPUT_INST     | ARITHMETIC.DSP.DSP48E2 |
    | mul_24s_24s_48_1_1_U1/select_ln42_3_reg_1319_reg[15]_i_2 | CLB.CARRY.CARRY8       |
    | mul_24s_24s_48_1_1_U1/select_ln42_3_reg_1319_reg[23]_i_3 | CLB.CARRY.CARRY8       |
    | mul_24s_24s_48_1_1_U1/select_ln42_3_reg_1319[23]_i_1     | CLB.LUT.LUT6           |
    | select_ln42_3_reg_1319_reg[6]                            | REGISTER.SDR.FDSE      |
    | tmp_U/ram_reg_bram_0                                     | BLOCKRAM.BRAM.RAMB36E2 |
    | tmp_U/ram_reg_bram_1                                     | BLOCKRAM.BRAM.RAMB36E2 |
    | tmp_U/ram_reg_bram_2                                     | BLOCKRAM.BRAM.RAMB36E2 |
    | tmp_U/ram_reg_bram_3                                     | BLOCKRAM.BRAM.RAMB36E2 |
    | tmp_U/ram_reg_bram_4                                     | BLOCKRAM.BRAM.RAMB36E2 |
    | tmp_U/ram_reg_bram_5                                     | BLOCKRAM.BRAM.RAMB36E2 |
    | tmp_U/ram_reg_bram_6                                     | BLOCKRAM.BRAM.RAMB36E2 |
    | tmp_U/ram_reg_bram_7                                     | BLOCKRAM.BRAM.RAMB36E2 |
    | mul_24s_24s_48_1_1_U1/tmp_product/DSP_A_B_DATA_INST      | ARITHMETIC.DSP.DSP48E2 |
    | mul_24s_24s_48_1_1_U1/tmp_product/DSP_PREADD_DATA_INST   | ARITHMETIC.DSP.DSP48E2 |
    | mul_24s_24s_48_1_1_U1/tmp_product/DSP_MULTIPLIER_INST    | ARITHMETIC.DSP.DSP48E2 |
    | mul_24s_24s_48_1_1_U1/tmp_product/DSP_M_DATA_INST        | ARITHMETIC.DSP.DSP48E2 |
    | mul_24s_24s_48_1_1_U1/tmp_product/DSP_ALU_INST           | ARITHMETIC.DSP.DSP48E2 |
    | mul_24s_24s_48_1_1_U1/tmp_product/DSP_OUTPUT_INST        | ARITHMETIC.DSP.DSP48E2 |
    | mul_24s_24s_48_1_1_U1/tmp_product__0/DSP_ALU_INST        | ARITHMETIC.DSP.DSP48E2 |
    | mul_24s_24s_48_1_1_U1/tmp_product__0/DSP_OUTPUT_INST     | ARITHMETIC.DSP.DSP48E2 |
    | mul_24s_24s_48_1_1_U1/select_ln42_3_reg_1319_reg[15]_i_2 | CLB.CARRY.CARRY8       |
    | mul_24s_24s_48_1_1_U1/select_ln42_3_reg_1319_reg[23]_i_3 | CLB.CARRY.CARRY8       |
    | mul_24s_24s_48_1_1_U1/select_ln42_3_reg_1319[23]_i_1     | CLB.LUT.LUT6           |
    | select_ln42_3_reg_1319_reg[7]                            | REGISTER.SDR.FDSE      |
    | tmp_U/ram_reg_bram_0                                     | BLOCKRAM.BRAM.RAMB36E2 |
    | tmp_U/ram_reg_bram_1                                     | BLOCKRAM.BRAM.RAMB36E2 |
    | tmp_U/ram_reg_bram_2                                     | BLOCKRAM.BRAM.RAMB36E2 |
    | tmp_U/ram_reg_bram_3                                     | BLOCKRAM.BRAM.RAMB36E2 |
    | tmp_U/ram_reg_bram_4                                     | BLOCKRAM.BRAM.RAMB36E2 |
    | tmp_U/ram_reg_bram_5                                     | BLOCKRAM.BRAM.RAMB36E2 |
    | tmp_U/ram_reg_bram_6                                     | BLOCKRAM.BRAM.RAMB36E2 |
    | tmp_U/ram_reg_bram_7                                     | BLOCKRAM.BRAM.RAMB36E2 |
    | mul_24s_24s_48_1_1_U1/tmp_product/DSP_A_B_DATA_INST      | ARITHMETIC.DSP.DSP48E2 |
    | mul_24s_24s_48_1_1_U1/tmp_product/DSP_PREADD_DATA_INST   | ARITHMETIC.DSP.DSP48E2 |
    | mul_24s_24s_48_1_1_U1/tmp_product/DSP_MULTIPLIER_INST    | ARITHMETIC.DSP.DSP48E2 |
    | mul_24s_24s_48_1_1_U1/tmp_product/DSP_M_DATA_INST        | ARITHMETIC.DSP.DSP48E2 |
    | mul_24s_24s_48_1_1_U1/tmp_product/DSP_ALU_INST           | ARITHMETIC.DSP.DSP48E2 |
    | mul_24s_24s_48_1_1_U1/tmp_product/DSP_OUTPUT_INST        | ARITHMETIC.DSP.DSP48E2 |
    | mul_24s_24s_48_1_1_U1/tmp_product__0/DSP_ALU_INST        | ARITHMETIC.DSP.DSP48E2 |
    | mul_24s_24s_48_1_1_U1/tmp_product__0/DSP_OUTPUT_INST     | ARITHMETIC.DSP.DSP48E2 |
    | mul_24s_24s_48_1_1_U1/select_ln42_3_reg_1319_reg[15]_i_2 | CLB.CARRY.CARRY8       |
    | mul_24s_24s_48_1_1_U1/select_ln42_3_reg_1319_reg[23]_i_3 | CLB.CARRY.CARRY8       |
    | mul_24s_24s_48_1_1_U1/select_ln42_3_reg_1319[23]_i_1     | CLB.LUT.LUT6           |
    | select_ln42_3_reg_1319_reg[8]                            | REGISTER.SDR.FDSE      |
    | tmp_U/ram_reg_bram_0                                     | BLOCKRAM.BRAM.RAMB36E2 |
    | tmp_U/ram_reg_bram_1                                     | BLOCKRAM.BRAM.RAMB36E2 |
    | tmp_U/ram_reg_bram_2                                     | BLOCKRAM.BRAM.RAMB36E2 |
    | tmp_U/ram_reg_bram_3                                     | BLOCKRAM.BRAM.RAMB36E2 |
    | tmp_U/ram_reg_bram_4                                     | BLOCKRAM.BRAM.RAMB36E2 |
    | tmp_U/ram_reg_bram_5                                     | BLOCKRAM.BRAM.RAMB36E2 |
    | tmp_U/ram_reg_bram_6                                     | BLOCKRAM.BRAM.RAMB36E2 |
    | tmp_U/ram_reg_bram_7                                     | BLOCKRAM.BRAM.RAMB36E2 |
    | mul_24s_24s_48_1_1_U1/tmp_product/DSP_A_B_DATA_INST      | ARITHMETIC.DSP.DSP48E2 |
    | mul_24s_24s_48_1_1_U1/tmp_product/DSP_PREADD_DATA_INST   | ARITHMETIC.DSP.DSP48E2 |
    | mul_24s_24s_48_1_1_U1/tmp_product/DSP_MULTIPLIER_INST    | ARITHMETIC.DSP.DSP48E2 |
    | mul_24s_24s_48_1_1_U1/tmp_product/DSP_M_DATA_INST        | ARITHMETIC.DSP.DSP48E2 |
    | mul_24s_24s_48_1_1_U1/tmp_product/DSP_ALU_INST           | ARITHMETIC.DSP.DSP48E2 |
    | mul_24s_24s_48_1_1_U1/tmp_product/DSP_OUTPUT_INST        | ARITHMETIC.DSP.DSP48E2 |
    | mul_24s_24s_48_1_1_U1/tmp_product__0/DSP_ALU_INST        | ARITHMETIC.DSP.DSP48E2 |
    | mul_24s_24s_48_1_1_U1/tmp_product__0/DSP_OUTPUT_INST     | ARITHMETIC.DSP.DSP48E2 |
    | mul_24s_24s_48_1_1_U1/select_ln42_3_reg_1319_reg[15]_i_2 | CLB.CARRY.CARRY8       |
    | mul_24s_24s_48_1_1_U1/select_ln42_3_reg_1319_reg[23]_i_3 | CLB.CARRY.CARRY8       |
    | mul_24s_24s_48_1_1_U1/select_ln42_3_reg_1319[23]_i_1     | CLB.LUT.LUT6           |
    | select_ln42_3_reg_1319_reg[9]                            | REGISTER.SDR.FDSE      |
    | tmp_U/ram_reg_bram_0                                     | BLOCKRAM.BRAM.RAMB36E2 |
    | tmp_U/ram_reg_bram_1                                     | BLOCKRAM.BRAM.RAMB36E2 |
    | tmp_U/ram_reg_bram_2                                     | BLOCKRAM.BRAM.RAMB36E2 |
    | tmp_U/ram_reg_bram_3                                     | BLOCKRAM.BRAM.RAMB36E2 |
    | tmp_U/ram_reg_bram_4                                     | BLOCKRAM.BRAM.RAMB36E2 |
    | tmp_U/ram_reg_bram_5                                     | BLOCKRAM.BRAM.RAMB36E2 |
    | tmp_U/ram_reg_bram_6                                     | BLOCKRAM.BRAM.RAMB36E2 |
    | tmp_U/ram_reg_bram_7                                     | BLOCKRAM.BRAM.RAMB36E2 |
    | mul_24s_24s_48_1_1_U1/tmp_product/DSP_A_B_DATA_INST      | ARITHMETIC.DSP.DSP48E2 |
    | mul_24s_24s_48_1_1_U1/tmp_product/DSP_PREADD_DATA_INST   | ARITHMETIC.DSP.DSP48E2 |
    | mul_24s_24s_48_1_1_U1/tmp_product/DSP_MULTIPLIER_INST    | ARITHMETIC.DSP.DSP48E2 |
    | mul_24s_24s_48_1_1_U1/tmp_product/DSP_M_DATA_INST        | ARITHMETIC.DSP.DSP48E2 |
    | mul_24s_24s_48_1_1_U1/tmp_product/DSP_ALU_INST           | ARITHMETIC.DSP.DSP48E2 |
    | mul_24s_24s_48_1_1_U1/tmp_product/DSP_OUTPUT_INST        | ARITHMETIC.DSP.DSP48E2 |
    | mul_24s_24s_48_1_1_U1/tmp_product__0/DSP_ALU_INST        | ARITHMETIC.DSP.DSP48E2 |
    | mul_24s_24s_48_1_1_U1/tmp_product__0/DSP_OUTPUT_INST     | ARITHMETIC.DSP.DSP48E2 |
    | mul_24s_24s_48_1_1_U1/select_ln42_3_reg_1319_reg[15]_i_2 | CLB.CARRY.CARRY8       |
    | mul_24s_24s_48_1_1_U1/select_ln42_3_reg_1319_reg[23]_i_3 | CLB.CARRY.CARRY8       |
    | mul_24s_24s_48_1_1_U1/select_ln42_3_reg_1319[23]_i_1     | CLB.LUT.LUT6           |
    | select_ln42_3_reg_1319_reg[12]                           | REGISTER.SDR.FDSE      |
    +----------------------------------------------------------+------------------------+


================================================================
== Place & Route Vivado Reports
================================================================
+--------------------------+--------------------------------------------------------------------+
| Report Type              | Report Location                                                    |
+--------------------------+--------------------------------------------------------------------+
| design_analysis          | impl/verilog/report/top_kernel_design_analysis_routed.rpt          |
| failfast                 | impl/verilog/report/top_kernel_failfast_routed.rpt                 |
| power                    | impl/verilog/report/top_kernel_power_routed.rpt                    |
| status                   | impl/verilog/report/top_kernel_status_routed.rpt                   |
| timing                   | impl/verilog/report/top_kernel_timing_routed.rpt                   |
| timing_paths             | impl/verilog/report/top_kernel_timing_paths_routed.rpt             |
| utilization              | impl/verilog/report/top_kernel_utilization_routed.rpt              |
| utilization_hierarchical | impl/verilog/report/top_kernel_utilization_hierarchical_routed.rpt |
+--------------------------+--------------------------------------------------------------------+


