Thu Jan 29 12:03:49 2026: Running xcd server. This server was built by gradle.
Thu Jan 29 12:03:49 2026: Server was asked to start on port: '43281'
Thu Jan 29 12:03:49 2026: Server is using token UUID: '6693e191-74d3-4cff-b90b-8c1e33ab8f92'
Thu Jan 29 12:03:49 2026: SESSION_MGR: creating session with session uuid: '6d04a3e9-ade5-4ab9-8d63-1f78fcd2ec76' and name 'default'
Thu Jan 29 12:03:49 2026: Attempting to start server on port '43281'
Thu Jan 29 12:03:49 2026: XCD main fifo: created main fifo '/tmp/xcdmain6693e191-74d3-4cff-b90b-8c1e33ab8f92', fd read = 15
Thu Jan 29 12:03:49 2026: Running Dispatch Server
Thu Jan 29 12:03:49 2026: Version 2.2.0
Thu Jan 29 12:03:53 2026: Dispatch Server: Accepted socket connection from client
Thu Jan 29 12:03:53 2026: Starting Socket connection
Thu Jan 29 12:03:53 2026: EXCHANGE_TOKEN received, server token: 6693e191-74d3-4cff-b90b-8c1e33ab8f92, passed token: 6693e191-74d3-4cff-b90b-8c1e33ab8f92
Thu Jan 29 12:03:53 2026: SESSION_MGR: creating session with session uuid: '4345b25e-1cbc-4947-9cf2-1365cd35b512' and name 'vitis_hls'
Thu Jan 29 12:03:53 2026: KERNEL_SVC: creating session with uuid: '4345b25e-1cbc-4947-9cf2-1365cd35b512' and name 'vitis_hls'
Thu Jan 29 12:03:53 2026: GUIDANCE_SMGR: creating guidance session with uuid: '4345b25e-1cbc-4947-9cf2-1365cd35b512' and name 'vitis_hls'
Thu Jan 29 12:04:14 2026: Running xcd server. This server was built by gradle.
Thu Jan 29 12:04:14 2026: Server was asked to start on port: '42539'
Thu Jan 29 12:04:14 2026: Server is using token UUID: '8b0bb9c2-3e4e-4cc6-9b70-1f7ff595bf58'
Thu Jan 29 12:04:14 2026: SESSION_MGR: creating session with session uuid: '6d04a3e9-ade5-4ab9-8d63-1f78fcd2ec76' and name 'default'
Thu Jan 29 12:04:14 2026: Attempting to start server on port '42539'
Thu Jan 29 12:04:14 2026: XCD main fifo: created main fifo '/tmp/xcdmain8b0bb9c2-3e4e-4cc6-9b70-1f7ff595bf58', fd read = 15
Thu Jan 29 12:04:14 2026: Running Dispatch Server
Thu Jan 29 12:04:14 2026: Version 2.2.0
Thu Jan 29 12:04:18 2026: Dispatch Server: Accepted socket connection from client
Thu Jan 29 12:04:18 2026: Starting Socket connection
Thu Jan 29 12:04:18 2026: EXCHANGE_TOKEN received, server token: 8b0bb9c2-3e4e-4cc6-9b70-1f7ff595bf58, passed token: 8b0bb9c2-3e4e-4cc6-9b70-1f7ff595bf58
Thu Jan 29 12:04:18 2026: SESSION_MGR: creating session with session uuid: '1498c091-4766-4986-af96-12b0100a7b7c' and name 'vitis_hls'
Thu Jan 29 12:04:18 2026: KERNEL_SVC: creating session with uuid: '1498c091-4766-4986-af96-12b0100a7b7c' and name 'vitis_hls'
Thu Jan 29 12:04:18 2026: GUIDANCE_SMGR: creating guidance session with uuid: '1498c091-4766-4986-af96-12b0100a7b7c' and name 'vitis_hls'
Thu Jan 29 12:04:18 2026: STOP_SERVER received, server token: 6693e191-74d3-4cff-b90b-8c1e33ab8f92, passed token: 6693e191-74d3-4cff-b90b-8c1e33ab8f92
Thu Jan 29 12:04:18 2026: Socket received request to stop server.
Thu Jan 29 12:04:18 2026: Dispatch Server: do_await_stop
Thu Jan 29 12:04:18 2026: Dispatch Server: stopping mainFifo_
Thu Jan 29 12:04:18 2026: XCD main fifo: Stopping
Thu Jan 29 12:04:18 2026: XCD main fifo: do_read error code: Operation canceled
Thu Jan 29 12:04:18 2026: XCD main fifo: bytes_transferred: 0
Thu Jan 29 12:04:18 2026: SERVER: destructor for server bound to port 43281
Thu Jan 29 12:04:18 2026: XCD main fifo: Good unlink of /tmp/xcdmain6693e191-74d3-4cff-b90b-8c1e33ab8f92
Thu Jan 29 12:04:18 2026: Server exiting with status 0.
Thu Jan 29 12:04:18 2026: Closing log file.
Thu Jan 29 12:05:25 2026: Running xcd server. This server was built by gradle.
Thu Jan 29 12:05:25 2026: Server was asked to start on port: '33047'
Thu Jan 29 12:05:25 2026: Server is using token UUID: '56652fde-1bcf-475a-81b3-b90622ce23f7'
Thu Jan 29 12:05:25 2026: SESSION_MGR: creating session with session uuid: '6d04a3e9-ade5-4ab9-8d63-1f78fcd2ec76' and name 'default'
Thu Jan 29 12:05:25 2026: Attempting to start server on port '33047'
Thu Jan 29 12:05:25 2026: XCD main fifo: created main fifo '/tmp/xcdmain56652fde-1bcf-475a-81b3-b90622ce23f7', fd read = 15
Thu Jan 29 12:05:25 2026: Running Dispatch Server
Thu Jan 29 12:05:25 2026: Version 2.2.0
Thu Jan 29 12:05:29 2026: Dispatch Server: Accepted socket connection from client
Thu Jan 29 12:05:29 2026: Starting Socket connection
Thu Jan 29 12:05:29 2026: EXCHANGE_TOKEN received, server token: 56652fde-1bcf-475a-81b3-b90622ce23f7, passed token: 56652fde-1bcf-475a-81b3-b90622ce23f7
Thu Jan 29 12:05:29 2026: SESSION_MGR: creating session with session uuid: 'b009215a-d852-43fd-9df6-17132c4f0332' and name 'vitis_hls'
Thu Jan 29 12:05:29 2026: KERNEL_SVC: creating session with uuid: 'b009215a-d852-43fd-9df6-17132c4f0332' and name 'vitis_hls'
Thu Jan 29 12:05:29 2026: GUIDANCE_SMGR: creating guidance session with uuid: 'b009215a-d852-43fd-9df6-17132c4f0332' and name 'vitis_hls'
Thu Jan 29 12:05:29 2026: STOP_SERVER received, server token: 8b0bb9c2-3e4e-4cc6-9b70-1f7ff595bf58, passed token: 8b0bb9c2-3e4e-4cc6-9b70-1f7ff595bf58
Thu Jan 29 12:05:29 2026: Socket received request to stop server.
Thu Jan 29 12:05:29 2026: Dispatch Server: do_await_stop
Thu Jan 29 12:05:29 2026: Dispatch Server: stopping mainFifo_
Thu Jan 29 12:05:29 2026: XCD main fifo: Stopping
Thu Jan 29 12:05:29 2026: XCD main fifo: do_read error code: Operation canceled
Thu Jan 29 12:05:29 2026: XCD main fifo: bytes_transferred: 0
Thu Jan 29 12:05:29 2026: SERVER: destructor for server bound to port 42539
Thu Jan 29 12:05:29 2026: XCD main fifo: Good unlink of /tmp/xcdmain8b0bb9c2-3e4e-4cc6-9b70-1f7ff595bf58
Thu Jan 29 12:05:29 2026: Server exiting with status 0.
Thu Jan 29 12:05:29 2026: Closing log file.
Thu Jan 29 12:06:45 2026: Dispatch Server: Accepted socket connection from client
Thu Jan 29 12:06:45 2026: Starting Socket connection
Thu Jan 29 12:08:26 2026: Dispatch Server: Accepted socket connection from client
Thu Jan 29 12:08:26 2026: Starting Socket connection
Thu Jan 29 12:11:09 2026: Dispatch Server: Accepted socket connection from client
Thu Jan 29 12:11:09 2026: Starting Socket connection
Thu Jan 29 12:14:35 2026: STOP_SERVER received, server token: 56652fde-1bcf-475a-81b3-b90622ce23f7, passed token: 56652fde-1bcf-475a-81b3-b90622ce23f7
Thu Jan 29 12:14:35 2026: Socket received request to stop server.
Thu Jan 29 12:14:35 2026: Dispatch Server: do_await_stop
Thu Jan 29 12:14:35 2026: Dispatch Server: stopping mainFifo_
Thu Jan 29 12:14:35 2026: XCD main fifo: Stopping
Thu Jan 29 12:14:35 2026: XCD main fifo: do_read error code: Operation canceled
Thu Jan 29 12:14:35 2026: XCD main fifo: bytes_transferred: 0
Thu Jan 29 12:14:35 2026: SERVER: destructor for server bound to port 33047
Thu Jan 29 12:14:35 2026: XCD main fifo: Good unlink of /tmp/xcdmain56652fde-1bcf-475a-81b3-b90622ce23f7
Thu Jan 29 12:14:35 2026: Server exiting with status 0.
Thu Jan 29 12:14:35 2026: Closing log file.
Thu Jan 29 13:56:48 2026: Running xcd server. This server was built by gradle.
Thu Jan 29 13:56:48 2026: Server was asked to start on port: '39193'
Thu Jan 29 13:56:48 2026: Server is using token UUID: 'f97983bc-c848-4fda-ab44-71a19573eccc'
Thu Jan 29 13:56:48 2026: SESSION_MGR: creating session with session uuid: '6d04a3e9-ade5-4ab9-8d63-1f78fcd2ec76' and name 'default'
Thu Jan 29 13:56:48 2026: Attempting to start server on port '39193'
Thu Jan 29 13:56:48 2026: XCD main fifo: created main fifo '/tmp/xcdmainf97983bc-c848-4fda-ab44-71a19573eccc', fd read = 15
Thu Jan 29 13:56:48 2026: Running Dispatch Server
Thu Jan 29 13:56:48 2026: Version 2.2.0
Thu Jan 29 13:56:50 2026: Dispatch Server: Accepted socket connection from client
Thu Jan 29 13:56:50 2026: Starting Socket connection
Thu Jan 29 13:56:50 2026: EXCHANGE_TOKEN received, server token: f97983bc-c848-4fda-ab44-71a19573eccc, passed token: f97983bc-c848-4fda-ab44-71a19573eccc
Thu Jan 29 13:56:50 2026: SESSION_MGR: creating session with session uuid: '06ca8f6c-067b-47aa-be66-2ef5e4647b3a' and name 'vitis_hls'
Thu Jan 29 13:56:50 2026: KERNEL_SVC: creating session with uuid: '06ca8f6c-067b-47aa-be66-2ef5e4647b3a' and name 'vitis_hls'
Thu Jan 29 13:56:50 2026: GUIDANCE_SMGR: creating guidance session with uuid: '06ca8f6c-067b-47aa-be66-2ef5e4647b3a' and name 'vitis_hls'
Thu Jan 29 13:57:12 2026: Running xcd server. This server was built by gradle.
Thu Jan 29 13:57:12 2026: Server was asked to start on port: '40663'
Thu Jan 29 13:57:12 2026: Server is using token UUID: 'f068fd66-c8b8-4234-acd5-d73b8a6bcfd6'
Thu Jan 29 13:57:12 2026: SESSION_MGR: creating session with session uuid: '6d04a3e9-ade5-4ab9-8d63-1f78fcd2ec76' and name 'default'
Thu Jan 29 13:57:12 2026: Attempting to start server on port '40663'
Thu Jan 29 13:57:12 2026: XCD main fifo: created main fifo '/tmp/xcdmainf068fd66-c8b8-4234-acd5-d73b8a6bcfd6', fd read = 15
Thu Jan 29 13:57:12 2026: Running Dispatch Server
Thu Jan 29 13:57:12 2026: Version 2.2.0
Thu Jan 29 13:57:16 2026: Dispatch Server: Accepted socket connection from client
Thu Jan 29 13:57:16 2026: Starting Socket connection
Thu Jan 29 13:57:16 2026: EXCHANGE_TOKEN received, server token: f068fd66-c8b8-4234-acd5-d73b8a6bcfd6, passed token: f068fd66-c8b8-4234-acd5-d73b8a6bcfd6
Thu Jan 29 13:57:16 2026: SESSION_MGR: creating session with session uuid: '8fd150b4-92d6-43c2-9753-83036d254643' and name 'vitis_hls'
Thu Jan 29 13:57:16 2026: KERNEL_SVC: creating session with uuid: '8fd150b4-92d6-43c2-9753-83036d254643' and name 'vitis_hls'
Thu Jan 29 13:57:16 2026: GUIDANCE_SMGR: creating guidance session with uuid: '8fd150b4-92d6-43c2-9753-83036d254643' and name 'vitis_hls'
Thu Jan 29 13:57:16 2026: STOP_SERVER received, server token: f97983bc-c848-4fda-ab44-71a19573eccc, passed token: f97983bc-c848-4fda-ab44-71a19573eccc
Thu Jan 29 13:57:16 2026: Socket received request to stop server.
Thu Jan 29 13:57:16 2026: Dispatch Server: do_await_stop
Thu Jan 29 13:57:16 2026: Dispatch Server: stopping mainFifo_
Thu Jan 29 13:57:16 2026: XCD main fifo: Stopping
Thu Jan 29 13:57:16 2026: XCD main fifo: do_read error code: Operation canceled
Thu Jan 29 13:57:16 2026: XCD main fifo: bytes_transferred: 0
Thu Jan 29 13:57:16 2026: SERVER: destructor for server bound to port 39193
Thu Jan 29 13:57:16 2026: XCD main fifo: Good unlink of /tmp/xcdmainf97983bc-c848-4fda-ab44-71a19573eccc
Thu Jan 29 13:57:16 2026: Server exiting with status 0.
Thu Jan 29 13:57:16 2026: Closing log file.
Thu Jan 29 13:58:23 2026: Running xcd server. This server was built by gradle.
Thu Jan 29 13:58:23 2026: Server was asked to start on port: '35829'
Thu Jan 29 13:58:23 2026: Server is using token UUID: '3f3b0802-4156-4c54-90a1-3bc398b3faa8'
Thu Jan 29 13:58:23 2026: SESSION_MGR: creating session with session uuid: '6d04a3e9-ade5-4ab9-8d63-1f78fcd2ec76' and name 'default'
Thu Jan 29 13:58:23 2026: Attempting to start server on port '35829'
Thu Jan 29 13:58:23 2026: XCD main fifo: created main fifo '/tmp/xcdmain3f3b0802-4156-4c54-90a1-3bc398b3faa8', fd read = 15
Thu Jan 29 13:58:23 2026: Running Dispatch Server
Thu Jan 29 13:58:23 2026: Version 2.2.0
Thu Jan 29 13:58:25 2026: Dispatch Server: Accepted socket connection from client
Thu Jan 29 13:58:25 2026: Starting Socket connection
Thu Jan 29 13:58:25 2026: EXCHANGE_TOKEN received, server token: 3f3b0802-4156-4c54-90a1-3bc398b3faa8, passed token: 3f3b0802-4156-4c54-90a1-3bc398b3faa8
Thu Jan 29 13:58:25 2026: SESSION_MGR: creating session with session uuid: '8300acbe-f6c0-479d-ac79-0c22346d249e' and name 'vitis_hls'
Thu Jan 29 13:58:25 2026: KERNEL_SVC: creating session with uuid: '8300acbe-f6c0-479d-ac79-0c22346d249e' and name 'vitis_hls'
Thu Jan 29 13:58:25 2026: GUIDANCE_SMGR: creating guidance session with uuid: '8300acbe-f6c0-479d-ac79-0c22346d249e' and name 'vitis_hls'
Thu Jan 29 13:58:25 2026: STOP_SERVER received, server token: f068fd66-c8b8-4234-acd5-d73b8a6bcfd6, passed token: f068fd66-c8b8-4234-acd5-d73b8a6bcfd6
Thu Jan 29 13:58:25 2026: Socket received request to stop server.
Thu Jan 29 13:58:25 2026: Dispatch Server: do_await_stop
Thu Jan 29 13:58:25 2026: Dispatch Server: stopping mainFifo_
Thu Jan 29 13:58:25 2026: XCD main fifo: Stopping
Thu Jan 29 13:58:25 2026: XCD main fifo: do_read error code: Operation canceled
Thu Jan 29 13:58:25 2026: XCD main fifo: bytes_transferred: 0
Thu Jan 29 13:58:25 2026: SERVER: destructor for server bound to port 40663
Thu Jan 29 13:58:25 2026: XCD main fifo: Good unlink of /tmp/xcdmainf068fd66-c8b8-4234-acd5-d73b8a6bcfd6
Thu Jan 29 13:58:25 2026: Server exiting with status 0.
Thu Jan 29 13:58:25 2026: Closing log file.
Thu Jan 29 13:59:40 2026: Dispatch Server: Accepted socket connection from client
Thu Jan 29 13:59:40 2026: Starting Socket connection
Thu Jan 29 14:01:26 2026: Dispatch Server: Accepted socket connection from client
Thu Jan 29 14:01:26 2026: Starting Socket connection
Thu Jan 29 14:04:07 2026: Dispatch Server: Accepted socket connection from client
Thu Jan 29 14:04:07 2026: Starting Socket connection
Thu Jan 29 14:07:28 2026: STOP_SERVER received, server token: 3f3b0802-4156-4c54-90a1-3bc398b3faa8, passed token: 3f3b0802-4156-4c54-90a1-3bc398b3faa8
Thu Jan 29 14:07:28 2026: Socket received request to stop server.
Thu Jan 29 14:07:28 2026: Dispatch Server: do_await_stop
Thu Jan 29 14:07:28 2026: Dispatch Server: stopping mainFifo_
Thu Jan 29 14:07:28 2026: XCD main fifo: Stopping
Thu Jan 29 14:07:28 2026: XCD main fifo: do_read error code: Operation canceled
Thu Jan 29 14:07:28 2026: XCD main fifo: bytes_transferred: 0
Thu Jan 29 14:07:28 2026: SERVER: destructor for server bound to port 35829
Thu Jan 29 14:07:28 2026: XCD main fifo: Good unlink of /tmp/xcdmain3f3b0802-4156-4c54-90a1-3bc398b3faa8
Thu Jan 29 14:07:28 2026: Server exiting with status 0.
Thu Jan 29 14:07:28 2026: Closing log file.
Thu Jan 29 14:27:34 2026: Running xcd server. This server was built by gradle.
Thu Jan 29 14:27:34 2026: Server was asked to start on port: '33845'
Thu Jan 29 14:27:34 2026: Server is using token UUID: 'db5cdd03-1492-4700-ba35-d8af9c1520be'
Thu Jan 29 14:27:34 2026: SESSION_MGR: creating session with session uuid: '6d04a3e9-ade5-4ab9-8d63-1f78fcd2ec76' and name 'default'
Thu Jan 29 14:27:34 2026: Attempting to start server on port '33845'
Thu Jan 29 14:27:34 2026: XCD main fifo: created main fifo '/tmp/xcdmaindb5cdd03-1492-4700-ba35-d8af9c1520be', fd read = 15
Thu Jan 29 14:27:34 2026: Running Dispatch Server
Thu Jan 29 14:27:34 2026: Version 2.2.0
Thu Jan 29 14:27:36 2026: Dispatch Server: Accepted socket connection from client
Thu Jan 29 14:27:36 2026: Starting Socket connection
Thu Jan 29 14:27:36 2026: EXCHANGE_TOKEN received, server token: db5cdd03-1492-4700-ba35-d8af9c1520be, passed token: db5cdd03-1492-4700-ba35-d8af9c1520be
Thu Jan 29 14:27:36 2026: SESSION_MGR: creating session with session uuid: '1a0dbab9-bab3-452d-a18e-be790bdb80e7' and name 'vitis_hls'
Thu Jan 29 14:27:36 2026: KERNEL_SVC: creating session with uuid: '1a0dbab9-bab3-452d-a18e-be790bdb80e7' and name 'vitis_hls'
Thu Jan 29 14:27:36 2026: GUIDANCE_SMGR: creating guidance session with uuid: '1a0dbab9-bab3-452d-a18e-be790bdb80e7' and name 'vitis_hls'
Thu Jan 29 14:28:11 2026: Running xcd server. This server was built by gradle.
Thu Jan 29 14:28:11 2026: Server was asked to start on port: '35429'
Thu Jan 29 14:28:11 2026: Server is using token UUID: '475f6d26-7690-4971-bf19-47c5035e18e7'
Thu Jan 29 14:28:11 2026: SESSION_MGR: creating session with session uuid: '6d04a3e9-ade5-4ab9-8d63-1f78fcd2ec76' and name 'default'
Thu Jan 29 14:28:11 2026: Attempting to start server on port '35429'
Thu Jan 29 14:28:11 2026: XCD main fifo: created main fifo '/tmp/xcdmain475f6d26-7690-4971-bf19-47c5035e18e7', fd read = 15
Thu Jan 29 14:28:11 2026: Running Dispatch Server
Thu Jan 29 14:28:11 2026: Version 2.2.0
Thu Jan 29 14:28:15 2026: Dispatch Server: Accepted socket connection from client
Thu Jan 29 14:28:15 2026: Starting Socket connection
Thu Jan 29 14:28:15 2026: EXCHANGE_TOKEN received, server token: 475f6d26-7690-4971-bf19-47c5035e18e7, passed token: 475f6d26-7690-4971-bf19-47c5035e18e7
Thu Jan 29 14:28:15 2026: SESSION_MGR: creating session with session uuid: '918a5af9-8794-48f3-8caf-a8b207b3b6a5' and name 'vitis_hls'
Thu Jan 29 14:28:15 2026: KERNEL_SVC: creating session with uuid: '918a5af9-8794-48f3-8caf-a8b207b3b6a5' and name 'vitis_hls'
Thu Jan 29 14:28:15 2026: GUIDANCE_SMGR: creating guidance session with uuid: '918a5af9-8794-48f3-8caf-a8b207b3b6a5' and name 'vitis_hls'
Thu Jan 29 14:28:15 2026: STOP_SERVER received, server token: db5cdd03-1492-4700-ba35-d8af9c1520be, passed token: db5cdd03-1492-4700-ba35-d8af9c1520be
Thu Jan 29 14:28:15 2026: Socket received request to stop server.
Thu Jan 29 14:28:15 2026: Dispatch Server: do_await_stop
Thu Jan 29 14:28:15 2026: Dispatch Server: stopping mainFifo_
Thu Jan 29 14:28:15 2026: XCD main fifo: Stopping
Thu Jan 29 14:28:15 2026: XCD main fifo: do_read error code: Operation canceled
Thu Jan 29 14:28:15 2026: XCD main fifo: bytes_transferred: 0
Thu Jan 29 14:28:15 2026: SERVER: destructor for server bound to port 33845
Thu Jan 29 14:28:15 2026: XCD main fifo: Good unlink of /tmp/xcdmaindb5cdd03-1492-4700-ba35-d8af9c1520be
Thu Jan 29 14:28:15 2026: Server exiting with status 0.
Thu Jan 29 14:28:15 2026: Closing log file.
Thu Jan 29 14:29:39 2026: Running xcd server. This server was built by gradle.
Thu Jan 29 14:29:39 2026: Server was asked to start on port: '42331'
Thu Jan 29 14:29:39 2026: Server is using token UUID: '45779cf7-3fb2-4c17-b42d-b678333ae6f5'
Thu Jan 29 14:29:39 2026: SESSION_MGR: creating session with session uuid: '6d04a3e9-ade5-4ab9-8d63-1f78fcd2ec76' and name 'default'
Thu Jan 29 14:29:39 2026: Attempting to start server on port '42331'
Thu Jan 29 14:29:39 2026: XCD main fifo: created main fifo '/tmp/xcdmain45779cf7-3fb2-4c17-b42d-b678333ae6f5', fd read = 15
Thu Jan 29 14:29:39 2026: Running Dispatch Server
Thu Jan 29 14:29:39 2026: Version 2.2.0
Thu Jan 29 14:29:41 2026: Dispatch Server: Accepted socket connection from client
Thu Jan 29 14:29:41 2026: Starting Socket connection
Thu Jan 29 14:29:41 2026: EXCHANGE_TOKEN received, server token: 45779cf7-3fb2-4c17-b42d-b678333ae6f5, passed token: 45779cf7-3fb2-4c17-b42d-b678333ae6f5
Thu Jan 29 14:29:41 2026: SESSION_MGR: creating session with session uuid: '45c014d5-434e-4f08-aaac-470ed9fc6504' and name 'vitis_hls'
Thu Jan 29 14:29:42 2026: KERNEL_SVC: creating session with uuid: '45c014d5-434e-4f08-aaac-470ed9fc6504' and name 'vitis_hls'
Thu Jan 29 14:29:42 2026: GUIDANCE_SMGR: creating guidance session with uuid: '45c014d5-434e-4f08-aaac-470ed9fc6504' and name 'vitis_hls'
Thu Jan 29 14:29:42 2026: STOP_SERVER received, server token: 475f6d26-7690-4971-bf19-47c5035e18e7, passed token: 475f6d26-7690-4971-bf19-47c5035e18e7
Thu Jan 29 14:29:42 2026: Socket received request to stop server.
Thu Jan 29 14:29:42 2026: Dispatch Server: do_await_stop
Thu Jan 29 14:29:42 2026: Dispatch Server: stopping mainFifo_
Thu Jan 29 14:29:42 2026: XCD main fifo: Stopping
Thu Jan 29 14:29:42 2026: XCD main fifo: do_read error code: Operation canceled
Thu Jan 29 14:29:42 2026: XCD main fifo: bytes_transferred: 0
Thu Jan 29 14:29:42 2026: SERVER: destructor for server bound to port 35429
Thu Jan 29 14:29:42 2026: XCD main fifo: Good unlink of /tmp/xcdmain475f6d26-7690-4971-bf19-47c5035e18e7
Thu Jan 29 14:29:42 2026: Server exiting with status 0.
Thu Jan 29 14:29:42 2026: Closing log file.
Thu Jan 29 14:31:10 2026: Dispatch Server: Accepted socket connection from client
Thu Jan 29 14:31:10 2026: Starting Socket connection
Thu Jan 29 14:33:02 2026: Dispatch Server: Accepted socket connection from client
Thu Jan 29 14:33:02 2026: Starting Socket connection
Thu Jan 29 14:35:50 2026: Dispatch Server: Accepted socket connection from client
Thu Jan 29 14:35:50 2026: Starting Socket connection
Thu Jan 29 14:39:23 2026: STOP_SERVER received, server token: 45779cf7-3fb2-4c17-b42d-b678333ae6f5, passed token: 45779cf7-3fb2-4c17-b42d-b678333ae6f5
Thu Jan 29 14:39:23 2026: Socket received request to stop server.
Thu Jan 29 14:39:23 2026: Dispatch Server: do_await_stop
Thu Jan 29 14:39:23 2026: Dispatch Server: stopping mainFifo_
Thu Jan 29 14:39:23 2026: XCD main fifo: Stopping
Thu Jan 29 14:39:23 2026: XCD main fifo: do_read error code: Operation canceled
Thu Jan 29 14:39:23 2026: XCD main fifo: bytes_transferred: 0
Thu Jan 29 14:39:23 2026: SERVER: destructor for server bound to port 42331
Thu Jan 29 14:39:23 2026: XCD main fifo: Good unlink of /tmp/xcdmain45779cf7-3fb2-4c17-b42d-b678333ae6f5
Thu Jan 29 14:39:23 2026: Server exiting with status 0.
Thu Jan 29 14:39:23 2026: Closing log file.
