TEST PASSED!!
Vivado Simulator v2025.1.1
Copyright 1986-2022 Xilinx, Inc. All Rights Reserved.
Copyright 2022-2025 Advanced Micro Devices, Inc. All Rights Reserved.
Running: /tools/software/xilinx/2025.1.1/Vivado/bin/unwrapped/lnx64.o/xelab xil_defaultlib.apatb_top_kernel_top xil_defaultlib.glbl -Oenable_linking_all_libraries -prj top_kernel.prj -L smartconnect_v1_0 -L axi_protocol_checker_v1_1_12 -L axi_protocol_checker_v1_1_13 -L axis_protocol_checker_v1_1_11 -L axis_protocol_checker_v1_1_12 -L xil_defaultlib -L unisims_ver -L xpm -L floating_point_v7_1_20 -L floating_point_v7_0_25 --lib ieee_proposed=./ieee_proposed -L uvm -relax -i ./svr -i ./svtb -i ./file_agent -i ./top_kernel_subsystem -s top_kernel 
Multi-threading is on. Using 110 slave threads.
INFO: [VRFC 10-2263] Analyzing SystemVerilog file "/nethome/shanda34/FPGA_ECE8893/2026_Spring/lab1/project_1/hls/sim/verilog/glbl.v" into library xil_defaultlib
INFO: [VRFC 10-311] analyzing module glbl
INFO: [VRFC 10-2263] Analyzing SystemVerilog file "/nethome/shanda34/FPGA_ECE8893/2026_Spring/lab1/project_1/hls/sim/verilog/AESL_automem_A.v" into library xil_defaultlib
INFO: [VRFC 10-311] analyzing module AESL_automem_A
INFO: [VRFC 10-2263] Analyzing SystemVerilog file "/nethome/shanda34/FPGA_ECE8893/2026_Spring/lab1/project_1/hls/sim/verilog/AESL_automem_C.v" into library xil_defaultlib
INFO: [VRFC 10-311] analyzing module AESL_automem_C
INFO: [VRFC 10-2263] Analyzing SystemVerilog file "/nethome/shanda34/FPGA_ECE8893/2026_Spring/lab1/project_1/hls/sim/verilog/top_kernel.autotb.v" into library xil_defaultlib
INFO: [VRFC 10-311] analyzing module apatb_top_kernel_top
INFO: [VRFC 10-2263] Analyzing SystemVerilog file "/nethome/shanda34/FPGA_ECE8893/2026_Spring/lab1/project_1/hls/sim/verilog/top_kernel_top_kernel_Pipeline_VITIS_LOOP_15_2.v" into library xil_defaultlib
INFO: [VRFC 10-311] analyzing module top_kernel_top_kernel_Pipeline_VITIS_LOOP_15_2
INFO: [VRFC 10-2263] Analyzing SystemVerilog file "/nethome/shanda34/FPGA_ECE8893/2026_Spring/lab1/project_1/hls/sim/verilog/top_kernel_top_kernel_Pipeline_VITIS_LOOP_24_3.v" into library xil_defaultlib
INFO: [VRFC 10-311] analyzing module top_kernel_top_kernel_Pipeline_VITIS_LOOP_24_3
INFO: [VRFC 10-2263] Analyzing SystemVerilog file "/nethome/shanda34/FPGA_ECE8893/2026_Spring/lab1/project_1/hls/sim/verilog/top_kernel.v" into library xil_defaultlib
INFO: [VRFC 10-311] analyzing module top_kernel
INFO: [VRFC 10-2263] Analyzing SystemVerilog file "/nethome/shanda34/FPGA_ECE8893/2026_Spring/lab1/project_1/hls/sim/verilog/top_kernel_flow_control_loop_pipe_sequential_init.v" into library xil_defaultlib
INFO: [VRFC 10-311] analyzing module top_kernel_flow_control_loop_pipe_sequential_init
INFO: [VRFC 10-2263] Analyzing SystemVerilog file "/nethome/shanda34/FPGA_ECE8893/2026_Spring/lab1/project_1/hls/sim/verilog/top_kernel_mul_24s_24s_48_1_1.v" into library xil_defaultlib
INFO: [VRFC 10-311] analyzing module top_kernel_mul_24s_24s_48_1_1
INFO: [VRFC 10-2263] Analyzing SystemVerilog file "/nethome/shanda34/FPGA_ECE8893/2026_Spring/lab1/project_1/hls/sim/verilog/top_kernel_mul_40s_42ns_81_1_1.v" into library xil_defaultlib
INFO: [VRFC 10-311] analyzing module top_kernel_mul_40s_42ns_81_1_1
INFO: [VRFC 10-2263] Analyzing SystemVerilog file "/nethome/shanda34/FPGA_ECE8893/2026_Spring/lab1/project_1/hls/sim/verilog/top_kernel_sdiv_40ns_24s_40_44_seq_1.v" into library xil_defaultlib
INFO: [VRFC 10-311] analyzing module top_kernel_sdiv_40ns_24s_40_44_seq_1_divseq
INFO: [VRFC 10-311] analyzing module top_kernel_sdiv_40ns_24s_40_44_seq_1
INFO: [VRFC 10-2263] Analyzing SystemVerilog file "/nethome/shanda34/FPGA_ECE8893/2026_Spring/lab1/project_1/hls/sim/verilog/top_kernel_tmp_RAM_AUTO_1R1W.v" into library xil_defaultlib
INFO: [VRFC 10-311] analyzing module top_kernel_tmp_RAM_AUTO_1R1W
INFO: [VRFC 10-2263] Analyzing SystemVerilog file "/nethome/shanda34/FPGA_ECE8893/2026_Spring/lab1/project_1/hls/sim/verilog/top_kernel_sdiv_40ns_24s_40_44_1.v" into library xil_defaultlib
INFO: [VRFC 10-311] analyzing module top_kernel_sdiv_40ns_24s_40_44_1_divider
INFO: [VRFC 10-311] analyzing module top_kernel_sdiv_40ns_24s_40_44_1
INFO: [VRFC 10-2263] Analyzing SystemVerilog file "/nethome/shanda34/FPGA_ECE8893/2026_Spring/lab1/project_1/hls/sim/verilog/dataflow_monitor.sv" into library xil_defaultlib
INFO: [VRFC 10-311] analyzing module dataflow_monitor
INFO: [VRFC 10-2263] Analyzing SystemVerilog file "/nethome/shanda34/FPGA_ECE8893/2026_Spring/lab1/project_1/hls/sim/verilog/file_agent/file_agent_pkg.sv" into library xil_defaultlib
INFO: [VRFC 10-2263] Analyzing SystemVerilog file "/nethome/shanda34/FPGA_ECE8893/2026_Spring/lab1/project_1/hls/sim/verilog/top_kernel_subsystem/top_kernel_subsystem_pkg.sv" into library xil_defaultlib
INFO: [VRFC 10-2263] Analyzing SystemVerilog file "/nethome/shanda34/FPGA_ECE8893/2026_Spring/lab1/project_1/hls/sim/verilog/svtb/misc_interface.sv" into library xil_defaultlib
INFO: [VRFC 10-2263] Analyzing SystemVerilog file "/nethome/shanda34/FPGA_ECE8893/2026_Spring/lab1/project_1/hls/sim/verilog/svtb/sv_module_top.sv" into library xil_defaultlib
INFO: [VRFC 10-311] analyzing module sv_module_top
Starting static elaboration
Pass Through NonSizing Optimizer
Completed static elaboration
Starting simulation data flow analysis
WARNING: [XSIM 43-4099] "/proj/primebuilds/9999.0_PRIME_0428_0031/installs/data/system_verilog/uvm_1.2/xlnx_uvm_package.sv" Line 4356. Module uvm_pkg doesn't have a timescale but at least one module in design has a timescale.
WARNING: [XSIM 43-4099] "/proj/primebuilds/9999.0_PRIME_0428_0031/installs/data/system_verilog/uvm_1.2/xlnx_uvm_package.sv" Line 4356. Module uvm_pkg doesn't have a timescale but at least one module in design has a timescale.
WARNING: [XSIM 43-4468] File : /proj/primebuilds/9999.0_PRIME_0428_0031/installs/data/system_verilog/uvm_1.2/xlnx_uvm_package.sv, Line : 25994, RANDC variable size more than 8 bits. This will be treated as a RAND variable instead.
Completed simulation data flow analysis
Time Resolution for simulation is 1ps
Compiling package xil_defaultlib.$unit_sv_module_top_sv
Compiling package uvm.uvm_pkg
Compiling package std.std
Compiling package xil_defaultlib.top_kernel_subsystem_pkg
Compiling package xil_defaultlib.file_agent_pkg
Compiling package xil_defaultlib.$unit_dataflow_monitor_sv
Compiling module xil_defaultlib.top_kernel_tmp_RAM_AUTO_1R1W
Compiling module xil_defaultlib.top_kernel_flow_control_loop_pip...
Compiling module xil_defaultlib.top_kernel_top_kernel_Pipeline_V...
Compiling module xil_defaultlib.top_kernel_sdiv_40ns_24s_40_44_1...
Compiling module xil_defaultlib.top_kernel_sdiv_40ns_24s_40_44_1...
Compiling module xil_defaultlib.top_kernel_top_kernel_Pipeline_V...
Compiling module xil_defaultlib.top_kernel_mul_24s_24s_48_1_1(NU...
Compiling module xil_defaultlib.top_kernel_mul_40s_42ns_81_1_1(N...
Compiling module xil_defaultlib.top_kernel
Compiling module xil_defaultlib.misc_interface_default
Compiling module xil_defaultlib.sv_module_top
Compiling module xil_defaultlib.AESL_automem_A
Compiling module xil_defaultlib.AESL_automem_C
Compiling module xil_defaultlib.nodf_module_intf_default
Compiling module xil_defaultlib.seq_loop_intf(FSM_WIDTH=12)
Compiling module xil_defaultlib.upc_loop_intf(FSM_WIDTH=1)
Compiling module xil_defaultlib.dataflow_monitor_1
Compiling module xil_defaultlib.apatb_top_kernel_top
Compiling module xil_defaultlib.glbl
Built simulation snapshot top_kernel

****** xsim v2025.1.1 (64-bit)
  **** SW Build 6233196 on Thu Sep 11 21:27:11 MDT 2025
  **** IP Build 6232796 on Fri Sep 12 01:46:16 MDT 2025
  **** SharedData Build 6233195 on Thu Sep 11 17:56:43 MDT 2025
  **** Start of session at: Thu Jan 29 13:58:07 2026
    ** Copyright 1986-2022 Xilinx, Inc. All Rights Reserved.
    ** Copyright 2022-2025 Advanced Micro Devices, Inc. All Rights Reserved.

source xsim.dir/top_kernel/xsim_script.tcl
# xsim {top_kernel} -testplusarg UVM_VERBOSITY=UVM_NONE -testplusarg UVM_TESTNAME=top_kernel_test_lib -testplusarg UVM_TIMEOUT=20000000000000 -autoloadwcfg -tclbatch {top_kernel.tcl}
Time resolution is 1 ps
source top_kernel.tcl
## run all
UVM_INFO /tools/software/xilinx//2025.1.1/Vivado/data/system_verilog/uvm_1.2/xlnx_uvm_package.sv(18601) @ 0: reporter [UVM/RELNOTES] 
----------------------------------------------------------------
UVM-1.2
(C) 2007-2014 Mentor Graphics Corporation
(C) 2007-2014 Cadence Design Systems, Inc.
(C) 2006-2014 Synopsys, Inc.
(C) 2011-2013 Cypress Semiconductor Corp.
(C) 2013-2014 NVIDIA Corporation
----------------------------------------------------------------

  ***********       IMPORTANT RELEASE NOTES         ************

  You are using a version of the UVM library that has been compiled
  with `UVM_NO_DEPRECATED undefined.

  You are using a version of the UVM library that has been compiled
  with `UVM_OBJECT_DO_NOT_NEED_CONSTRUCTOR undefined.

      (Specify +UVM_NO_RELNOTES to turn off this notice)

UVM_INFO /tools/software/xilinx//2025.1.1/Vivado/data/system_verilog/uvm_1.2/xlnx_uvm_package.sv(18648) @ 0: reporter [NO_DPI_TSTNAME] UVM_NO_DPI defined--getting UVM_TESTNAME directly, without DPI
UVM_INFO /tools/software/xilinx//2025.1.1/Vivado/data/system_verilog/uvm_1.2/xlnx_uvm_package.sv(18752) @ 0: reporter [UVMTOP] UVM testbench topology:
---------------------------------------------------------------------
Name                        Type                          Size  Value
---------------------------------------------------------------------
uvm_test_top                top_kernel_test_lib           -     @342 
  top_env                   top_kernel_env                -     @353 
    refm                    top_kernel_reference_model    -     @368 
      trans_num_idx         integral                      32    'h0  
    subsys_mon              top_kernel_subsystem_monitor  -     @381 
      scbd                  top_kernel_scoreboard         -     @532 
        refm                top_kernel_reference_model    -     @368 
          trans_num_idx     integral                      32    'h0  
    top_kernel_virtual_sqr  top_kernel_virtual_sequencer  -     @390 
      rsp_export            uvm_analysis_export           -     @399 
      seq_item_export       uvm_seq_item_pull_imp         -     @517 
      arbitration_queue     array                         0     -    
      lock_queue            array                         0     -    
      num_last_reqs         integral                      32    'd1  
      num_last_rsps         integral                      32    'd1  
    refm                    top_kernel_reference_model    -     @368 
    top_kernel_virtual_sqr  top_kernel_virtual_sequencer  -     @390 
    top_kernel_cfg          top_kernel_config             -     @367 
      check_ena             integral                      32    'h0  
      cover_ena             integral                      32    'h0  
---------------------------------------------------------------------

UVM_INFO /tools/software/xilinx//2025.1.1/Vivado/data/system_verilog/uvm_1.2/xlnx_uvm_package.sv(20867) @ 0: reporter [UVM/COMP/NAMECHECK] This implementation of the component name checks requires DPI to be enabled
////////////////////////////////////////////////////////////////////////////////////
// Inter-Transaction Progress: Completed Transaction / Total Transaction
// Intra-Transaction Progress: Measured Latency / Latency Estimation * 100%
//
// RTL Simulation : "Inter-Transaction Progress" ["Intra-Transaction Progress"] @ "Simulation Time"
////////////////////////////////////////////////////////////////////////////////////
// RTL Simulation : 0 / 1 [0.00%] @ "125000"
// RTL Simulation : 1 / 1 [100.00%] @ "1269945000"
////////////////////////////////////////////////////////////////////////////////////
$finish called at time : 1269995 ns : File "/tools/software/xilinx//2025.1.1/Vivado/data/system_verilog/uvm_1.2/xlnx_uvm_package.sv" Line 18699
## quit
INFO: xsimkernel Simulation Memory Usage: 501020 KB (Peak: 553484 KB), Simulation CPU Usage: 6630 ms
INFO: [Common 17-206] Exiting xsim at Thu Jan 29 13:58:17 2026...
TEST PASSED!!
