#-----------------------------------------------------------
# xsim v2025.1.1 (64-bit)
# SW Build 6233196 on Thu Sep 11 21:27:11 MDT 2025
# IP Build 6232796 on Fri Sep 12 01:46:16 MDT 2025
# SharedData Build 6233195 on Thu Sep 11 17:56:43 MDT 2025
# Start of session at: Thu Jan 29 14:29:23 2026
# Process ID         : 293474
# Current directory  : /nethome/shanda34/FPGA_ECE8893/2026_Spring/lab1/project_1/hls/sim/verilog
# Command line       : xsim -mode tcl -source {xsim.dir/top_kernel/xsim_script.tcl}
# Log file           : /nethome/shanda34/FPGA_ECE8893/2026_Spring/lab1/project_1/hls/sim/verilog/xsim.log
# Journal file       : /nethome/shanda34/FPGA_ECE8893/2026_Spring/lab1/project_1/hls/sim/verilog/xsim.jou
# Running On         : ece-linlabsrv01
# Platform           : RedHatEnterprise
# Operating System   : Red Hat Enterprise Linux release 8.10 (Ootpa)
# Processor Detail   : Intel(R) Xeon(R) Gold 5117 CPU @ 2.00GHz
# CPU Frequency      : 2335.978 MHz
# CPU Physical cores : 56
# CPU Logical cores  : 112
# Host memory        : 201166 MB
# Swap memory        : 68719 MB
# Total Virtual      : 269885 MB
# Available Virtual  : 169536 MB
#-----------------------------------------------------------
source xsim.dir/top_kernel/xsim_script.tcl
# xsim {top_kernel} -testplusarg UVM_VERBOSITY=UVM_NONE -testplusarg UVM_TESTNAME=top_kernel_test_lib -testplusarg UVM_TIMEOUT=20000000000000 -autoloadwcfg -tclbatch {top_kernel.tcl}
Time resolution is 1 ps
source top_kernel.tcl
## run all
UVM_INFO /tools/software/xilinx//2025.1.1/Vivado/data/system_verilog/uvm_1.2/xlnx_uvm_package.sv(18601) @ 0: reporter [UVM/RELNOTES] 
----------------------------------------------------------------
UVM-1.2
(C) 2007-2014 Mentor Graphics Corporation
(C) 2007-2014 Cadence Design Systems, Inc.
(C) 2006-2014 Synopsys, Inc.
(C) 2011-2013 Cypress Semiconductor Corp.
(C) 2013-2014 NVIDIA Corporation
----------------------------------------------------------------

  ***********       IMPORTANT RELEASE NOTES         ************

  You are using a version of the UVM library that has been compiled
  with `UVM_NO_DEPRECATED undefined.

  You are using a version of the UVM library that has been compiled
  with `UVM_OBJECT_DO_NOT_NEED_CONSTRUCTOR undefined.

      (Specify +UVM_NO_RELNOTES to turn off this notice)

UVM_INFO /tools/software/xilinx//2025.1.1/Vivado/data/system_verilog/uvm_1.2/xlnx_uvm_package.sv(18648) @ 0: reporter [NO_DPI_TSTNAME] UVM_NO_DPI defined--getting UVM_TESTNAME directly, without DPI
UVM_INFO /tools/software/xilinx//2025.1.1/Vivado/data/system_verilog/uvm_1.2/xlnx_uvm_package.sv(18752) @ 0: reporter [UVMTOP] UVM testbench topology:
---------------------------------------------------------------------
Name                        Type                          Size  Value
---------------------------------------------------------------------
uvm_test_top                top_kernel_test_lib           -     @342 
  top_env                   top_kernel_env                -     @353 
    refm                    top_kernel_reference_model    -     @368 
      trans_num_idx         integral                      32    'h0  
    subsys_mon              top_kernel_subsystem_monitor  -     @381 
      scbd                  top_kernel_scoreboard         -     @532 
        refm                top_kernel_reference_model    -     @368 
          trans_num_idx     integral                      32    'h0  
    top_kernel_virtual_sqr  top_kernel_virtual_sequencer  -     @390 
      rsp_export            uvm_analysis_export           -     @399 
      seq_item_export       uvm_seq_item_pull_imp         -     @517 
      arbitration_queue     array                         0     -    
      lock_queue            array                         0     -    
      num_last_reqs         integral                      32    'd1  
      num_last_rsps         integral                      32    'd1  
    refm                    top_kernel_reference_model    -     @368 
    top_kernel_virtual_sqr  top_kernel_virtual_sequencer  -     @390 
    top_kernel_cfg          top_kernel_config             -     @367 
      check_ena             integral                      32    'h0  
      cover_ena             integral                      32    'h0  
---------------------------------------------------------------------

UVM_INFO /tools/software/xilinx//2025.1.1/Vivado/data/system_verilog/uvm_1.2/xlnx_uvm_package.sv(20867) @ 0: reporter [UVM/COMP/NAMECHECK] This implementation of the component name checks requires DPI to be enabled
////////////////////////////////////////////////////////////////////////////////////
// Inter-Transaction Progress: Completed Transaction / Total Transaction
// Intra-Transaction Progress: Measured Latency / Latency Estimation * 100%
//
// RTL Simulation : "Inter-Transaction Progress" ["Intra-Transaction Progress"] @ "Simulation Time"
////////////////////////////////////////////////////////////////////////////////////
// RTL Simulation : 0 / 1 [0.00%] @ "125000"
// RTL Simulation : 1 / 1 [100.00%] @ "779705000"
////////////////////////////////////////////////////////////////////////////////////
$finish called at time : 779755 ns : File "/tools/software/xilinx//2025.1.1/Vivado/data/system_verilog/uvm_1.2/xlnx_uvm_package.sv" Line 18699
## quit
INFO: xsimkernel Simulation Memory Usage: 501080 KB (Peak: 553544 KB), Simulation CPU Usage: 6190 ms
INFO: [Common 17-206] Exiting xsim at Thu Jan 29 14:29:33 2026...
