==============================================================
Vitis HLS - High-Level Synthesis from C, C++ and OpenCL v2025.1.1 (64-bit)
Tool Version Limit: 2025.05
Copyright 1986-2022 Xilinx, Inc. All Rights Reserved.
Copyright 2022-2025 Advanced Micro Devices, Inc. All Rights Reserved.

==============================================================
==============================================================
Vitis HLS - High-Level Synthesis from C, C++ and OpenCL v2025.1.1 (64-bit)
Tool Version Limit: 2025.05
Copyright 1986-2022 Xilinx, Inc. All Rights Reserved.
Copyright 2022-2025 Advanced Micro Devices, Inc. All Rights Reserved.

==============================================================
INFO: [HLS 200-1611] Setting target device to 'xczu3eg-sbva484-1-e'
INFO: [HLS 200-1505] Using flow_target 'vivado'
INFO: [HLS 200-1464] Running solution command: config_unroll -tripcount_threshold=0
INFO: [XFORM 203-502] Automatic unrolling disabled.
INFO: [HLS 200-1464] Running solution command: config_compile -pipeline_loops=0
INFO: [HLS 200-2174] Applying component config ini file /nethome/shanda34/FPGA_ECE8893/2026_Spring/lab1/project_1/hls_config.cfg
INFO: [HLS 200-1465] Applying config ini 'flow_target=vivado' from /nethome/shanda34/FPGA_ECE8893/2026_Spring/lab1/project_1/hls_config.cfg(2)
INFO: [HLS 200-1505] Using flow_target 'vivado'
INFO: [HLS 200-1464] Running solution command: config_unroll -tripcount_threshold=0
INFO: [XFORM 203-502] Automatic unrolling disabled.
INFO: [HLS 200-1464] Running solution command: config_compile -pipeline_loops=0
INFO: [HLS 200-1464] Running solution command: config_compile -complex-mul-dsp=0
INFO: [HLS 200-2176] Writing Vitis IDE component file /nethome/shanda34/FPGA_ECE8893/2026_Spring/lab1/project_1/vitis-comp.json
INFO: [HLS 200-1915] Writing HLS config ini file /nethome/shanda34/FPGA_ECE8893/2026_Spring/lab1/project_1/hls_config.cfg
INFO: [HLS 200-1510] Running: set_top top_kernel 
INFO: [HLS 200-1510] Running: add_files top.cpp 
INFO: [HLS 200-10] Adding design file 'top.cpp' to the project
INFO: [HLS 200-1510] Running: add_files -tb host.cpp 
INFO: [HLS 200-10] Adding test bench file 'host.cpp' to the project
INFO: [HLS 200-1510] Running: config_unroll -tripcount_threshold 0 
INFO: [XFORM 203-502] Automatic unrolling disabled.
INFO: [HLS 200-1510] Running: config_compile -pipeline_loops 0 
INFO: [HLS 200-1510] Running: set_part xczu3eg-sbva484-1-e 
INFO: [HLS 200-1510] Running: csynth_design 
INFO: [HLS 200-1915] Writing HLS config ini file /nethome/shanda34/FPGA_ECE8893/2026_Spring/lab1/project_1/hls_config.cfg
INFO: [HLS 200-111] Finished File checks and directory preparation: CPU user time: 0.37 seconds. CPU system time: 0.12 seconds. Elapsed time: 8.08 seconds; current allocated memory: 0.000 MB.
INFO: [HLS 200-10] Analyzing design file 'top.cpp' ... 
INFO: [HLS 200-111] Finished Source Code Analysis and Preprocessing: CPU user time: 4.64 seconds. CPU system time: 1.06 seconds. Elapsed time: 5.89 seconds; current allocated memory: 0.000 MB.
INFO: [HLS 200-777] Using interface defaults for 'Vivado' flow target.
INFO: [HLS 200-1995] There were 4,844 instructions in the design after the 'Compile/Link' phase of compilation. See the Design Size Report for more details (/nethome/shanda34/FPGA_ECE8893/2026_Spring/lab1/project_1/hls/syn/report/csynth_design_size.rpt:2)
INFO: [HLS 200-1995] There were 615 instructions in the design after the 'Unroll/Inline (step 1)' phase of compilation. See the Design Size Report for more details (/nethome/shanda34/FPGA_ECE8893/2026_Spring/lab1/project_1/hls/syn/report/csynth_design_size.rpt:2)
INFO: [HLS 200-1995] There were 226 instructions in the design after the 'Unroll/Inline (step 2)' phase of compilation. See the Design Size Report for more details (/nethome/shanda34/FPGA_ECE8893/2026_Spring/lab1/project_1/hls/syn/report/csynth_design_size.rpt:2)
INFO: [HLS 200-1995] There were 208 instructions in the design after the 'Unroll/Inline (step 3)' phase of compilation. See the Design Size Report for more details (/nethome/shanda34/FPGA_ECE8893/2026_Spring/lab1/project_1/hls/syn/report/csynth_design_size.rpt:2)
INFO: [HLS 200-1995] There were 191 instructions in the design after the 'Unroll/Inline (step 4)' phase of compilation. See the Design Size Report for more details (/nethome/shanda34/FPGA_ECE8893/2026_Spring/lab1/project_1/hls/syn/report/csynth_design_size.rpt:2)
INFO: [HLS 200-1995] There were 191 instructions in the design after the 'Array/Struct (step 1)' phase of compilation. See the Design Size Report for more details (/nethome/shanda34/FPGA_ECE8893/2026_Spring/lab1/project_1/hls/syn/report/csynth_design_size.rpt:2)
INFO: [HLS 200-1995] There were 191 instructions in the design after the 'Array/Struct (step 2)' phase of compilation. See the Design Size Report for more details (/nethome/shanda34/FPGA_ECE8893/2026_Spring/lab1/project_1/hls/syn/report/csynth_design_size.rpt:2)
INFO: [HLS 200-1995] There were 194 instructions in the design after the 'Array/Struct (step 3)' phase of compilation. See the Design Size Report for more details (/nethome/shanda34/FPGA_ECE8893/2026_Spring/lab1/project_1/hls/syn/report/csynth_design_size.rpt:2)
INFO: [HLS 200-1995] There were 197 instructions in the design after the 'Array/Struct (step 4)' phase of compilation. See the Design Size Report for more details (/nethome/shanda34/FPGA_ECE8893/2026_Spring/lab1/project_1/hls/syn/report/csynth_design_size.rpt:2)
INFO: [HLS 200-1995] There were 199 instructions in the design after the 'Array/Struct (step 5)' phase of compilation. See the Design Size Report for more details (/nethome/shanda34/FPGA_ECE8893/2026_Spring/lab1/project_1/hls/syn/report/csynth_design_size.rpt:2)
INFO: [HLS 200-1995] There were 193 instructions in the design after the 'Performance (step 1)' phase of compilation. See the Design Size Report for more details (/nethome/shanda34/FPGA_ECE8893/2026_Spring/lab1/project_1/hls/syn/report/csynth_design_size.rpt:2)
INFO: [HLS 200-1995] There were 191 instructions in the design after the 'Performance (step 2)' phase of compilation. See the Design Size Report for more details (/nethome/shanda34/FPGA_ECE8893/2026_Spring/lab1/project_1/hls/syn/report/csynth_design_size.rpt:2)
INFO: [HLS 200-1995] There were 191 instructions in the design after the 'Performance (step 3)' phase of compilation. See the Design Size Report for more details (/nethome/shanda34/FPGA_ECE8893/2026_Spring/lab1/project_1/hls/syn/report/csynth_design_size.rpt:2)
INFO: [HLS 200-1995] There were 191 instructions in the design after the 'Performance (step 4)' phase of compilation. See the Design Size Report for more details (/nethome/shanda34/FPGA_ECE8893/2026_Spring/lab1/project_1/hls/syn/report/csynth_design_size.rpt:2)
INFO: [HLS 200-1995] There were 195 instructions in the design after the 'HW Transforms (step 1)' phase of compilation. See the Design Size Report for more details (/nethome/shanda34/FPGA_ECE8893/2026_Spring/lab1/project_1/hls/syn/report/csynth_design_size.rpt:2)
INFO: [HLS 200-1995] There were 214 instructions in the design after the 'HW Transforms (step 2)' phase of compilation. See the Design Size Report for more details (/nethome/shanda34/FPGA_ECE8893/2026_Spring/lab1/project_1/hls/syn/report/csynth_design_size.rpt:2)
INFO: [HLS 214-241] Aggregating bram variable 'C' with compact=bit mode in 24-bits
INFO: [HLS 214-241] Aggregating bram variable 'A' with compact=bit mode in 24-bits
INFO: [HLS 200-111] Finished Compiling Optimization and Transform: CPU user time: 3.91 seconds. CPU system time: 0.91 seconds. Elapsed time: 9.37 seconds; current allocated memory: 0.000 MB.
INFO: [HLS 200-111] Finished Checking Pragmas: CPU user time: 0.01 seconds. CPU system time: 0 seconds. Elapsed time: 0 seconds; current allocated memory: 0.000 MB.
INFO: [HLS 200-10] Starting code transformations ...
INFO: [HLS 200-111] Finished Standard Transforms: CPU user time: 0.01 seconds. CPU system time: 0 seconds. Elapsed time: 0.03 seconds; current allocated memory: 0.000 MB.
INFO: [HLS 200-10] Checking synthesizability ...
INFO: [HLS 200-111] Finished Checking Synthesizability: CPU user time: 0.02 seconds. CPU system time: 0.01 seconds. Elapsed time: 0.02 seconds; current allocated memory: 0.000 MB.
INFO: [HLS 200-111] Finished Loop, function and other optimizations: CPU user time: 0.07 seconds. CPU system time: 0.01 seconds. Elapsed time: 0.09 seconds; current allocated memory: 0.000 MB.
INFO: [HLS 200-111] Finished Architecture Synthesis: CPU user time: 0.08 seconds. CPU system time: 0 seconds. Elapsed time: 0.09 seconds; current allocated memory: 0.000 MB.
INFO: [HLS 200-10] Starting hardware synthesis ...
INFO: [HLS 200-10] Synthesizing 'top_kernel' ...
INFO: [SYN 201-201] Setting up clock 'default' with a period of 10ns.
INFO: [HLS 200-10] ----------------------------------------------------------------
INFO: [HLS 200-42] -- Implementing module 'top_kernel' 
INFO: [HLS 200-10] ----------------------------------------------------------------
INFO: [SCHED 204-11] Starting scheduling ...
INFO: [SCHED 204-11] Finished scheduling.
INFO: [HLS 200-111] Finished Scheduling: CPU user time: 0.14 seconds. CPU system time: 0.05 seconds. Elapsed time: 0.21 seconds; current allocated memory: 0.000 MB.
INFO: [BIND 205-100] Starting micro-architecture generation ...
INFO: [BIND 205-101] Performing variable lifetime analysis.
INFO: [BIND 205-101] Exploring resource sharing.
INFO: [BIND 205-101] Binding ...
INFO: [BIND 205-100] Finished micro-architecture generation.
INFO: [HLS 200-111] Finished Binding: CPU user time: 0.05 seconds. CPU system time: 0.01 seconds. Elapsed time: 0.08 seconds; current allocated memory: 0.000 MB.
INFO: [HLS 200-10] ----------------------------------------------------------------
INFO: [HLS 200-10] -- Generating RTL for module 'top_kernel' 
INFO: [HLS 200-10] ----------------------------------------------------------------
INFO: [RTGEN 206-500] Setting interface mode on port 'top_kernel/A' to 'ap_memory'.
INFO: [RTGEN 206-500] Setting interface mode on port 'top_kernel/C' to 'ap_memory'.
INFO: [RTGEN 206-500] Setting interface mode on function 'top_kernel' to 'ap_ctrl_hs'.
INFO: [RTGEN 206-100] Generating core module 'mul_24s_24s_48_1_1': 1 instance(s).
INFO: [RTGEN 206-100] Generating core module 'mul_40s_42ns_81_1_1': 1 instance(s).
INFO: [RTGEN 206-100] Generating core module 'sdiv_40ns_24s_40_44_seq_1': 1 instance(s).
INFO: [RTGEN 206-100] Finished creating RTL model for 'top_kernel'.
INFO: [RTMG 210-278] Implementing memory 'top_kernel_tmp_RAM_AUTO_1R1W' using auto RAMs.
INFO: [HLS 200-111] Finished Creating RTL model: CPU user time: 0.08 seconds. CPU system time: 0.01 seconds. Elapsed time: 0.12 seconds; current allocated memory: 0.000 MB.
INFO: [HLS 200-111] Finished Generating all RTL models: CPU user time: 0.39 seconds. CPU system time: 0.05 seconds. Elapsed time: 0.65 seconds; current allocated memory: 0.000 MB.
INFO: [HLS 200-111] Finished Updating report files: CPU user time: 0.41 seconds. CPU system time: 0.1 seconds. Elapsed time: 0.58 seconds; current allocated memory: 0.000 MB.
INFO: [VHDL 208-304] Generating VHDL RTL for top_kernel.
INFO: [VLOG 209-307] Generating Verilog RTL for top_kernel.
INFO: [HLS 200-790] **** Loop Constraint Status: All loop constraints were satisfied.
INFO: [HLS 200-789] **** Estimated Fmax: 137.43 MHz
INFO: [HLS 200-2161] Finished Command csynth_design Elapsed time: 00:00:25; Allocated memory: 0.000 MB.
INFO: [HLS 200-1510] Running: cosim_design 
INFO: [HLS 200-1915] Writing HLS config ini file /nethome/shanda34/FPGA_ECE8893/2026_Spring/lab1/project_1/hls_config.cfg
INFO: [COSIM 212-47] Using XSIM for RTL simulation.
INFO: [COSIM 212-14] Instrumenting C test bench ...
INFO: [COSIM 212-302] Starting C TB testing ... 
INFO: [COSIM 212-333] Generating C post check test bench ...
INFO: [COSIM 212-12] Generating RTL test bench ...
INFO: [COSIM 212-1] *** C/RTL co-simulation file generation completed. ***
INFO: [COSIM 212-323] Starting verilog simulation. 
INFO: [COSIM 212-15] Starting XSIM ...
INFO: [COSIM 212-316] Starting C post checking ...
INFO: [COSIM 212-1000] *** C/RTL co-simulation finished: PASS ***
INFO: [COSIM 212-211] II is measurable only when transaction number is greater than 1 in RTL simulation. Otherwise, they will be marked as all NA. If user wants to calculate them, please make sure there are at least 2 transactions in RTL simulation.
INFO: [HLS 200-2161] Finished Command cosim_design Elapsed time: 00:01:11; Allocated memory: 0.000 MB.
INFO: [HLS 200-1510] Running: export_design -format ip_catalog -flow impl 
INFO: [HLS 200-1915] Writing HLS config ini file /nethome/shanda34/FPGA_ECE8893/2026_Spring/lab1/project_1/hls_config.cfg
INFO: [IMPL 213-8] Exporting RTL as a Vivado IP.
INFO: [IMPL 213-8] Starting RTL evaluation using Vivado ...
INFO: [HLS 200-802] Generated output file project_1/hls/impl/export.zip
INFO: [HLS 200-2161] Finished Command export_design Elapsed time: 00:09:12; Allocated memory: 0.000 MB.
==============================================================
Vitis HLS - High-Level Synthesis from C, C++ and OpenCL v2025.1.1 (64-bit)
Tool Version Limit: 2025.05
Copyright 1986-2022 Xilinx, Inc. All Rights Reserved.
Copyright 2022-2025 Advanced Micro Devices, Inc. All Rights Reserved.

==============================================================
INFO: [SYN 201-201] Setting up clock 'default' with a period of 10ns.
INFO: [HLS 200-1611] Setting target device to 'xczu3eg-sbva484-1-e'
INFO: [HLS 200-1505] Using flow_target 'vivado'
INFO: [HLS 200-1464] Running solution command: config_unroll -tripcount_threshold=0
INFO: [XFORM 203-502] Automatic unrolling disabled.
INFO: [HLS 200-1464] Running solution command: config_compile -pipeline_loops=0
INFO: [HLS 200-1464] Running solution command: config_compile -complex-mul-dsp=0
INFO: [HLS 200-1464] Running solution command: config_export -flow=impl
INFO: [HLS 200-1464] Running solution command: config_export -format=ip_catalog
INFO: [HLS 200-2174] Applying component config ini file /nethome/shanda34/FPGA_ECE8893/2026_Spring/lab1/project_1/hls_config.cfg
INFO: [HLS 200-1465] Applying config ini 'param.hls.enable_hidden_option_error=false' from /nethome/shanda34/FPGA_ECE8893/2026_Spring/lab1/project_1/hls_config.cfg(4)
INFO: [HLS 200-1465] Applying config ini 'syn.file=../top.cpp' from /nethome/shanda34/FPGA_ECE8893/2026_Spring/lab1/project_1/hls_config.cfg(7)
INFO: [HLS 200-10] Adding design file 'top.cpp' to the project
INFO: [HLS 200-1465] Applying config ini 'tb.file=../host.cpp' from /nethome/shanda34/FPGA_ECE8893/2026_Spring/lab1/project_1/hls_config.cfg(9)
INFO: [HLS 200-10] Adding test bench file 'host.cpp' to the project
INFO: [HLS 200-1465] Applying config ini 'syn.top=top_kernel' from /nethome/shanda34/FPGA_ECE8893/2026_Spring/lab1/project_1/hls_config.cfg(8)
INFO: [HLS 200-1465] Applying config ini 'flow_target=vivado' from /nethome/shanda34/FPGA_ECE8893/2026_Spring/lab1/project_1/hls_config.cfg(6)
INFO: [HLS 200-1505] Using flow_target 'vivado'
INFO: [HLS 200-1464] Running solution command: config_unroll -tripcount_threshold=0
INFO: [XFORM 203-502] Automatic unrolling disabled.
INFO: [HLS 200-1464] Running solution command: config_compile -pipeline_loops=0
INFO: [HLS 200-1464] Running solution command: config_compile -complex-mul-dsp=0
INFO: [HLS 200-1464] Running solution command: config_export -flow=impl
INFO: [HLS 200-1464] Running solution command: config_export -format=ip_catalog
INFO: [HLS 200-1465] Applying config ini 'part=xczu3eg-sbva484-1-e' from /nethome/shanda34/FPGA_ECE8893/2026_Spring/lab1/project_1/hls_config.cfg(1)
INFO: [HLS 200-1465] Applying config ini 'clock=10ns' from /nethome/shanda34/FPGA_ECE8893/2026_Spring/lab1/project_1/hls_config.cfg(5)
INFO: [HLS 200-1465] Applying config ini 'package.output.format=ip_catalog' from /nethome/shanda34/FPGA_ECE8893/2026_Spring/lab1/project_1/hls_config.cfg(10)
INFO: [HLS 200-1465] Applying config ini 'syn.compile.pipeline_loops=0' from /nethome/shanda34/FPGA_ECE8893/2026_Spring/lab1/project_1/hls_config.cfg(11)
INFO: [HLS 200-1465] Applying config ini 'syn.unroll.tripcount_threshold=0' from /nethome/shanda34/FPGA_ECE8893/2026_Spring/lab1/project_1/hls_config.cfg(12)
INFO: [XFORM 203-502] Automatic unrolling disabled.
INFO: [HLS 200-1465] Applying config ini 'vivado.flow=impl' from /nethome/shanda34/FPGA_ECE8893/2026_Spring/lab1/project_1/hls_config.cfg(13)
INFO: [HLS 200-2176] Writing Vitis IDE component file /nethome/shanda34/FPGA_ECE8893/2026_Spring/lab1/project_1/vitis-comp.json
INFO: [HLS 200-1915] Writing HLS config ini file /nethome/shanda34/FPGA_ECE8893/2026_Spring/lab1/project_1/hls_config.cfg
INFO: [HLS 200-1510] Running: set_top top_kernel 
INFO: [HLS 200-1510] Running: add_files top.cpp 
INFO: [HLS 200-10] Adding design file 'top.cpp' to the project
INFO: [HLS 200-1510] Running: add_files -tb host.cpp 
INFO: [HLS 200-10] Adding test bench file 'host.cpp' to the project
INFO: [HLS 200-1510] Running: config_unroll -tripcount_threshold 0 
INFO: [XFORM 203-502] Automatic unrolling disabled.
INFO: [HLS 200-1510] Running: config_compile -pipeline_loops 0 
INFO: [HLS 200-1510] Running: set_part xczu3eg-sbva484-1-e 
INFO: [HLS 200-1510] Running: csynth_design 
INFO: [HLS 200-1915] Writing HLS config ini file /nethome/shanda34/FPGA_ECE8893/2026_Spring/lab1/project_1/hls_config.cfg
INFO: [HLS 200-111] Finished File checks and directory preparation: CPU user time: 0.38 seconds. CPU system time: 0.14 seconds. Elapsed time: 8.09 seconds; current allocated memory: 0.000 MB.
INFO: [HLS 200-10] Analyzing design file 'top.cpp' ... 
INFO: [HLS 200-111] Finished Source Code Analysis and Preprocessing: CPU user time: 4.91 seconds. CPU system time: 1.1 seconds. Elapsed time: 6.15 seconds; current allocated memory: 0.000 MB.
INFO: [HLS 200-777] Using interface defaults for 'Vivado' flow target.
INFO: [HLS 200-1995] There were 4,844 instructions in the design after the 'Compile/Link' phase of compilation. See the Design Size Report for more details (/nethome/shanda34/FPGA_ECE8893/2026_Spring/lab1/project_1/hls/syn/report/csynth_design_size.rpt:2)
INFO: [HLS 200-1995] There were 615 instructions in the design after the 'Unroll/Inline (step 1)' phase of compilation. See the Design Size Report for more details (/nethome/shanda34/FPGA_ECE8893/2026_Spring/lab1/project_1/hls/syn/report/csynth_design_size.rpt:2)
INFO: [HLS 200-1995] There were 226 instructions in the design after the 'Unroll/Inline (step 2)' phase of compilation. See the Design Size Report for more details (/nethome/shanda34/FPGA_ECE8893/2026_Spring/lab1/project_1/hls/syn/report/csynth_design_size.rpt:2)
INFO: [HLS 200-1995] There were 208 instructions in the design after the 'Unroll/Inline (step 3)' phase of compilation. See the Design Size Report for more details (/nethome/shanda34/FPGA_ECE8893/2026_Spring/lab1/project_1/hls/syn/report/csynth_design_size.rpt:2)
INFO: [HLS 200-1995] There were 191 instructions in the design after the 'Unroll/Inline (step 4)' phase of compilation. See the Design Size Report for more details (/nethome/shanda34/FPGA_ECE8893/2026_Spring/lab1/project_1/hls/syn/report/csynth_design_size.rpt:2)
INFO: [HLS 200-1995] There were 191 instructions in the design after the 'Array/Struct (step 1)' phase of compilation. See the Design Size Report for more details (/nethome/shanda34/FPGA_ECE8893/2026_Spring/lab1/project_1/hls/syn/report/csynth_design_size.rpt:2)
INFO: [HLS 200-1995] There were 191 instructions in the design after the 'Array/Struct (step 2)' phase of compilation. See the Design Size Report for more details (/nethome/shanda34/FPGA_ECE8893/2026_Spring/lab1/project_1/hls/syn/report/csynth_design_size.rpt:2)
INFO: [HLS 200-1995] There were 194 instructions in the design after the 'Array/Struct (step 3)' phase of compilation. See the Design Size Report for more details (/nethome/shanda34/FPGA_ECE8893/2026_Spring/lab1/project_1/hls/syn/report/csynth_design_size.rpt:2)
INFO: [HLS 200-1995] There were 197 instructions in the design after the 'Array/Struct (step 4)' phase of compilation. See the Design Size Report for more details (/nethome/shanda34/FPGA_ECE8893/2026_Spring/lab1/project_1/hls/syn/report/csynth_design_size.rpt:2)
INFO: [HLS 200-1995] There were 199 instructions in the design after the 'Array/Struct (step 5)' phase of compilation. See the Design Size Report for more details (/nethome/shanda34/FPGA_ECE8893/2026_Spring/lab1/project_1/hls/syn/report/csynth_design_size.rpt:2)
INFO: [HLS 200-1995] There were 193 instructions in the design after the 'Performance (step 1)' phase of compilation. See the Design Size Report for more details (/nethome/shanda34/FPGA_ECE8893/2026_Spring/lab1/project_1/hls/syn/report/csynth_design_size.rpt:2)
INFO: [HLS 200-1995] There were 191 instructions in the design after the 'Performance (step 2)' phase of compilation. See the Design Size Report for more details (/nethome/shanda34/FPGA_ECE8893/2026_Spring/lab1/project_1/hls/syn/report/csynth_design_size.rpt:2)
INFO: [HLS 200-1995] There were 191 instructions in the design after the 'Performance (step 3)' phase of compilation. See the Design Size Report for more details (/nethome/shanda34/FPGA_ECE8893/2026_Spring/lab1/project_1/hls/syn/report/csynth_design_size.rpt:2)
INFO: [HLS 200-1995] There were 191 instructions in the design after the 'Performance (step 4)' phase of compilation. See the Design Size Report for more details (/nethome/shanda34/FPGA_ECE8893/2026_Spring/lab1/project_1/hls/syn/report/csynth_design_size.rpt:2)
INFO: [HLS 200-1995] There were 195 instructions in the design after the 'HW Transforms (step 1)' phase of compilation. See the Design Size Report for more details (/nethome/shanda34/FPGA_ECE8893/2026_Spring/lab1/project_1/hls/syn/report/csynth_design_size.rpt:2)
INFO: [HLS 200-1995] There were 216 instructions in the design after the 'HW Transforms (step 2)' phase of compilation. See the Design Size Report for more details (/nethome/shanda34/FPGA_ECE8893/2026_Spring/lab1/project_1/hls/syn/report/csynth_design_size.rpt:2)
INFO: [HLS 214-241] Aggregating bram variable 'C' with compact=bit mode in 24-bits
INFO: [HLS 214-241] Aggregating bram variable 'A' with compact=bit mode in 24-bits
INFO: [HLS 200-111] Finished Compiling Optimization and Transform: CPU user time: 3.5 seconds. CPU system time: 0.91 seconds. Elapsed time: 8.81 seconds; current allocated memory: 0.000 MB.
INFO: [HLS 200-111] Finished Checking Pragmas: CPU user time: 0 seconds. CPU system time: 0.01 seconds. Elapsed time: 0 seconds; current allocated memory: 0.000 MB.
INFO: [HLS 200-10] Starting code transformations ...
INFO: [HLS 200-111] Finished Standard Transforms: CPU user time: 0.02 seconds. CPU system time: 0 seconds. Elapsed time: 0.07 seconds; current allocated memory: 0.000 MB.
INFO: [HLS 200-10] Checking synthesizability ...
INFO: [HLS 200-111] Finished Checking Synthesizability: CPU user time: 0.02 seconds. CPU system time: 0 seconds. Elapsed time: 0.03 seconds; current allocated memory: 0.000 MB.
INFO: [HLS 200-111] Finished Loop, function and other optimizations: CPU user time: 0.07 seconds. CPU system time: 0.01 seconds. Elapsed time: 0.08 seconds; current allocated memory: 0.000 MB.
INFO: [HLS 200-111] Finished Architecture Synthesis: CPU user time: 0.09 seconds. CPU system time: 0.01 seconds. Elapsed time: 0.12 seconds; current allocated memory: 0.000 MB.
INFO: [HLS 200-10] Starting hardware synthesis ...
INFO: [HLS 200-10] Synthesizing 'top_kernel' ...
INFO: [HLS 200-10] ----------------------------------------------------------------
INFO: [HLS 200-42] -- Implementing module 'top_kernel_Pipeline_VITIS_LOOP_15_2' 
INFO: [HLS 200-10] ----------------------------------------------------------------
INFO: [SCHED 204-11] Starting scheduling ...
INFO: [SCHED 204-61] Pipelining loop 'VITIS_LOOP_15_2'.
INFO: [HLS 200-1470] Pipelining result : Target II = 1, Final II = 1, Depth = 2, loop 'VITIS_LOOP_15_2'
INFO: [SCHED 204-11] Finished scheduling.
INFO: [HLS 200-111] Finished Scheduling: CPU user time: 0.06 seconds. CPU system time: 0.05 seconds. Elapsed time: 0.13 seconds; current allocated memory: 0.000 MB.
INFO: [BIND 205-100] Starting micro-architecture generation ...
INFO: [BIND 205-101] Performing variable lifetime analysis.
INFO: [BIND 205-101] Exploring resource sharing.
INFO: [BIND 205-101] Binding ...
INFO: [BIND 205-100] Finished micro-architecture generation.
INFO: [HLS 200-111] Finished Binding: CPU user time: 0.03 seconds. CPU system time: 0.01 seconds. Elapsed time: 0.04 seconds; current allocated memory: 0.000 MB.
INFO: [HLS 200-10] ----------------------------------------------------------------
INFO: [HLS 200-42] -- Implementing module 'top_kernel_Pipeline_VITIS_LOOP_24_3' 
INFO: [HLS 200-10] ----------------------------------------------------------------
INFO: [SCHED 204-11] Starting scheduling ...
INFO: [SCHED 204-61] Pipelining loop 'VITIS_LOOP_24_3'.
INFO: [HLS 200-1470] Pipelining result : Target II = 1, Final II = 1, Depth = 45, loop 'VITIS_LOOP_24_3'
INFO: [SCHED 204-11] Finished scheduling.
INFO: [HLS 200-111] Finished Scheduling: CPU user time: 0.04 seconds. CPU system time: 0 seconds. Elapsed time: 0.05 seconds; current allocated memory: 0.000 MB.
INFO: [BIND 205-100] Starting micro-architecture generation ...
INFO: [BIND 205-101] Performing variable lifetime analysis.
INFO: [BIND 205-101] Exploring resource sharing.
INFO: [BIND 205-101] Binding ...
INFO: [BIND 205-100] Finished micro-architecture generation.
INFO: [HLS 200-111] Finished Binding: CPU user time: 0.03 seconds. CPU system time: 0.01 seconds. Elapsed time: 0.05 seconds; current allocated memory: 0.000 MB.
INFO: [HLS 200-10] ----------------------------------------------------------------
INFO: [HLS 200-42] -- Implementing module 'top_kernel' 
INFO: [HLS 200-10] ----------------------------------------------------------------
INFO: [SCHED 204-11] Starting scheduling ...
INFO: [SCHED 204-11] Finished scheduling.
INFO: [HLS 200-111] Finished Scheduling: CPU user time: 0.12 seconds. CPU system time: 0.01 seconds. Elapsed time: 0.13 seconds; current allocated memory: 0.000 MB.
INFO: [BIND 205-100] Starting micro-architecture generation ...
INFO: [BIND 205-101] Performing variable lifetime analysis.
INFO: [BIND 205-101] Exploring resource sharing.
INFO: [BIND 205-101] Binding ...
INFO: [BIND 205-100] Finished micro-architecture generation.
INFO: [HLS 200-111] Finished Binding: CPU user time: 0.03 seconds. CPU system time: 0 seconds. Elapsed time: 0.08 seconds; current allocated memory: 0.000 MB.
INFO: [HLS 200-10] ----------------------------------------------------------------
INFO: [HLS 200-10] -- Generating RTL for module 'top_kernel_Pipeline_VITIS_LOOP_15_2' 
INFO: [HLS 200-10] ----------------------------------------------------------------
INFO: [HLS 200-1030] Apply Unified Pipeline Control on module 'top_kernel_Pipeline_VITIS_LOOP_15_2' pipeline 'VITIS_LOOP_15_2' pipeline type 'loop pipeline'
INFO: [RTGEN 206-100] Finished creating RTL model for 'top_kernel_Pipeline_VITIS_LOOP_15_2'.
INFO: [HLS 200-111] Finished Creating RTL model: CPU user time: 0.05 seconds. CPU system time: 0.01 seconds. Elapsed time: 0.08 seconds; current allocated memory: 0.000 MB.
INFO: [HLS 200-10] ----------------------------------------------------------------
INFO: [HLS 200-10] -- Generating RTL for module 'top_kernel_Pipeline_VITIS_LOOP_24_3' 
INFO: [HLS 200-10] ----------------------------------------------------------------
INFO: [HLS 200-1030] Apply Unified Pipeline Control on module 'top_kernel_Pipeline_VITIS_LOOP_24_3' pipeline 'VITIS_LOOP_24_3' pipeline type 'loop pipeline'
INFO: [RTGEN 206-100] Generating core module 'sdiv_40ns_24s_40_44_1': 1 instance(s).
INFO: [RTGEN 206-100] Finished creating RTL model for 'top_kernel_Pipeline_VITIS_LOOP_24_3'.
INFO: [HLS 200-111] Finished Creating RTL model: CPU user time: 0.11 seconds. CPU system time: 0.01 seconds. Elapsed time: 0.16 seconds; current allocated memory: 0.000 MB.
INFO: [HLS 200-10] ----------------------------------------------------------------
INFO: [HLS 200-10] -- Generating RTL for module 'top_kernel' 
INFO: [HLS 200-10] ----------------------------------------------------------------
INFO: [RTGEN 206-500] Setting interface mode on port 'top_kernel/A' to 'ap_memory'.
INFO: [RTGEN 206-500] Setting interface mode on port 'top_kernel/C' to 'ap_memory'.
INFO: [RTGEN 206-500] Setting interface mode on function 'top_kernel' to 'ap_ctrl_hs'.
INFO: [RTGEN 206-100] Generating core module 'mul_24s_24s_48_1_1': 1 instance(s).
INFO: [RTGEN 206-100] Generating core module 'mul_40s_42ns_81_1_1': 1 instance(s).
INFO: [RTGEN 206-100] Finished creating RTL model for 'top_kernel'.
INFO: [RTMG 210-278] Implementing memory 'top_kernel_tmp_RAM_AUTO_1R1W' using auto RAMs.
INFO: [HLS 200-111] Finished Creating RTL model: CPU user time: 0.11 seconds. CPU system time: 0.01 seconds. Elapsed time: 0.16 seconds; current allocated memory: 0.000 MB.
INFO: [HLS 200-111] Finished Generating all RTL models: CPU user time: 0.34 seconds. CPU system time: 0.06 seconds. Elapsed time: 0.75 seconds; current allocated memory: 0.000 MB.
INFO: [HLS 200-111] Finished Updating report files: CPU user time: 0.45 seconds. CPU system time: 0.12 seconds. Elapsed time: 0.89 seconds; current allocated memory: 0.000 MB.
INFO: [VHDL 208-304] Generating VHDL RTL for top_kernel.
INFO: [VLOG 209-307] Generating Verilog RTL for top_kernel.
INFO: [HLS 200-790] **** Loop Constraint Status: All loop constraints were satisfied.
INFO: [HLS 200-789] **** Estimated Fmax: 137.43 MHz
INFO: [HLS 200-2161] Finished Command csynth_design Elapsed time: 00:00:25; Allocated memory: 0.000 MB.
INFO: [HLS 200-1510] Running: cosim_design 
INFO: [HLS 200-1915] Writing HLS config ini file /nethome/shanda34/FPGA_ECE8893/2026_Spring/lab1/project_1/hls_config.cfg
INFO: [COSIM 212-47] Using XSIM for RTL simulation.
INFO: [COSIM 212-14] Instrumenting C test bench ...
INFO: [COSIM 212-302] Starting C TB testing ... 
INFO: [COSIM 212-333] Generating C post check test bench ...
INFO: [COSIM 212-12] Generating RTL test bench ...
INFO: [COSIM 212-1] *** C/RTL co-simulation file generation completed. ***
INFO: [COSIM 212-323] Starting verilog simulation. 
INFO: [COSIM 212-15] Starting XSIM ...
INFO: [COSIM 212-316] Starting C post checking ...
INFO: [COSIM 212-1000] *** C/RTL co-simulation finished: PASS ***
INFO: [COSIM 212-211] II is measurable only when transaction number is greater than 1 in RTL simulation. Otherwise, they will be marked as all NA. If user wants to calculate them, please make sure there are at least 2 transactions in RTL simulation.
INFO: [HLS 200-2161] Finished Command cosim_design Elapsed time: 00:01:09; Allocated memory: 0.000 MB.
INFO: [HLS 200-1510] Running: export_design -format ip_catalog -flow impl 
INFO: [HLS 200-1915] Writing HLS config ini file /nethome/shanda34/FPGA_ECE8893/2026_Spring/lab1/project_1/hls_config.cfg
INFO: [IMPL 213-8] Exporting RTL as a Vivado IP.
INFO: [IMPL 213-8] Starting RTL evaluation using Vivado ...
INFO: [HLS 200-802] Generated output file project_1/hls/impl/export.zip
INFO: [HLS 200-2161] Finished Command export_design Elapsed time: 00:09:09; Allocated memory: 0.000 MB.
