

================================================================
== Vitis HLS Report for 'top_kernel_Pipeline_VITIS_LOOP_24_3'
================================================================
* Date:           Thu Jan 29 14:28:05 2026

* Version:        2025.1.1 (Build 6214317 on Sep 11 2025)
* Project:        project_1
* Solution:       hls (Vivado IP Flow Target)
* Product family: zynquplus
* Target device:  xczu3eg-sbva484-1-e


================================================================
== Performance Estimates
================================================================
+ Timing: 
    * Summary: 
    +--------+----------+----------+------------+
    |  Clock |  Target  | Estimated| Uncertainty|
    +--------+----------+----------+------------+
    |ap_clk  |  10.00 ns|  4.858 ns|     2.70 ns|
    +--------+----------+----------+------------+

+ Latency: 
    * Summary: 
    +---------+---------+----------+----------+-----+-----+------------------------------------------------+
    |  Latency (cycles) |  Latency (absolute) |  Interval |                    Pipeline                    |
    |   min   |   max   |    min   |    max   | min | max |                      Type                      |
    +---------+---------+----------+----------+-----+-----+------------------------------------------------+
    |      109|      109|  1.090 us|  1.090 us|   65|   65|  loop auto-rewind stp (delay=0 clock cycles(s))|
    +---------+---------+----------+----------+-----+-----+------------------------------------------------+

    + Detail: 
        * Instance: 
        N/A

        * Loop: 
        +-------------------+---------+---------+----------+-----------+-----------+------+----------+
        |                   |  Latency (cycles) | Iteration|  Initiation Interval  | Trip |          |
        |     Loop Name     |   min   |   max   |  Latency |  achieved |   target  | Count| Pipelined|
        +-------------------+---------+---------+----------+-----------+-----------+------+----------+
        |- VITIS_LOOP_24_3  |      107|      107|        45|          1|          1|    64|       yes|
        +-------------------+---------+---------+----------+-----------+-----------+------+----------+



================================================================
== Utilization Estimates
================================================================
* Summary: 
+-----------------+---------+-----+--------+-------+-----+
|       Name      | BRAM_18K| DSP |   FF   |  LUT  | URAM|
+-----------------+---------+-----+--------+-------+-----+
|DSP              |        -|    -|       -|      -|    -|
|Expression       |        -|    -|       0|    160|    -|
|FIFO             |        -|    -|       -|      -|    -|
|Instance         |        -|    -|    3491|   2666|    -|
|Memory           |        -|    -|       -|      -|    -|
|Multiplexer      |        -|    -|       0|     36|    -|
|Register         |        -|    -|     214|     32|    -|
+-----------------+---------+-----+--------+-------+-----+
|Total            |        0|    0|    3705|   2894|    0|
+-----------------+---------+-----+--------+-------+-----+
|Available        |      432|  360|  141120|  70560|    0|
+-----------------+---------+-----+--------+-------+-----+
|Utilization (%)  |        0|    0|       2|      4|    0|
+-----------------+---------+-----+--------+-------+-----+

+ Detail: 
    * Instance: 
    +--------------------------+-----------------------+---------+----+------+------+-----+
    |         Instance         |         Module        | BRAM_18K| DSP|  FF  |  LUT | URAM|
    +--------------------------+-----------------------+---------+----+------+------+-----+
    |sdiv_40ns_24s_40_44_1_U4  |sdiv_40ns_24s_40_44_1  |        0|   0|  3491|  2666|    0|
    +--------------------------+-----------------------+---------+----+------+------+-----+
    |Total                     |                       |        0|   0|  3491|  2666|    0|
    +--------------------------+-----------------------+---------+----+------+------+-----+

    * DSP: 
    N/A

    * Memory: 
    N/A

    * FIFO: 
    N/A

    * Expression: 
    +-------------------------+----------+----+---+----+------------+------------+
    |      Variable Name      | Operation| DSP| FF| LUT| Bitwidth P0| Bitwidth P1|
    +-------------------------+----------+----+---+----+------------+------------+
    |add_ln24_fu_124_p2       |         +|   0|  0|  14|           7|           1|
    |add_ln26_fu_134_p2       |         +|   0|  0|  21|          14|          14|
    |and_ln26_1_fu_235_p2     |       and|   0|  0|   2|           1|           1|
    |and_ln26_fu_217_p2       |       and|   0|  0|   2|           1|           1|
    |icmp_ln24_fu_118_p2      |      icmp|   0|  0|  15|           7|           8|
    |icmp_ln26_1_fu_199_p2    |      icmp|   0|  0|  23|          16|           1|
    |icmp_ln26_fu_193_p2      |      icmp|   0|  0|  23|          16|           2|
    |or_ln26_1_fu_229_p2      |        or|   0|  0|   2|           1|           1|
    |or_ln26_2_fu_249_p2      |        or|   0|  0|   2|           1|           1|
    |or_ln26_fu_205_p2        |        or|   0|  0|   2|           1|           1|
    |select_ln26_1_fu_255_p3  |    select|   0|  0|  24|           1|          24|
    |select_ln26_fu_241_p3    |    select|   0|  0|  24|           1|          23|
    |ap_enable_pp0            |       xor|   0|  0|   2|           1|           2|
    |xor_ln26_1_fu_223_p2     |       xor|   0|  0|   2|           1|           2|
    |xor_ln26_fu_211_p2       |       xor|   0|  0|   2|           1|           2|
    +-------------------------+----------+----+---+----+------------+------------+
    |Total                    |          |   0|  0| 160|          70|          84|
    +-------------------------+----------+----+---+----+------------+------------+

    * Multiplexer: 
    +-------------------------+----+-----------+-----+-----------+
    |           Name          | LUT| Input Size| Bits| Total Bits|
    +-------------------------+----+-----------+-----+-----------+
    |ap_done_int              |   9|          2|    1|          2|
    |ap_enable_reg_pp0_iter1  |   9|          2|    1|          2|
    |ap_sig_allocacmp_j_1     |   9|          2|    7|         14|
    |j_fu_64                  |   9|          2|    7|         14|
    +-------------------------+----+-----------+-----+-----------+
    |Total                    |  36|          8|   16|         32|
    +-------------------------+----+-----------+-----+-----------+

    * Register: 
    +-----------------------------------+----+----+-----+-----------+
    |                Name               | FF | LUT| Bits| Const Bits|
    +-----------------------------------+----+----+-----+-----------+
    |ap_CS_fsm                          |   1|   0|    1|          0|
    |ap_done_reg                        |   1|   0|    1|          0|
    |ap_enable_reg_pp0_iter1            |   1|   0|    1|          0|
    |ap_enable_reg_pp0_iter10           |   1|   0|    1|          0|
    |ap_enable_reg_pp0_iter11           |   1|   0|    1|          0|
    |ap_enable_reg_pp0_iter12           |   1|   0|    1|          0|
    |ap_enable_reg_pp0_iter13           |   1|   0|    1|          0|
    |ap_enable_reg_pp0_iter14           |   1|   0|    1|          0|
    |ap_enable_reg_pp0_iter15           |   1|   0|    1|          0|
    |ap_enable_reg_pp0_iter16           |   1|   0|    1|          0|
    |ap_enable_reg_pp0_iter17           |   1|   0|    1|          0|
    |ap_enable_reg_pp0_iter18           |   1|   0|    1|          0|
    |ap_enable_reg_pp0_iter19           |   1|   0|    1|          0|
    |ap_enable_reg_pp0_iter2            |   1|   0|    1|          0|
    |ap_enable_reg_pp0_iter20           |   1|   0|    1|          0|
    |ap_enable_reg_pp0_iter21           |   1|   0|    1|          0|
    |ap_enable_reg_pp0_iter22           |   1|   0|    1|          0|
    |ap_enable_reg_pp0_iter23           |   1|   0|    1|          0|
    |ap_enable_reg_pp0_iter24           |   1|   0|    1|          0|
    |ap_enable_reg_pp0_iter25           |   1|   0|    1|          0|
    |ap_enable_reg_pp0_iter26           |   1|   0|    1|          0|
    |ap_enable_reg_pp0_iter27           |   1|   0|    1|          0|
    |ap_enable_reg_pp0_iter28           |   1|   0|    1|          0|
    |ap_enable_reg_pp0_iter29           |   1|   0|    1|          0|
    |ap_enable_reg_pp0_iter3            |   1|   0|    1|          0|
    |ap_enable_reg_pp0_iter30           |   1|   0|    1|          0|
    |ap_enable_reg_pp0_iter31           |   1|   0|    1|          0|
    |ap_enable_reg_pp0_iter32           |   1|   0|    1|          0|
    |ap_enable_reg_pp0_iter33           |   1|   0|    1|          0|
    |ap_enable_reg_pp0_iter34           |   1|   0|    1|          0|
    |ap_enable_reg_pp0_iter35           |   1|   0|    1|          0|
    |ap_enable_reg_pp0_iter36           |   1|   0|    1|          0|
    |ap_enable_reg_pp0_iter37           |   1|   0|    1|          0|
    |ap_enable_reg_pp0_iter38           |   1|   0|    1|          0|
    |ap_enable_reg_pp0_iter39           |   1|   0|    1|          0|
    |ap_enable_reg_pp0_iter4            |   1|   0|    1|          0|
    |ap_enable_reg_pp0_iter40           |   1|   0|    1|          0|
    |ap_enable_reg_pp0_iter41           |   1|   0|    1|          0|
    |ap_enable_reg_pp0_iter42           |   1|   0|    1|          0|
    |ap_enable_reg_pp0_iter43           |   1|   0|    1|          0|
    |ap_enable_reg_pp0_iter44           |   1|   0|    1|          0|
    |ap_enable_reg_pp0_iter5            |   1|   0|    1|          0|
    |ap_enable_reg_pp0_iter6            |   1|   0|    1|          0|
    |ap_enable_reg_pp0_iter7            |   1|   0|    1|          0|
    |ap_enable_reg_pp0_iter8            |   1|   0|    1|          0|
    |ap_enable_reg_pp0_iter9            |   1|   0|    1|          0|
    |ap_loop_exit_ready_pp0_iter10_reg  |   1|   0|    1|          0|
    |ap_loop_exit_ready_pp0_iter11_reg  |   1|   0|    1|          0|
    |ap_loop_exit_ready_pp0_iter12_reg  |   1|   0|    1|          0|
    |ap_loop_exit_ready_pp0_iter13_reg  |   1|   0|    1|          0|
    |ap_loop_exit_ready_pp0_iter14_reg  |   1|   0|    1|          0|
    |ap_loop_exit_ready_pp0_iter15_reg  |   1|   0|    1|          0|
    |ap_loop_exit_ready_pp0_iter16_reg  |   1|   0|    1|          0|
    |ap_loop_exit_ready_pp0_iter17_reg  |   1|   0|    1|          0|
    |ap_loop_exit_ready_pp0_iter18_reg  |   1|   0|    1|          0|
    |ap_loop_exit_ready_pp0_iter19_reg  |   1|   0|    1|          0|
    |ap_loop_exit_ready_pp0_iter1_reg   |   1|   0|    1|          0|
    |ap_loop_exit_ready_pp0_iter20_reg  |   1|   0|    1|          0|
    |ap_loop_exit_ready_pp0_iter21_reg  |   1|   0|    1|          0|
    |ap_loop_exit_ready_pp0_iter22_reg  |   1|   0|    1|          0|
    |ap_loop_exit_ready_pp0_iter23_reg  |   1|   0|    1|          0|
    |ap_loop_exit_ready_pp0_iter24_reg  |   1|   0|    1|          0|
    |ap_loop_exit_ready_pp0_iter25_reg  |   1|   0|    1|          0|
    |ap_loop_exit_ready_pp0_iter26_reg  |   1|   0|    1|          0|
    |ap_loop_exit_ready_pp0_iter27_reg  |   1|   0|    1|          0|
    |ap_loop_exit_ready_pp0_iter28_reg  |   1|   0|    1|          0|
    |ap_loop_exit_ready_pp0_iter29_reg  |   1|   0|    1|          0|
    |ap_loop_exit_ready_pp0_iter2_reg   |   1|   0|    1|          0|
    |ap_loop_exit_ready_pp0_iter30_reg  |   1|   0|    1|          0|
    |ap_loop_exit_ready_pp0_iter31_reg  |   1|   0|    1|          0|
    |ap_loop_exit_ready_pp0_iter32_reg  |   1|   0|    1|          0|
    |ap_loop_exit_ready_pp0_iter33_reg  |   1|   0|    1|          0|
    |ap_loop_exit_ready_pp0_iter34_reg  |   1|   0|    1|          0|
    |ap_loop_exit_ready_pp0_iter35_reg  |   1|   0|    1|          0|
    |ap_loop_exit_ready_pp0_iter36_reg  |   1|   0|    1|          0|
    |ap_loop_exit_ready_pp0_iter37_reg  |   1|   0|    1|          0|
    |ap_loop_exit_ready_pp0_iter38_reg  |   1|   0|    1|          0|
    |ap_loop_exit_ready_pp0_iter39_reg  |   1|   0|    1|          0|
    |ap_loop_exit_ready_pp0_iter3_reg   |   1|   0|    1|          0|
    |ap_loop_exit_ready_pp0_iter40_reg  |   1|   0|    1|          0|
    |ap_loop_exit_ready_pp0_iter41_reg  |   1|   0|    1|          0|
    |ap_loop_exit_ready_pp0_iter42_reg  |   1|   0|    1|          0|
    |ap_loop_exit_ready_pp0_iter43_reg  |   1|   0|    1|          0|
    |ap_loop_exit_ready_pp0_iter4_reg   |   1|   0|    1|          0|
    |ap_loop_exit_ready_pp0_iter5_reg   |   1|   0|    1|          0|
    |ap_loop_exit_ready_pp0_iter6_reg   |   1|   0|    1|          0|
    |ap_loop_exit_ready_pp0_iter7_reg   |   1|   0|    1|          0|
    |ap_loop_exit_ready_pp0_iter8_reg   |   1|   0|    1|          0|
    |ap_loop_exit_ready_pp0_iter9_reg   |   1|   0|    1|          0|
    |conv_i362_cast_reg_271             |  40|   0|   40|          0|
    |j_fu_64                            |   7|   0|    7|          0|
    |zext_ln26_2_reg_280                |  14|   0|   64|         50|
    |zext_ln26_2_reg_280                |  64|  32|   64|         50|
    +-----------------------------------+----+----+-----+-----------+
    |Total                              | 214|  32|  264|        100|
    +-----------------------------------+----+----+-----+-----------+



================================================================
== Interface
================================================================
* Summary: 
+--------------+-----+-----+------------+-------------------------------------+--------------+
|   RTL Ports  | Dir | Bits|  Protocol  |            Source Object            |    C Type    |
+--------------+-----+-----+------------+-------------------------------------+--------------+
|ap_clk        |   in|    1|  ap_ctrl_hs|  top_kernel_Pipeline_VITIS_LOOP_24_3|  return value|
|ap_rst        |   in|    1|  ap_ctrl_hs|  top_kernel_Pipeline_VITIS_LOOP_24_3|  return value|
|ap_start      |   in|    1|  ap_ctrl_hs|  top_kernel_Pipeline_VITIS_LOOP_24_3|  return value|
|ap_done       |  out|    1|  ap_ctrl_hs|  top_kernel_Pipeline_VITIS_LOOP_24_3|  return value|
|ap_idle       |  out|    1|  ap_ctrl_hs|  top_kernel_Pipeline_VITIS_LOOP_24_3|  return value|
|ap_ready      |  out|    1|  ap_ctrl_hs|  top_kernel_Pipeline_VITIS_LOOP_24_3|  return value|
|zext_ln26     |   in|   14|     ap_none|                            zext_ln26|        scalar|
|A_address0    |  out|   14|   ap_memory|                                    A|         array|
|A_ce0         |  out|    1|   ap_memory|                                    A|         array|
|A_q0          |   in|   24|   ap_memory|                                    A|         array|
|conv_i362     |   in|   24|     ap_none|                            conv_i362|        scalar|
|tmp_address0  |  out|   14|   ap_memory|                                  tmp|         array|
|tmp_ce0       |  out|    1|   ap_memory|                                  tmp|         array|
|tmp_we0       |  out|    1|   ap_memory|                                  tmp|         array|
|tmp_d0        |  out|   24|   ap_memory|                                  tmp|         array|
+--------------+-----+-----+------------+-------------------------------------+--------------+

============================================================
+ Verbose Summary: Synthesis Manager
============================================================
InlineROM: 1
ExposeGlobal: 0
============================================================
+ Verbose Summary: CDFG Model
============================================================
IsTopModel: 0
ResetActiveHigh: 1
IsCombinational: 2
IsDatapathOnly: 2
HasWiredReturn: 1
HasMFsm: 2
HasVarLatency: 1
IsPipeline: 0
IsRtlPipelined: 0
IsInstanceOverlapped: 0
IsDontTouch: 0
HasImplIP: 0
IsGatedGlobalClock: 0

+ Individual pipeline summary: 
  * Pipeline-0: initiation interval (II) = 1, depth = 45


============================================================
+ Verbose Summary: Schedule
============================================================
* Number of FSM states : 45
* Pipeline : 1
  Pipeline-0 : II = 1, D = 45, States = { 1 2 3 4 5 6 7 8 9 10 11 12 13 14 15 16 17 18 19 20 21 22 23 24 25 26 27 28 29 30 31 32 33 34 35 36 37 38 39 40 41 42 43 44 45 }
* Dataflow Pipeline: 0

* FSM state transitions: 
1 --> 2 
2 --> 3 
3 --> 4 
4 --> 5 
5 --> 6 
6 --> 7 
7 --> 8 
8 --> 9 
9 --> 10 
10 --> 11 
11 --> 12 
12 --> 13 
13 --> 14 
14 --> 15 
15 --> 16 
16 --> 17 
17 --> 18 
18 --> 19 
19 --> 20 
20 --> 21 
21 --> 22 
22 --> 23 
23 --> 24 
24 --> 25 
25 --> 26 
26 --> 27 
27 --> 28 
28 --> 29 
29 --> 30 
30 --> 31 
31 --> 32 
32 --> 33 
33 --> 34 
34 --> 35 
35 --> 36 
36 --> 37 
37 --> 38 
38 --> 39 
39 --> 40 
40 --> 41 
41 --> 42 
42 --> 43 
43 --> 44 
44 --> 45 
45 --> 

* FSM state operations: 

State 1 <SV = 0> <Delay = 2.82>
ST_1 : Operation 48 [1/1] (0.00ns)   --->   "%j = alloca i32 1" [top.cpp:24]   --->   Operation 48 'alloca' 'j' <Predicate = true> <Delay = 0.00>
ST_1 : Operation 49 [1/1] (0.00ns)   --->   "%conv_i362_read = read i24 @_ssdm_op_Read.ap_auto.i24, i24 %conv_i362"   --->   Operation 49 'read' 'conv_i362_read' <Predicate = true> <Delay = 0.00>
ST_1 : Operation 50 [1/1] (0.00ns)   --->   "%zext_ln26_read = read i14 @_ssdm_op_Read.ap_auto.i14, i14 %zext_ln26"   --->   Operation 50 'read' 'zext_ln26_read' <Predicate = true> <Delay = 0.00>
ST_1 : Operation 51 [1/1] (0.00ns)   --->   "%conv_i362_cast = sext i24 %conv_i362_read"   --->   Operation 51 'sext' 'conv_i362_cast' <Predicate = true> <Delay = 0.00>
ST_1 : Operation 52 [1/1] (0.00ns)   --->   "%specinterface_ln0 = specinterface void @_ssdm_op_SpecInterface, i24 %A, void @empty, i32 0, i32 0, void @empty_0, i32 4294967295, i32 0, void @empty_0, void @empty_0, void @empty_0, i32 0, i32 0, i32 0, i32 0, void @empty_0, void @empty_0, i32 4294967295, i32 0, i32 0"   --->   Operation 52 'specinterface' 'specinterface_ln0' <Predicate = true> <Delay = 0.00>
ST_1 : Operation 53 [1/1] (0.48ns)   --->   "%store_ln24 = store i7 0, i7 %j" [top.cpp:24]   --->   Operation 53 'store' 'store_ln24' <Predicate = true> <Delay = 0.48>
ST_1 : Operation 54 [1/1] (0.00ns)   --->   "%br_ln0 = br void %for.body12"   --->   Operation 54 'br' 'br_ln0' <Predicate = true> <Delay = 0.00>
ST_1 : Operation 55 [1/1] (0.00ns)   --->   "%j_1 = load i7 %j" [top.cpp:24]   --->   Operation 55 'load' 'j_1' <Predicate = true> <Delay = 0.00>
ST_1 : Operation 56 [1/1] (0.89ns)   --->   "%icmp_ln24 = icmp_eq  i7 %j_1, i7 64" [top.cpp:24]   --->   Operation 56 'icmp' 'icmp_ln24' <Predicate = true> <Delay = 0.89> <CoreInst = "Cmp">   --->   Core 9 'Cmp' <Latency = 0> <II = 1> <Delay = 0.90> <FuncUnit> <Opcode : 'seteq' 'setne' 'setle' 'setge' 'setlt' 'setgt'> <InPorts = 2> <OutPorts = 1>
ST_1 : Operation 57 [1/1] (0.89ns)   --->   "%add_ln24 = add i7 %j_1, i7 1" [top.cpp:24]   --->   Operation 57 'add' 'add_ln24' <Predicate = true> <Delay = 0.89> <CoreInst = "Adder">   --->   Core 1 'Adder' <Latency = 0> <II = 1> <Delay = 0.89> <FuncUnit> <Opcode : 'add' 'sub'> <InPorts = 2> <OutPorts = 1>
ST_1 : Operation 58 [1/1] (0.00ns)   --->   "%br_ln24 = br i1 %icmp_ln24, void %for.body12.split, void %for.inc26.exitStub" [top.cpp:24]   --->   Operation 58 'br' 'br_ln24' <Predicate = true> <Delay = 0.00>
ST_1 : Operation 59 [1/1] (0.00ns)   --->   "%zext_ln26_1 = zext i7 %j_1" [top.cpp:26]   --->   Operation 59 'zext' 'zext_ln26_1' <Predicate = (!icmp_ln24)> <Delay = 0.00>
ST_1 : Operation 60 [1/1] (0.98ns)   --->   "%add_ln26 = add i14 %zext_ln26_read, i14 %zext_ln26_1" [top.cpp:26]   --->   Operation 60 'add' 'add_ln26' <Predicate = (!icmp_ln24)> <Delay = 0.98> <CoreInst = "Adder">   --->   Core 1 'Adder' <Latency = 0> <II = 1> <Delay = 0.98> <FuncUnit> <Opcode : 'add' 'sub'> <InPorts = 2> <OutPorts = 1>
ST_1 : Operation 61 [1/1] (0.00ns)   --->   "%zext_ln26_2 = zext i14 %add_ln26" [top.cpp:26]   --->   Operation 61 'zext' 'zext_ln26_2' <Predicate = (!icmp_ln24)> <Delay = 0.00>
ST_1 : Operation 62 [1/1] (0.00ns)   --->   "%A_addr = getelementptr i24 %A, i64 0, i64 %zext_ln26_2" [top.cpp:26]   --->   Operation 62 'getelementptr' 'A_addr' <Predicate = (!icmp_ln24)> <Delay = 0.00>
ST_1 : Operation 63 [2/2] (1.35ns)   --->   "%A_load = load i14 %A_addr" [top.cpp:26]   --->   Operation 63 'load' 'A_load' <Predicate = (!icmp_ln24)> <Delay = 1.35> <CoreInst = "RAM">   --->   Core 82 'RAM' <Latency = 1> <II = 1> <Delay = 1.35> <Storage> <Opcode : 'load' 'store'> <Ports = 2> <Width = 24> <Depth = 16384> <RAM>
ST_1 : Operation 64 [1/1] (0.48ns)   --->   "%store_ln24 = store i7 %add_ln24, i7 %j" [top.cpp:24]   --->   Operation 64 'store' 'store_ln24' <Predicate = (!icmp_ln24)> <Delay = 0.48>

State 2 <SV = 1> <Delay = 3.07>
ST_2 : Operation 65 [1/2] ( I:1.35ns O:1.35ns )   --->   "%A_load = load i14 %A_addr" [top.cpp:26]   --->   Operation 65 'load' 'A_load' <Predicate = true> <Delay = 1.35> <CoreInst = "RAM">   --->   Core 82 'RAM' <Latency = 1> <II = 1> <Delay = 1.35> <Storage> <Opcode : 'load' 'store'> <Ports = 2> <Width = 24> <Depth = 16384> <RAM>
ST_2 : Operation 66 [1/1] (0.00ns)   --->   "%shl_ln1 = bitconcatenate i40 @_ssdm_op_BitConcatenate.i40.i24.i16, i24 %A_load, i16 0" [top.cpp:26]   --->   Operation 66 'bitconcatenate' 'shl_ln1' <Predicate = true> <Delay = 0.00>
ST_2 : Operation 67 [44/44] (1.72ns)   --->   "%sdiv_ln26 = sdiv i40 %shl_ln1, i40 %conv_i362_cast" [top.cpp:26]   --->   Operation 67 'sdiv' 'sdiv_ln26' <Predicate = true> <Delay = 1.72> <CoreInst = "Divider">   --->   Core 6 'Divider' <Latency = 43> <II = 1> <Delay = 1.72> <FuncUnit> <Opcode : 'udiv' 'sdiv' 'urem' 'srem'> <InPorts = 2> <OutPorts = 1>

State 3 <SV = 2> <Delay = 1.72>
ST_3 : Operation 68 [43/44] (1.72ns)   --->   "%sdiv_ln26 = sdiv i40 %shl_ln1, i40 %conv_i362_cast" [top.cpp:26]   --->   Operation 68 'sdiv' 'sdiv_ln26' <Predicate = true> <Delay = 1.72> <CoreInst = "Divider">   --->   Core 6 'Divider' <Latency = 43> <II = 1> <Delay = 1.72> <FuncUnit> <Opcode : 'udiv' 'sdiv' 'urem' 'srem'> <InPorts = 2> <OutPorts = 1>

State 4 <SV = 3> <Delay = 1.72>
ST_4 : Operation 69 [42/44] (1.72ns)   --->   "%sdiv_ln26 = sdiv i40 %shl_ln1, i40 %conv_i362_cast" [top.cpp:26]   --->   Operation 69 'sdiv' 'sdiv_ln26' <Predicate = true> <Delay = 1.72> <CoreInst = "Divider">   --->   Core 6 'Divider' <Latency = 43> <II = 1> <Delay = 1.72> <FuncUnit> <Opcode : 'udiv' 'sdiv' 'urem' 'srem'> <InPorts = 2> <OutPorts = 1>

State 5 <SV = 4> <Delay = 1.72>
ST_5 : Operation 70 [41/44] (1.72ns)   --->   "%sdiv_ln26 = sdiv i40 %shl_ln1, i40 %conv_i362_cast" [top.cpp:26]   --->   Operation 70 'sdiv' 'sdiv_ln26' <Predicate = true> <Delay = 1.72> <CoreInst = "Divider">   --->   Core 6 'Divider' <Latency = 43> <II = 1> <Delay = 1.72> <FuncUnit> <Opcode : 'udiv' 'sdiv' 'urem' 'srem'> <InPorts = 2> <OutPorts = 1>

State 6 <SV = 5> <Delay = 1.72>
ST_6 : Operation 71 [40/44] (1.72ns)   --->   "%sdiv_ln26 = sdiv i40 %shl_ln1, i40 %conv_i362_cast" [top.cpp:26]   --->   Operation 71 'sdiv' 'sdiv_ln26' <Predicate = true> <Delay = 1.72> <CoreInst = "Divider">   --->   Core 6 'Divider' <Latency = 43> <II = 1> <Delay = 1.72> <FuncUnit> <Opcode : 'udiv' 'sdiv' 'urem' 'srem'> <InPorts = 2> <OutPorts = 1>

State 7 <SV = 6> <Delay = 1.72>
ST_7 : Operation 72 [39/44] (1.72ns)   --->   "%sdiv_ln26 = sdiv i40 %shl_ln1, i40 %conv_i362_cast" [top.cpp:26]   --->   Operation 72 'sdiv' 'sdiv_ln26' <Predicate = true> <Delay = 1.72> <CoreInst = "Divider">   --->   Core 6 'Divider' <Latency = 43> <II = 1> <Delay = 1.72> <FuncUnit> <Opcode : 'udiv' 'sdiv' 'urem' 'srem'> <InPorts = 2> <OutPorts = 1>

State 8 <SV = 7> <Delay = 1.72>
ST_8 : Operation 73 [38/44] (1.72ns)   --->   "%sdiv_ln26 = sdiv i40 %shl_ln1, i40 %conv_i362_cast" [top.cpp:26]   --->   Operation 73 'sdiv' 'sdiv_ln26' <Predicate = true> <Delay = 1.72> <CoreInst = "Divider">   --->   Core 6 'Divider' <Latency = 43> <II = 1> <Delay = 1.72> <FuncUnit> <Opcode : 'udiv' 'sdiv' 'urem' 'srem'> <InPorts = 2> <OutPorts = 1>

State 9 <SV = 8> <Delay = 1.72>
ST_9 : Operation 74 [37/44] (1.72ns)   --->   "%sdiv_ln26 = sdiv i40 %shl_ln1, i40 %conv_i362_cast" [top.cpp:26]   --->   Operation 74 'sdiv' 'sdiv_ln26' <Predicate = true> <Delay = 1.72> <CoreInst = "Divider">   --->   Core 6 'Divider' <Latency = 43> <II = 1> <Delay = 1.72> <FuncUnit> <Opcode : 'udiv' 'sdiv' 'urem' 'srem'> <InPorts = 2> <OutPorts = 1>

State 10 <SV = 9> <Delay = 1.72>
ST_10 : Operation 75 [36/44] (1.72ns)   --->   "%sdiv_ln26 = sdiv i40 %shl_ln1, i40 %conv_i362_cast" [top.cpp:26]   --->   Operation 75 'sdiv' 'sdiv_ln26' <Predicate = true> <Delay = 1.72> <CoreInst = "Divider">   --->   Core 6 'Divider' <Latency = 43> <II = 1> <Delay = 1.72> <FuncUnit> <Opcode : 'udiv' 'sdiv' 'urem' 'srem'> <InPorts = 2> <OutPorts = 1>

State 11 <SV = 10> <Delay = 1.72>
ST_11 : Operation 76 [35/44] (1.72ns)   --->   "%sdiv_ln26 = sdiv i40 %shl_ln1, i40 %conv_i362_cast" [top.cpp:26]   --->   Operation 76 'sdiv' 'sdiv_ln26' <Predicate = true> <Delay = 1.72> <CoreInst = "Divider">   --->   Core 6 'Divider' <Latency = 43> <II = 1> <Delay = 1.72> <FuncUnit> <Opcode : 'udiv' 'sdiv' 'urem' 'srem'> <InPorts = 2> <OutPorts = 1>

State 12 <SV = 11> <Delay = 1.72>
ST_12 : Operation 77 [34/44] (1.72ns)   --->   "%sdiv_ln26 = sdiv i40 %shl_ln1, i40 %conv_i362_cast" [top.cpp:26]   --->   Operation 77 'sdiv' 'sdiv_ln26' <Predicate = true> <Delay = 1.72> <CoreInst = "Divider">   --->   Core 6 'Divider' <Latency = 43> <II = 1> <Delay = 1.72> <FuncUnit> <Opcode : 'udiv' 'sdiv' 'urem' 'srem'> <InPorts = 2> <OutPorts = 1>

State 13 <SV = 12> <Delay = 1.72>
ST_13 : Operation 78 [33/44] (1.72ns)   --->   "%sdiv_ln26 = sdiv i40 %shl_ln1, i40 %conv_i362_cast" [top.cpp:26]   --->   Operation 78 'sdiv' 'sdiv_ln26' <Predicate = true> <Delay = 1.72> <CoreInst = "Divider">   --->   Core 6 'Divider' <Latency = 43> <II = 1> <Delay = 1.72> <FuncUnit> <Opcode : 'udiv' 'sdiv' 'urem' 'srem'> <InPorts = 2> <OutPorts = 1>

State 14 <SV = 13> <Delay = 1.72>
ST_14 : Operation 79 [32/44] (1.72ns)   --->   "%sdiv_ln26 = sdiv i40 %shl_ln1, i40 %conv_i362_cast" [top.cpp:26]   --->   Operation 79 'sdiv' 'sdiv_ln26' <Predicate = true> <Delay = 1.72> <CoreInst = "Divider">   --->   Core 6 'Divider' <Latency = 43> <II = 1> <Delay = 1.72> <FuncUnit> <Opcode : 'udiv' 'sdiv' 'urem' 'srem'> <InPorts = 2> <OutPorts = 1>

State 15 <SV = 14> <Delay = 1.72>
ST_15 : Operation 80 [31/44] (1.72ns)   --->   "%sdiv_ln26 = sdiv i40 %shl_ln1, i40 %conv_i362_cast" [top.cpp:26]   --->   Operation 80 'sdiv' 'sdiv_ln26' <Predicate = true> <Delay = 1.72> <CoreInst = "Divider">   --->   Core 6 'Divider' <Latency = 43> <II = 1> <Delay = 1.72> <FuncUnit> <Opcode : 'udiv' 'sdiv' 'urem' 'srem'> <InPorts = 2> <OutPorts = 1>

State 16 <SV = 15> <Delay = 1.72>
ST_16 : Operation 81 [30/44] (1.72ns)   --->   "%sdiv_ln26 = sdiv i40 %shl_ln1, i40 %conv_i362_cast" [top.cpp:26]   --->   Operation 81 'sdiv' 'sdiv_ln26' <Predicate = true> <Delay = 1.72> <CoreInst = "Divider">   --->   Core 6 'Divider' <Latency = 43> <II = 1> <Delay = 1.72> <FuncUnit> <Opcode : 'udiv' 'sdiv' 'urem' 'srem'> <InPorts = 2> <OutPorts = 1>

State 17 <SV = 16> <Delay = 1.72>
ST_17 : Operation 82 [29/44] (1.72ns)   --->   "%sdiv_ln26 = sdiv i40 %shl_ln1, i40 %conv_i362_cast" [top.cpp:26]   --->   Operation 82 'sdiv' 'sdiv_ln26' <Predicate = true> <Delay = 1.72> <CoreInst = "Divider">   --->   Core 6 'Divider' <Latency = 43> <II = 1> <Delay = 1.72> <FuncUnit> <Opcode : 'udiv' 'sdiv' 'urem' 'srem'> <InPorts = 2> <OutPorts = 1>

State 18 <SV = 17> <Delay = 1.72>
ST_18 : Operation 83 [28/44] (1.72ns)   --->   "%sdiv_ln26 = sdiv i40 %shl_ln1, i40 %conv_i362_cast" [top.cpp:26]   --->   Operation 83 'sdiv' 'sdiv_ln26' <Predicate = true> <Delay = 1.72> <CoreInst = "Divider">   --->   Core 6 'Divider' <Latency = 43> <II = 1> <Delay = 1.72> <FuncUnit> <Opcode : 'udiv' 'sdiv' 'urem' 'srem'> <InPorts = 2> <OutPorts = 1>

State 19 <SV = 18> <Delay = 1.72>
ST_19 : Operation 84 [27/44] (1.72ns)   --->   "%sdiv_ln26 = sdiv i40 %shl_ln1, i40 %conv_i362_cast" [top.cpp:26]   --->   Operation 84 'sdiv' 'sdiv_ln26' <Predicate = true> <Delay = 1.72> <CoreInst = "Divider">   --->   Core 6 'Divider' <Latency = 43> <II = 1> <Delay = 1.72> <FuncUnit> <Opcode : 'udiv' 'sdiv' 'urem' 'srem'> <InPorts = 2> <OutPorts = 1>

State 20 <SV = 19> <Delay = 1.72>
ST_20 : Operation 85 [26/44] (1.72ns)   --->   "%sdiv_ln26 = sdiv i40 %shl_ln1, i40 %conv_i362_cast" [top.cpp:26]   --->   Operation 85 'sdiv' 'sdiv_ln26' <Predicate = true> <Delay = 1.72> <CoreInst = "Divider">   --->   Core 6 'Divider' <Latency = 43> <II = 1> <Delay = 1.72> <FuncUnit> <Opcode : 'udiv' 'sdiv' 'urem' 'srem'> <InPorts = 2> <OutPorts = 1>

State 21 <SV = 20> <Delay = 1.72>
ST_21 : Operation 86 [25/44] (1.72ns)   --->   "%sdiv_ln26 = sdiv i40 %shl_ln1, i40 %conv_i362_cast" [top.cpp:26]   --->   Operation 86 'sdiv' 'sdiv_ln26' <Predicate = true> <Delay = 1.72> <CoreInst = "Divider">   --->   Core 6 'Divider' <Latency = 43> <II = 1> <Delay = 1.72> <FuncUnit> <Opcode : 'udiv' 'sdiv' 'urem' 'srem'> <InPorts = 2> <OutPorts = 1>

State 22 <SV = 21> <Delay = 1.72>
ST_22 : Operation 87 [24/44] (1.72ns)   --->   "%sdiv_ln26 = sdiv i40 %shl_ln1, i40 %conv_i362_cast" [top.cpp:26]   --->   Operation 87 'sdiv' 'sdiv_ln26' <Predicate = true> <Delay = 1.72> <CoreInst = "Divider">   --->   Core 6 'Divider' <Latency = 43> <II = 1> <Delay = 1.72> <FuncUnit> <Opcode : 'udiv' 'sdiv' 'urem' 'srem'> <InPorts = 2> <OutPorts = 1>

State 23 <SV = 22> <Delay = 1.72>
ST_23 : Operation 88 [23/44] (1.72ns)   --->   "%sdiv_ln26 = sdiv i40 %shl_ln1, i40 %conv_i362_cast" [top.cpp:26]   --->   Operation 88 'sdiv' 'sdiv_ln26' <Predicate = true> <Delay = 1.72> <CoreInst = "Divider">   --->   Core 6 'Divider' <Latency = 43> <II = 1> <Delay = 1.72> <FuncUnit> <Opcode : 'udiv' 'sdiv' 'urem' 'srem'> <InPorts = 2> <OutPorts = 1>

State 24 <SV = 23> <Delay = 1.72>
ST_24 : Operation 89 [22/44] (1.72ns)   --->   "%sdiv_ln26 = sdiv i40 %shl_ln1, i40 %conv_i362_cast" [top.cpp:26]   --->   Operation 89 'sdiv' 'sdiv_ln26' <Predicate = true> <Delay = 1.72> <CoreInst = "Divider">   --->   Core 6 'Divider' <Latency = 43> <II = 1> <Delay = 1.72> <FuncUnit> <Opcode : 'udiv' 'sdiv' 'urem' 'srem'> <InPorts = 2> <OutPorts = 1>

State 25 <SV = 24> <Delay = 1.72>
ST_25 : Operation 90 [21/44] (1.72ns)   --->   "%sdiv_ln26 = sdiv i40 %shl_ln1, i40 %conv_i362_cast" [top.cpp:26]   --->   Operation 90 'sdiv' 'sdiv_ln26' <Predicate = true> <Delay = 1.72> <CoreInst = "Divider">   --->   Core 6 'Divider' <Latency = 43> <II = 1> <Delay = 1.72> <FuncUnit> <Opcode : 'udiv' 'sdiv' 'urem' 'srem'> <InPorts = 2> <OutPorts = 1>

State 26 <SV = 25> <Delay = 1.72>
ST_26 : Operation 91 [20/44] (1.72ns)   --->   "%sdiv_ln26 = sdiv i40 %shl_ln1, i40 %conv_i362_cast" [top.cpp:26]   --->   Operation 91 'sdiv' 'sdiv_ln26' <Predicate = true> <Delay = 1.72> <CoreInst = "Divider">   --->   Core 6 'Divider' <Latency = 43> <II = 1> <Delay = 1.72> <FuncUnit> <Opcode : 'udiv' 'sdiv' 'urem' 'srem'> <InPorts = 2> <OutPorts = 1>

State 27 <SV = 26> <Delay = 1.72>
ST_27 : Operation 92 [19/44] (1.72ns)   --->   "%sdiv_ln26 = sdiv i40 %shl_ln1, i40 %conv_i362_cast" [top.cpp:26]   --->   Operation 92 'sdiv' 'sdiv_ln26' <Predicate = true> <Delay = 1.72> <CoreInst = "Divider">   --->   Core 6 'Divider' <Latency = 43> <II = 1> <Delay = 1.72> <FuncUnit> <Opcode : 'udiv' 'sdiv' 'urem' 'srem'> <InPorts = 2> <OutPorts = 1>

State 28 <SV = 27> <Delay = 1.72>
ST_28 : Operation 93 [18/44] (1.72ns)   --->   "%sdiv_ln26 = sdiv i40 %shl_ln1, i40 %conv_i362_cast" [top.cpp:26]   --->   Operation 93 'sdiv' 'sdiv_ln26' <Predicate = true> <Delay = 1.72> <CoreInst = "Divider">   --->   Core 6 'Divider' <Latency = 43> <II = 1> <Delay = 1.72> <FuncUnit> <Opcode : 'udiv' 'sdiv' 'urem' 'srem'> <InPorts = 2> <OutPorts = 1>

State 29 <SV = 28> <Delay = 1.72>
ST_29 : Operation 94 [17/44] (1.72ns)   --->   "%sdiv_ln26 = sdiv i40 %shl_ln1, i40 %conv_i362_cast" [top.cpp:26]   --->   Operation 94 'sdiv' 'sdiv_ln26' <Predicate = true> <Delay = 1.72> <CoreInst = "Divider">   --->   Core 6 'Divider' <Latency = 43> <II = 1> <Delay = 1.72> <FuncUnit> <Opcode : 'udiv' 'sdiv' 'urem' 'srem'> <InPorts = 2> <OutPorts = 1>

State 30 <SV = 29> <Delay = 1.72>
ST_30 : Operation 95 [16/44] (1.72ns)   --->   "%sdiv_ln26 = sdiv i40 %shl_ln1, i40 %conv_i362_cast" [top.cpp:26]   --->   Operation 95 'sdiv' 'sdiv_ln26' <Predicate = true> <Delay = 1.72> <CoreInst = "Divider">   --->   Core 6 'Divider' <Latency = 43> <II = 1> <Delay = 1.72> <FuncUnit> <Opcode : 'udiv' 'sdiv' 'urem' 'srem'> <InPorts = 2> <OutPorts = 1>

State 31 <SV = 30> <Delay = 1.72>
ST_31 : Operation 96 [15/44] (1.72ns)   --->   "%sdiv_ln26 = sdiv i40 %shl_ln1, i40 %conv_i362_cast" [top.cpp:26]   --->   Operation 96 'sdiv' 'sdiv_ln26' <Predicate = true> <Delay = 1.72> <CoreInst = "Divider">   --->   Core 6 'Divider' <Latency = 43> <II = 1> <Delay = 1.72> <FuncUnit> <Opcode : 'udiv' 'sdiv' 'urem' 'srem'> <InPorts = 2> <OutPorts = 1>

State 32 <SV = 31> <Delay = 1.72>
ST_32 : Operation 97 [14/44] (1.72ns)   --->   "%sdiv_ln26 = sdiv i40 %shl_ln1, i40 %conv_i362_cast" [top.cpp:26]   --->   Operation 97 'sdiv' 'sdiv_ln26' <Predicate = true> <Delay = 1.72> <CoreInst = "Divider">   --->   Core 6 'Divider' <Latency = 43> <II = 1> <Delay = 1.72> <FuncUnit> <Opcode : 'udiv' 'sdiv' 'urem' 'srem'> <InPorts = 2> <OutPorts = 1>

State 33 <SV = 32> <Delay = 1.72>
ST_33 : Operation 98 [13/44] (1.72ns)   --->   "%sdiv_ln26 = sdiv i40 %shl_ln1, i40 %conv_i362_cast" [top.cpp:26]   --->   Operation 98 'sdiv' 'sdiv_ln26' <Predicate = true> <Delay = 1.72> <CoreInst = "Divider">   --->   Core 6 'Divider' <Latency = 43> <II = 1> <Delay = 1.72> <FuncUnit> <Opcode : 'udiv' 'sdiv' 'urem' 'srem'> <InPorts = 2> <OutPorts = 1>

State 34 <SV = 33> <Delay = 1.72>
ST_34 : Operation 99 [12/44] (1.72ns)   --->   "%sdiv_ln26 = sdiv i40 %shl_ln1, i40 %conv_i362_cast" [top.cpp:26]   --->   Operation 99 'sdiv' 'sdiv_ln26' <Predicate = true> <Delay = 1.72> <CoreInst = "Divider">   --->   Core 6 'Divider' <Latency = 43> <II = 1> <Delay = 1.72> <FuncUnit> <Opcode : 'udiv' 'sdiv' 'urem' 'srem'> <InPorts = 2> <OutPorts = 1>

State 35 <SV = 34> <Delay = 1.72>
ST_35 : Operation 100 [11/44] (1.72ns)   --->   "%sdiv_ln26 = sdiv i40 %shl_ln1, i40 %conv_i362_cast" [top.cpp:26]   --->   Operation 100 'sdiv' 'sdiv_ln26' <Predicate = true> <Delay = 1.72> <CoreInst = "Divider">   --->   Core 6 'Divider' <Latency = 43> <II = 1> <Delay = 1.72> <FuncUnit> <Opcode : 'udiv' 'sdiv' 'urem' 'srem'> <InPorts = 2> <OutPorts = 1>

State 36 <SV = 35> <Delay = 1.72>
ST_36 : Operation 101 [10/44] (1.72ns)   --->   "%sdiv_ln26 = sdiv i40 %shl_ln1, i40 %conv_i362_cast" [top.cpp:26]   --->   Operation 101 'sdiv' 'sdiv_ln26' <Predicate = true> <Delay = 1.72> <CoreInst = "Divider">   --->   Core 6 'Divider' <Latency = 43> <II = 1> <Delay = 1.72> <FuncUnit> <Opcode : 'udiv' 'sdiv' 'urem' 'srem'> <InPorts = 2> <OutPorts = 1>

State 37 <SV = 36> <Delay = 1.72>
ST_37 : Operation 102 [9/44] (1.72ns)   --->   "%sdiv_ln26 = sdiv i40 %shl_ln1, i40 %conv_i362_cast" [top.cpp:26]   --->   Operation 102 'sdiv' 'sdiv_ln26' <Predicate = true> <Delay = 1.72> <CoreInst = "Divider">   --->   Core 6 'Divider' <Latency = 43> <II = 1> <Delay = 1.72> <FuncUnit> <Opcode : 'udiv' 'sdiv' 'urem' 'srem'> <InPorts = 2> <OutPorts = 1>

State 38 <SV = 37> <Delay = 1.72>
ST_38 : Operation 103 [8/44] (1.72ns)   --->   "%sdiv_ln26 = sdiv i40 %shl_ln1, i40 %conv_i362_cast" [top.cpp:26]   --->   Operation 103 'sdiv' 'sdiv_ln26' <Predicate = true> <Delay = 1.72> <CoreInst = "Divider">   --->   Core 6 'Divider' <Latency = 43> <II = 1> <Delay = 1.72> <FuncUnit> <Opcode : 'udiv' 'sdiv' 'urem' 'srem'> <InPorts = 2> <OutPorts = 1>

State 39 <SV = 38> <Delay = 1.72>
ST_39 : Operation 104 [7/44] (1.72ns)   --->   "%sdiv_ln26 = sdiv i40 %shl_ln1, i40 %conv_i362_cast" [top.cpp:26]   --->   Operation 104 'sdiv' 'sdiv_ln26' <Predicate = true> <Delay = 1.72> <CoreInst = "Divider">   --->   Core 6 'Divider' <Latency = 43> <II = 1> <Delay = 1.72> <FuncUnit> <Opcode : 'udiv' 'sdiv' 'urem' 'srem'> <InPorts = 2> <OutPorts = 1>

State 40 <SV = 39> <Delay = 1.72>
ST_40 : Operation 105 [6/44] (1.72ns)   --->   "%sdiv_ln26 = sdiv i40 %shl_ln1, i40 %conv_i362_cast" [top.cpp:26]   --->   Operation 105 'sdiv' 'sdiv_ln26' <Predicate = true> <Delay = 1.72> <CoreInst = "Divider">   --->   Core 6 'Divider' <Latency = 43> <II = 1> <Delay = 1.72> <FuncUnit> <Opcode : 'udiv' 'sdiv' 'urem' 'srem'> <InPorts = 2> <OutPorts = 1>

State 41 <SV = 40> <Delay = 1.72>
ST_41 : Operation 106 [5/44] (1.72ns)   --->   "%sdiv_ln26 = sdiv i40 %shl_ln1, i40 %conv_i362_cast" [top.cpp:26]   --->   Operation 106 'sdiv' 'sdiv_ln26' <Predicate = true> <Delay = 1.72> <CoreInst = "Divider">   --->   Core 6 'Divider' <Latency = 43> <II = 1> <Delay = 1.72> <FuncUnit> <Opcode : 'udiv' 'sdiv' 'urem' 'srem'> <InPorts = 2> <OutPorts = 1>

State 42 <SV = 41> <Delay = 1.72>
ST_42 : Operation 107 [4/44] (1.72ns)   --->   "%sdiv_ln26 = sdiv i40 %shl_ln1, i40 %conv_i362_cast" [top.cpp:26]   --->   Operation 107 'sdiv' 'sdiv_ln26' <Predicate = true> <Delay = 1.72> <CoreInst = "Divider">   --->   Core 6 'Divider' <Latency = 43> <II = 1> <Delay = 1.72> <FuncUnit> <Opcode : 'udiv' 'sdiv' 'urem' 'srem'> <InPorts = 2> <OutPorts = 1>

State 43 <SV = 42> <Delay = 1.72>
ST_43 : Operation 108 [3/44] (1.72ns)   --->   "%sdiv_ln26 = sdiv i40 %shl_ln1, i40 %conv_i362_cast" [top.cpp:26]   --->   Operation 108 'sdiv' 'sdiv_ln26' <Predicate = true> <Delay = 1.72> <CoreInst = "Divider">   --->   Core 6 'Divider' <Latency = 43> <II = 1> <Delay = 1.72> <FuncUnit> <Opcode : 'udiv' 'sdiv' 'urem' 'srem'> <InPorts = 2> <OutPorts = 1>

State 44 <SV = 43> <Delay = 1.72>
ST_44 : Operation 109 [2/44] (1.72ns)   --->   "%sdiv_ln26 = sdiv i40 %shl_ln1, i40 %conv_i362_cast" [top.cpp:26]   --->   Operation 109 'sdiv' 'sdiv_ln26' <Predicate = true> <Delay = 1.72> <CoreInst = "Divider">   --->   Core 6 'Divider' <Latency = 43> <II = 1> <Delay = 1.72> <FuncUnit> <Opcode : 'udiv' 'sdiv' 'urem' 'srem'> <InPorts = 2> <OutPorts = 1>
ST_44 : Operation 132 [1/1] (0.48ns)   --->   "%ret_ln0 = ret"   --->   Operation 132 'ret' 'ret_ln0' <Predicate = (icmp_ln24)> <Delay = 0.48>

State 45 <SV = 44> <Delay = 4.85>
ST_45 : Operation 110 [1/1] (0.00ns)   --->   "%tmp_addr = getelementptr i24 %tmp, i64 0, i64 %zext_ln26_2" [top.cpp:26]   --->   Operation 110 'getelementptr' 'tmp_addr' <Predicate = true> <Delay = 0.00>
ST_45 : Operation 111 [1/1] (0.00ns)   --->   "%specpipeline_ln25 = specpipeline void @_ssdm_op_SpecPipeline, i32 1, i32 0, i32 0, i32 0, void @empty_0" [top.cpp:25]   --->   Operation 111 'specpipeline' 'specpipeline_ln25' <Predicate = true> <Delay = 0.00>
ST_45 : Operation 112 [1/1] (0.00ns)   --->   "%speclooptripcount_ln24 = speclooptripcount void @_ssdm_op_SpecLoopTripCount, i64 64, i64 64, i64 64" [top.cpp:24]   --->   Operation 112 'speclooptripcount' 'speclooptripcount_ln24' <Predicate = true> <Delay = 0.00>
ST_45 : Operation 113 [1/1] (0.00ns)   --->   "%specloopname_ln24 = specloopname void @_ssdm_op_SpecLoopName, void @empty_6" [top.cpp:24]   --->   Operation 113 'specloopname' 'specloopname_ln24' <Predicate = true> <Delay = 0.00>
ST_45 : Operation 114 [1/44] (1.72ns)   --->   "%sdiv_ln26 = sdiv i40 %shl_ln1, i40 %conv_i362_cast" [top.cpp:26]   --->   Operation 114 'sdiv' 'sdiv_ln26' <Predicate = true> <Delay = 1.72> <CoreInst = "Divider">   --->   Core 6 'Divider' <Latency = 43> <II = 1> <Delay = 1.72> <FuncUnit> <Opcode : 'udiv' 'sdiv' 'urem' 'srem'> <InPorts = 2> <OutPorts = 1>
ST_45 : Operation 115 [1/1] (0.00ns)   --->   "%tmp_1 = bitselect i1 @_ssdm_op_BitSelect.i1.i40.i32, i40 %sdiv_ln26, i32 39" [top.cpp:26]   --->   Operation 115 'bitselect' 'tmp_1' <Predicate = true> <Delay = 0.00>
ST_45 : Operation 116 [1/1] (0.00ns) (grouped into LUT with out node select_ln26_1)   --->   "%trunc_ln26 = trunc i40 %sdiv_ln26" [top.cpp:26]   --->   Operation 116 'trunc' 'trunc_ln26' <Predicate = true> <Delay = 0.00>
ST_45 : Operation 117 [1/1] (0.00ns)   --->   "%tmp_6 = bitselect i1 @_ssdm_op_BitSelect.i1.i40.i32, i40 %sdiv_ln26, i32 23" [top.cpp:26]   --->   Operation 117 'bitselect' 'tmp_6' <Predicate = true> <Delay = 0.00>
ST_45 : Operation 118 [1/1] (0.00ns)   --->   "%tmp_s = partselect i16 @_ssdm_op_PartSelect.i16.i40.i32.i32, i40 %sdiv_ln26, i32 24, i32 39" [top.cpp:26]   --->   Operation 118 'partselect' 'tmp_s' <Predicate = true> <Delay = 0.00>
ST_45 : Operation 119 [1/1] (1.01ns)   --->   "%icmp_ln26 = icmp_ne  i16 %tmp_s, i16 65535" [top.cpp:26]   --->   Operation 119 'icmp' 'icmp_ln26' <Predicate = true> <Delay = 1.01> <CoreInst = "Cmp">   --->   Core 9 'Cmp' <Latency = 0> <II = 1> <Delay = 1.01> <FuncUnit> <Opcode : 'seteq' 'setne' 'setle' 'setge' 'setlt' 'setgt'> <InPorts = 2> <OutPorts = 1>
ST_45 : Operation 120 [1/1] (1.01ns)   --->   "%icmp_ln26_1 = icmp_ne  i16 %tmp_s, i16 0" [top.cpp:26]   --->   Operation 120 'icmp' 'icmp_ln26_1' <Predicate = true> <Delay = 1.01> <CoreInst = "Cmp">   --->   Core 9 'Cmp' <Latency = 0> <II = 1> <Delay = 1.01> <FuncUnit> <Opcode : 'seteq' 'setne' 'setle' 'setge' 'setlt' 'setgt'> <InPorts = 2> <OutPorts = 1>
ST_45 : Operation 121 [1/1] (0.00ns) (grouped into LUT with out node and_ln26)   --->   "%or_ln26 = or i1 %tmp_6, i1 %icmp_ln26_1" [top.cpp:26]   --->   Operation 121 'or' 'or_ln26' <Predicate = true> <Delay = 0.00> <CoreInst = "LogicGate">   --->   Core 74 'LogicGate' <Latency = 0> <II = 1> <Delay = 0.33> <FuncUnit> <Opcode : 'and' 'or' 'xor'> <InPorts = 2> <OutPorts = 1>
ST_45 : Operation 122 [1/1] (0.00ns) (grouped into LUT with out node and_ln26)   --->   "%xor_ln26 = xor i1 %tmp_1, i1 1" [top.cpp:26]   --->   Operation 122 'xor' 'xor_ln26' <Predicate = true> <Delay = 0.00> <CoreInst = "LogicGate">   --->   Core 74 'LogicGate' <Latency = 0> <II = 1> <Delay = 0.33> <FuncUnit> <Opcode : 'and' 'or' 'xor'> <InPorts = 2> <OutPorts = 1>
ST_45 : Operation 123 [1/1] (0.33ns) (out node of the LUT)   --->   "%and_ln26 = and i1 %or_ln26, i1 %xor_ln26" [top.cpp:26]   --->   Operation 123 'and' 'and_ln26' <Predicate = true> <Delay = 0.33> <CoreInst = "LogicGate">   --->   Core 74 'LogicGate' <Latency = 0> <II = 1> <Delay = 0.33> <FuncUnit> <Opcode : 'and' 'or' 'xor'> <InPorts = 2> <OutPorts = 1>
ST_45 : Operation 124 [1/1] (0.00ns) (grouped into LUT with out node select_ln26_1)   --->   "%xor_ln26_1 = xor i1 %tmp_6, i1 1" [top.cpp:26]   --->   Operation 124 'xor' 'xor_ln26_1' <Predicate = true> <Delay = 0.00> <CoreInst = "LogicGate">   --->   Core 74 'LogicGate' <Latency = 0> <II = 1> <Delay = 0.33> <FuncUnit> <Opcode : 'and' 'or' 'xor'> <InPorts = 2> <OutPorts = 1>
ST_45 : Operation 125 [1/1] (0.00ns) (grouped into LUT with out node select_ln26_1)   --->   "%or_ln26_1 = or i1 %icmp_ln26, i1 %xor_ln26_1" [top.cpp:26]   --->   Operation 125 'or' 'or_ln26_1' <Predicate = true> <Delay = 0.00> <CoreInst = "LogicGate">   --->   Core 74 'LogicGate' <Latency = 0> <II = 1> <Delay = 0.33> <FuncUnit> <Opcode : 'and' 'or' 'xor'> <InPorts = 2> <OutPorts = 1>
ST_45 : Operation 126 [1/1] (0.00ns) (grouped into LUT with out node select_ln26_1)   --->   "%and_ln26_1 = and i1 %or_ln26_1, i1 %tmp_1" [top.cpp:26]   --->   Operation 126 'and' 'and_ln26_1' <Predicate = true> <Delay = 0.00> <CoreInst = "LogicGate">   --->   Core 74 'LogicGate' <Latency = 0> <II = 1> <Delay = 0.33> <FuncUnit> <Opcode : 'and' 'or' 'xor'> <InPorts = 2> <OutPorts = 1>
ST_45 : Operation 127 [1/1] (0.00ns) (grouped into LUT with out node select_ln26_1)   --->   "%select_ln26 = select i1 %and_ln26, i24 8388607, i24 8388608" [top.cpp:26]   --->   Operation 127 'select' 'select_ln26' <Predicate = true> <Delay = 0.00> <CoreInst = "Sel">   --->   Core 73 'Sel' <Latency = 0> <II = 1> <Delay = 0.42> <FuncUnit> <Opcode : 'select'> <InPorts = 3> <OutPorts = 1>
ST_45 : Operation 128 [1/1] (0.00ns) (grouped into LUT with out node select_ln26_1)   --->   "%or_ln26_2 = or i1 %and_ln26, i1 %and_ln26_1" [top.cpp:26]   --->   Operation 128 'or' 'or_ln26_2' <Predicate = true> <Delay = 0.00> <CoreInst = "LogicGate">   --->   Core 74 'LogicGate' <Latency = 0> <II = 1> <Delay = 0.33> <FuncUnit> <Opcode : 'and' 'or' 'xor'> <InPorts = 2> <OutPorts = 1>
ST_45 : Operation 129 [1/1] (0.43ns) (out node of the LUT)   --->   "%select_ln26_1 = select i1 %or_ln26_2, i24 %select_ln26, i24 %trunc_ln26" [top.cpp:26]   --->   Operation 129 'select' 'select_ln26_1' <Predicate = true> <Delay = 0.43> <CoreInst = "Sel">   --->   Core 73 'Sel' <Latency = 0> <II = 1> <Delay = 0.43> <FuncUnit> <Opcode : 'select'> <InPorts = 3> <OutPorts = 1>
ST_45 : Operation 130 [1/1] ( I:1.35ns O:1.35ns )   --->   "%store_ln26 = store i24 %select_ln26_1, i14 %tmp_addr" [top.cpp:26]   --->   Operation 130 'store' 'store_ln26' <Predicate = true> <Delay = 1.35> <CoreInst = "RAM">   --->   Core 82 'RAM' <Latency = 1> <II = 1> <Delay = 1.35> <Storage> <Opcode : 'load' 'store'> <Ports = 2> <Width = 24> <Depth = 16384> <RAM>
ST_45 : Operation 131 [1/1] (0.00ns)   --->   "%br_ln24 = br void %for.body12" [top.cpp:24]   --->   Operation 131 'br' 'br_ln24' <Predicate = true> <Delay = 0.00>


============================================================
+ Verbose Summary: Binding
============================================================
STG Binding: 
---------------- STG Properties BEGIN ----------------
- Is combinational: 0
- Is one-state seq: 0
- Is datapath-only: 0
- Is pipelined: 0
- Is top level: 0
Port [ Return ] is wired: 1; IO mode=ap_ctrl_hs:ce=0
Port [ zext_ln26]:  wired=1; compound=0; hidden=0; nouse=0; global=0; static=0; extern=0; dir=0; type=0; pingpong=0; private_global=0; IO mode=ap_none:ce=0
Port [ A]:  wired=1; compound=1; hidden=0; nouse=0; global=0; static=0; extern=0; dir=0; type=1; pingpong=0; private_global=0; MemPort=[13]; IO mode=ap_memory:ce=0
Port [ conv_i362]:  wired=1; compound=0; hidden=0; nouse=0; global=0; static=0; extern=0; dir=0; type=0; pingpong=0; private_global=0; IO mode=ap_none:ce=0
Port [ tmp]:  wired=1; compound=1; hidden=0; nouse=0; global=1; static=1; extern=0; dir=1; type=1; pingpong=0; private_global=0; MemPort=[03]; IO mode=ap_memory:ce=0
---------------- STG Properties END ------------------

---------------- Datapath Model BEGIN ----------------

<LifeTime>
<method=bitvector/>
j                      (alloca           ) [ 0100000000000000000000000000000000000000000000]
conv_i362_read         (read             ) [ 0000000000000000000000000000000000000000000000]
zext_ln26_read         (read             ) [ 0000000000000000000000000000000000000000000000]
conv_i362_cast         (sext             ) [ 0111111111111111111111111111111111111111111111]
specinterface_ln0      (specinterface    ) [ 0000000000000000000000000000000000000000000000]
store_ln24             (store            ) [ 0000000000000000000000000000000000000000000000]
br_ln0                 (br               ) [ 0000000000000000000000000000000000000000000000]
j_1                    (load             ) [ 0000000000000000000000000000000000000000000000]
icmp_ln24              (icmp             ) [ 0111111111111111111111111111111111111111111110]
add_ln24               (add              ) [ 0000000000000000000000000000000000000000000000]
br_ln24                (br               ) [ 0000000000000000000000000000000000000000000000]
zext_ln26_1            (zext             ) [ 0000000000000000000000000000000000000000000000]
add_ln26               (add              ) [ 0000000000000000000000000000000000000000000000]
zext_ln26_2            (zext             ) [ 0111111111111111111111111111111111111111111111]
A_addr                 (getelementptr    ) [ 0110000000000000000000000000000000000000000000]
store_ln24             (store            ) [ 0000000000000000000000000000000000000000000000]
A_load                 (load             ) [ 0000000000000000000000000000000000000000000000]
shl_ln1                (bitconcatenate   ) [ 0101111111111111111111111111111111111111111111]
tmp_addr               (getelementptr    ) [ 0000000000000000000000000000000000000000000000]
specpipeline_ln25      (specpipeline     ) [ 0000000000000000000000000000000000000000000000]
speclooptripcount_ln24 (speclooptripcount) [ 0000000000000000000000000000000000000000000000]
specloopname_ln24      (specloopname     ) [ 0000000000000000000000000000000000000000000000]
sdiv_ln26              (sdiv             ) [ 0000000000000000000000000000000000000000000000]
tmp_1                  (bitselect        ) [ 0000000000000000000000000000000000000000000000]
trunc_ln26             (trunc            ) [ 0000000000000000000000000000000000000000000000]
tmp_6                  (bitselect        ) [ 0000000000000000000000000000000000000000000000]
tmp_s                  (partselect       ) [ 0000000000000000000000000000000000000000000000]
icmp_ln26              (icmp             ) [ 0000000000000000000000000000000000000000000000]
icmp_ln26_1            (icmp             ) [ 0000000000000000000000000000000000000000000000]
or_ln26                (or               ) [ 0000000000000000000000000000000000000000000000]
xor_ln26               (xor              ) [ 0000000000000000000000000000000000000000000000]
and_ln26               (and              ) [ 0000000000000000000000000000000000000000000000]
xor_ln26_1             (xor              ) [ 0000000000000000000000000000000000000000000000]
or_ln26_1              (or               ) [ 0000000000000000000000000000000000000000000000]
and_ln26_1             (and              ) [ 0000000000000000000000000000000000000000000000]
select_ln26            (select           ) [ 0000000000000000000000000000000000000000000000]
or_ln26_2              (or               ) [ 0000000000000000000000000000000000000000000000]
select_ln26_1          (select           ) [ 0000000000000000000000000000000000000000000000]
store_ln26             (store            ) [ 0000000000000000000000000000000000000000000000]
br_ln24                (br               ) [ 0000000000000000000000000000000000000000000000]
ret_ln0                (ret              ) [ 0000000000000000000000000000000000000000000000]
</LifeTime>

<model>

<comp_list>
<comp id="0" class="1000" name="zext_ln26">
<pin_list>
<pin id="1" dir="1" index="0" bw="1" slack="0"/>
</pin_list>
<bind>
<StgValue><ssdm name="zext_ln26"/></StgValue>
</bind>
</comp>

<comp id="2" class="1000" name="A">
<pin_list>
<pin id="3" dir="1" index="0" bw="1" slack="0"/>
</pin_list>
<bind>
<StgValue><ssdm name="A"/><MemPortTyVec>1 3 </MemPortTyVec>
</StgValue>
</bind>
</comp>

<comp id="4" class="1000" name="conv_i362">
<pin_list>
<pin id="5" dir="1" index="0" bw="1" slack="0"/>
</pin_list>
<bind>
<StgValue><ssdm name="conv_i362"/></StgValue>
</bind>
</comp>

<comp id="6" class="1000" name="tmp">
<pin_list>
<pin id="7" dir="1" index="0" bw="1" slack="0"/>
</pin_list>
<bind>
<StgValue><ssdm name="tmp"/><MemPortTyVec>0 3 </MemPortTyVec>
</StgValue>
</bind>
</comp>

<comp id="8" class="1001" name="const_8">
<pin_list>
<pin id="9" dir="1" index="0" bw="1" slack="0"/>
</pin_list>
<bind>
<StgValue><ssdm name=""/></StgValue>
</bind>
</comp>

<comp id="10" class="1001" name="const_10">
<pin_list>
<pin id="11" dir="1" index="0" bw="1" slack="0"/>
</pin_list>
<bind>
<StgValue><ssdm name="_ssdm_op_Read.ap_auto.i24"/></StgValue>
</bind>
</comp>

<comp id="12" class="1001" name="const_12">
<pin_list>
<pin id="13" dir="1" index="0" bw="1" slack="0"/>
</pin_list>
<bind>
<StgValue><ssdm name="_ssdm_op_Read.ap_auto.i14"/></StgValue>
</bind>
</comp>

<comp id="14" class="1001" name="const_14">
<pin_list>
<pin id="15" dir="1" index="0" bw="1" slack="2147483647"/>
</pin_list>
<bind>
<StgValue><ssdm name="_ssdm_op_SpecInterface"/></StgValue>
</bind>
</comp>

<comp id="16" class="1001" name="const_16">
<pin_list>
<pin id="17" dir="1" index="0" bw="1" slack="2147483647"/>
</pin_list>
<bind>
<StgValue><ssdm name="empty"/></StgValue>
</bind>
</comp>

<comp id="18" class="1001" name="const_18">
<pin_list>
<pin id="19" dir="1" index="0" bw="1" slack="2147483647"/>
</pin_list>
<bind>
<StgValue><ssdm name=""/></StgValue>
</bind>
</comp>

<comp id="20" class="1001" name="const_20">
<pin_list>
<pin id="21" dir="1" index="0" bw="1" slack="2147483647"/>
</pin_list>
<bind>
<StgValue><ssdm name="empty_0"/></StgValue>
</bind>
</comp>

<comp id="22" class="1001" name="const_22">
<pin_list>
<pin id="23" dir="1" index="0" bw="1" slack="2147483647"/>
</pin_list>
<bind>
<StgValue><ssdm name=""/></StgValue>
</bind>
</comp>

<comp id="24" class="1001" name="const_24">
<pin_list>
<pin id="25" dir="1" index="0" bw="1" slack="0"/>
</pin_list>
<bind>
<StgValue><ssdm name=""/></StgValue>
</bind>
</comp>

<comp id="26" class="1001" name="const_26">
<pin_list>
<pin id="27" dir="1" index="0" bw="1" slack="0"/>
</pin_list>
<bind>
<StgValue><ssdm name=""/></StgValue>
</bind>
</comp>

<comp id="28" class="1001" name="const_28">
<pin_list>
<pin id="29" dir="1" index="0" bw="1" slack="0"/>
</pin_list>
<bind>
<StgValue><ssdm name=""/></StgValue>
</bind>
</comp>

<comp id="30" class="1001" name="const_30">
<pin_list>
<pin id="31" dir="1" index="0" bw="1" slack="0"/>
</pin_list>
<bind>
<StgValue><ssdm name=""/></StgValue>
</bind>
</comp>

<comp id="32" class="1001" name="const_32">
<pin_list>
<pin id="33" dir="1" index="0" bw="1" slack="0"/>
</pin_list>
<bind>
<StgValue><ssdm name="_ssdm_op_BitConcatenate.i40.i24.i16"/></StgValue>
</bind>
</comp>

<comp id="34" class="1001" name="const_34">
<pin_list>
<pin id="35" dir="1" index="0" bw="1" slack="0"/>
</pin_list>
<bind>
<StgValue><ssdm name=""/></StgValue>
</bind>
</comp>

<comp id="36" class="1001" name="const_36">
<pin_list>
<pin id="37" dir="1" index="0" bw="1" slack="2147483647"/>
</pin_list>
<bind>
<StgValue><ssdm name="_ssdm_op_SpecPipeline"/></StgValue>
</bind>
</comp>

<comp id="38" class="1001" name="const_38">
<pin_list>
<pin id="39" dir="1" index="0" bw="1" slack="2147483647"/>
</pin_list>
<bind>
<StgValue><ssdm name="_ssdm_op_SpecLoopTripCount"/></StgValue>
</bind>
</comp>

<comp id="40" class="1001" name="const_40">
<pin_list>
<pin id="41" dir="1" index="0" bw="1" slack="2147483647"/>
</pin_list>
<bind>
<StgValue><ssdm name=""/></StgValue>
</bind>
</comp>

<comp id="42" class="1001" name="const_42">
<pin_list>
<pin id="43" dir="1" index="0" bw="1" slack="2147483647"/>
</pin_list>
<bind>
<StgValue><ssdm name="_ssdm_op_SpecLoopName"/></StgValue>
</bind>
</comp>

<comp id="44" class="1001" name="const_44">
<pin_list>
<pin id="45" dir="1" index="0" bw="1" slack="2147483647"/>
</pin_list>
<bind>
<StgValue><ssdm name="empty_6"/></StgValue>
</bind>
</comp>

<comp id="46" class="1001" name="const_46">
<pin_list>
<pin id="47" dir="1" index="0" bw="1" slack="0"/>
</pin_list>
<bind>
<StgValue><ssdm name="_ssdm_op_BitSelect.i1.i40.i32"/></StgValue>
</bind>
</comp>

<comp id="48" class="1001" name="const_48">
<pin_list>
<pin id="49" dir="1" index="0" bw="1" slack="0"/>
</pin_list>
<bind>
<StgValue><ssdm name=""/></StgValue>
</bind>
</comp>

<comp id="50" class="1001" name="const_50">
<pin_list>
<pin id="51" dir="1" index="0" bw="1" slack="0"/>
</pin_list>
<bind>
<StgValue><ssdm name=""/></StgValue>
</bind>
</comp>

<comp id="52" class="1001" name="const_52">
<pin_list>
<pin id="53" dir="1" index="0" bw="1" slack="0"/>
</pin_list>
<bind>
<StgValue><ssdm name="_ssdm_op_PartSelect.i16.i40.i32.i32"/></StgValue>
</bind>
</comp>

<comp id="54" class="1001" name="const_54">
<pin_list>
<pin id="55" dir="1" index="0" bw="1" slack="0"/>
</pin_list>
<bind>
<StgValue><ssdm name=""/></StgValue>
</bind>
</comp>

<comp id="56" class="1001" name="const_56">
<pin_list>
<pin id="57" dir="1" index="0" bw="1" slack="0"/>
</pin_list>
<bind>
<StgValue><ssdm name=""/></StgValue>
</bind>
</comp>

<comp id="58" class="1001" name="const_58">
<pin_list>
<pin id="59" dir="1" index="0" bw="1" slack="0"/>
</pin_list>
<bind>
<StgValue><ssdm name=""/></StgValue>
</bind>
</comp>

<comp id="60" class="1001" name="const_60">
<pin_list>
<pin id="61" dir="1" index="0" bw="1" slack="0"/>
</pin_list>
<bind>
<StgValue><ssdm name=""/></StgValue>
</bind>
</comp>

<comp id="62" class="1001" name="const_62">
<pin_list>
<pin id="63" dir="1" index="0" bw="1" slack="0"/>
</pin_list>
<bind>
<StgValue><ssdm name=""/></StgValue>
</bind>
</comp>

<comp id="64" class="1004" name="j_fu_64">
<pin_list>
<pin id="65" dir="0" index="0" bw="1" slack="0"/>
<pin id="66" dir="1" index="1" bw="7" slack="0"/>
</pin_list>
<bind>
<opcode="alloca(26) " fcode="alloca"/>
<opset="j/1 "/>
</bind>
</comp>

<comp id="68" class="1004" name="conv_i362_read_read_fu_68">
<pin_list>
<pin id="69" dir="0" index="0" bw="24" slack="0"/>
<pin id="70" dir="0" index="1" bw="24" slack="0"/>
<pin id="71" dir="1" index="2" bw="24" slack="0"/>
</pin_list>
<bind>
<opcode="read(1150) " fcode="read"/>
<opset="conv_i362_read/1 "/>
</bind>
</comp>

<comp id="74" class="1004" name="zext_ln26_read_read_fu_74">
<pin_list>
<pin id="75" dir="0" index="0" bw="14" slack="0"/>
<pin id="76" dir="0" index="1" bw="14" slack="0"/>
<pin id="77" dir="1" index="2" bw="14" slack="0"/>
</pin_list>
<bind>
<opcode="read(1150) " fcode="read"/>
<opset="zext_ln26_read/1 "/>
</bind>
</comp>

<comp id="80" class="1004" name="A_addr_gep_fu_80">
<pin_list>
<pin id="81" dir="0" index="0" bw="24" slack="0"/>
<pin id="82" dir="0" index="1" bw="1" slack="0"/>
<pin id="83" dir="0" index="2" bw="14" slack="0"/>
<pin id="84" dir="1" index="3" bw="14" slack="0"/>
</pin_list>
<bind>
<opcode="getelementptr(29) " fcode="getelementptr"/>
<opset="A_addr/1 "/>
</bind>
</comp>

<comp id="87" class="1004" name="grp_access_fu_87">
<pin_list>
<pin id="88" dir="0" index="0" bw="14" slack="0"/>
<pin id="89" dir="0" index="1" bw="24" slack="2147483647"/>
<pin id="90" dir="0" index="2" bw="0" slack="2147483647"/>
<pin id="91" dir="1" index="3" bw="24" slack="0"/>
</pin_list>
<bind>
<opcode="load(27) " fcode="load"/>
<opset="A_load/1 "/>
</bind>
</comp>

<comp id="93" class="1004" name="tmp_addr_gep_fu_93">
<pin_list>
<pin id="94" dir="0" index="0" bw="24" slack="0"/>
<pin id="95" dir="0" index="1" bw="1" slack="0"/>
<pin id="96" dir="0" index="2" bw="14" slack="44"/>
<pin id="97" dir="1" index="3" bw="14" slack="0"/>
</pin_list>
<bind>
<opcode="getelementptr(29) " fcode="getelementptr"/>
<opset="tmp_addr/45 "/>
</bind>
</comp>

<comp id="100" class="1004" name="store_ln26_access_fu_100">
<pin_list>
<pin id="101" dir="0" index="0" bw="14" slack="0"/>
<pin id="102" dir="0" index="1" bw="24" slack="0"/>
<pin id="103" dir="0" index="2" bw="0" slack="2147483647"/>
<pin id="104" dir="1" index="3" bw="24" slack="2147483647"/>
</pin_list>
<bind>
<opcode="store(28) " fcode="store"/>
<opset="store_ln26/45 "/>
</bind>
</comp>

<comp id="106" class="1004" name="conv_i362_cast_fu_106">
<pin_list>
<pin id="107" dir="0" index="0" bw="24" slack="0"/>
<pin id="108" dir="1" index="1" bw="40" slack="1"/>
</pin_list>
<bind>
<opcode="sext(35) " fcode="sext"/>
<opset="conv_i362_cast/1 "/>
</bind>
</comp>

<comp id="110" class="1004" name="store_ln24_store_fu_110">
<pin_list>
<pin id="111" dir="0" index="0" bw="1" slack="0"/>
<pin id="112" dir="0" index="1" bw="7" slack="0"/>
<pin id="113" dir="1" index="2" bw="0" slack="2147483647"/>
</pin_list>
<bind>
<opcode="store(28) " fcode="store"/>
<opset="store_ln24/1 "/>
</bind>
</comp>

<comp id="115" class="1004" name="j_1_load_fu_115">
<pin_list>
<pin id="116" dir="0" index="0" bw="7" slack="0"/>
<pin id="117" dir="1" index="1" bw="7" slack="0"/>
</pin_list>
<bind>
<opcode="load(27) " fcode="load"/>
<opset="j_1/1 "/>
</bind>
</comp>

<comp id="118" class="1004" name="icmp_ln24_fu_118">
<pin_list>
<pin id="119" dir="0" index="0" bw="7" slack="0"/>
<pin id="120" dir="0" index="1" bw="7" slack="0"/>
<pin id="121" dir="1" index="2" bw="1" slack="43"/>
</pin_list>
<bind>
<opcode="icmp(45) " fcode="icmp"/>
<opset="icmp_ln24/1 "/>
</bind>
</comp>

<comp id="124" class="1004" name="add_ln24_fu_124">
<pin_list>
<pin id="125" dir="0" index="0" bw="7" slack="0"/>
<pin id="126" dir="0" index="1" bw="1" slack="0"/>
<pin id="127" dir="1" index="2" bw="7" slack="0"/>
</pin_list>
<bind>
<opcode="add(8) " fcode="add"/>
<opset="add_ln24/1 "/>
</bind>
</comp>

<comp id="130" class="1004" name="zext_ln26_1_fu_130">
<pin_list>
<pin id="131" dir="0" index="0" bw="7" slack="0"/>
<pin id="132" dir="1" index="1" bw="14" slack="0"/>
</pin_list>
<bind>
<opcode="zext(34) " fcode="zext"/>
<opset="zext_ln26_1/1 "/>
</bind>
</comp>

<comp id="134" class="1004" name="add_ln26_fu_134">
<pin_list>
<pin id="135" dir="0" index="0" bw="14" slack="0"/>
<pin id="136" dir="0" index="1" bw="7" slack="0"/>
<pin id="137" dir="1" index="2" bw="14" slack="0"/>
</pin_list>
<bind>
<opcode="add(8) " fcode="add"/>
<opset="add_ln26/1 "/>
</bind>
</comp>

<comp id="140" class="1004" name="zext_ln26_2_fu_140">
<pin_list>
<pin id="141" dir="0" index="0" bw="14" slack="0"/>
<pin id="142" dir="1" index="1" bw="64" slack="0"/>
</pin_list>
<bind>
<opcode="zext(34) " fcode="zext"/>
<opset="zext_ln26_2/1 "/>
</bind>
</comp>

<comp id="145" class="1004" name="store_ln24_store_fu_145">
<pin_list>
<pin id="146" dir="0" index="0" bw="7" slack="0"/>
<pin id="147" dir="0" index="1" bw="7" slack="0"/>
<pin id="148" dir="1" index="2" bw="0" slack="2147483647"/>
</pin_list>
<bind>
<opcode="store(28) " fcode="store"/>
<opset="store_ln24/1 "/>
</bind>
</comp>

<comp id="150" class="1004" name="shl_ln1_fu_150">
<pin_list>
<pin id="151" dir="0" index="0" bw="40" slack="0"/>
<pin id="152" dir="0" index="1" bw="24" slack="0"/>
<pin id="153" dir="0" index="2" bw="1" slack="0"/>
<pin id="154" dir="1" index="3" bw="40" slack="0"/>
</pin_list>
<bind>
<opcode="bitconcatenate(1004) " fcode="bitconcatenate"/>
<opset="shl_ln1/2 "/>
</bind>
</comp>

<comp id="158" class="1004" name="grp_fu_158">
<pin_list>
<pin id="159" dir="0" index="0" bw="40" slack="0"/>
<pin id="160" dir="0" index="1" bw="24" slack="1"/>
<pin id="161" dir="1" index="2" bw="40" slack="0"/>
</pin_list>
<bind>
<opcode="sdiv(15) " fcode="sdiv"/>
<opset="sdiv_ln26/2 "/>
</bind>
</comp>

<comp id="163" class="1004" name="tmp_1_fu_163">
<pin_list>
<pin id="164" dir="0" index="0" bw="1" slack="0"/>
<pin id="165" dir="0" index="1" bw="40" slack="0"/>
<pin id="166" dir="0" index="2" bw="7" slack="0"/>
<pin id="167" dir="1" index="3" bw="1" slack="0"/>
</pin_list>
<bind>
<opcode="bitselect(1000) " fcode="bitselect"/>
<opset="tmp_1/45 "/>
</bind>
</comp>

<comp id="171" class="1004" name="trunc_ln26_fu_171">
<pin_list>
<pin id="172" dir="0" index="0" bw="40" slack="0"/>
<pin id="173" dir="1" index="1" bw="24" slack="0"/>
</pin_list>
<bind>
<opcode="trunc(33) " fcode="trunc"/>
<opset="trunc_ln26/45 "/>
</bind>
</comp>

<comp id="175" class="1004" name="tmp_6_fu_175">
<pin_list>
<pin id="176" dir="0" index="0" bw="1" slack="0"/>
<pin id="177" dir="0" index="1" bw="40" slack="0"/>
<pin id="178" dir="0" index="2" bw="6" slack="0"/>
<pin id="179" dir="1" index="3" bw="1" slack="0"/>
</pin_list>
<bind>
<opcode="bitselect(1000) " fcode="bitselect"/>
<opset="tmp_6/45 "/>
</bind>
</comp>

<comp id="183" class="1004" name="tmp_s_fu_183">
<pin_list>
<pin id="184" dir="0" index="0" bw="16" slack="0"/>
<pin id="185" dir="0" index="1" bw="40" slack="0"/>
<pin id="186" dir="0" index="2" bw="6" slack="0"/>
<pin id="187" dir="0" index="3" bw="7" slack="0"/>
<pin id="188" dir="1" index="4" bw="16" slack="0"/>
</pin_list>
<bind>
<opcode="partselect(1002) " fcode="partselect"/>
<opset="tmp_s/45 "/>
</bind>
</comp>

<comp id="193" class="1004" name="icmp_ln26_fu_193">
<pin_list>
<pin id="194" dir="0" index="0" bw="16" slack="0"/>
<pin id="195" dir="0" index="1" bw="16" slack="0"/>
<pin id="196" dir="1" index="2" bw="1" slack="0"/>
</pin_list>
<bind>
<opcode="icmp(45) " fcode="icmp"/>
<opset="icmp_ln26/45 "/>
</bind>
</comp>

<comp id="199" class="1004" name="icmp_ln26_1_fu_199">
<pin_list>
<pin id="200" dir="0" index="0" bw="16" slack="0"/>
<pin id="201" dir="0" index="1" bw="16" slack="0"/>
<pin id="202" dir="1" index="2" bw="1" slack="0"/>
</pin_list>
<bind>
<opcode="icmp(45) " fcode="icmp"/>
<opset="icmp_ln26_1/45 "/>
</bind>
</comp>

<comp id="205" class="1004" name="or_ln26_fu_205">
<pin_list>
<pin id="206" dir="0" index="0" bw="1" slack="0"/>
<pin id="207" dir="0" index="1" bw="1" slack="0"/>
<pin id="208" dir="1" index="2" bw="1" slack="0"/>
</pin_list>
<bind>
<opcode="or(24) " fcode="or"/>
<opset="or_ln26/45 "/>
</bind>
</comp>

<comp id="211" class="1004" name="xor_ln26_fu_211">
<pin_list>
<pin id="212" dir="0" index="0" bw="1" slack="0"/>
<pin id="213" dir="0" index="1" bw="1" slack="0"/>
<pin id="214" dir="1" index="2" bw="1" slack="0"/>
</pin_list>
<bind>
<opcode="xor(25) " fcode="xor"/>
<opset="xor_ln26/45 "/>
</bind>
</comp>

<comp id="217" class="1004" name="and_ln26_fu_217">
<pin_list>
<pin id="218" dir="0" index="0" bw="1" slack="0"/>
<pin id="219" dir="0" index="1" bw="1" slack="0"/>
<pin id="220" dir="1" index="2" bw="1" slack="0"/>
</pin_list>
<bind>
<opcode="and(23) " fcode="and"/>
<opset="and_ln26/45 "/>
</bind>
</comp>

<comp id="223" class="1004" name="xor_ln26_1_fu_223">
<pin_list>
<pin id="224" dir="0" index="0" bw="1" slack="0"/>
<pin id="225" dir="0" index="1" bw="1" slack="0"/>
<pin id="226" dir="1" index="2" bw="1" slack="0"/>
</pin_list>
<bind>
<opcode="xor(25) " fcode="xor"/>
<opset="xor_ln26_1/45 "/>
</bind>
</comp>

<comp id="229" class="1004" name="or_ln26_1_fu_229">
<pin_list>
<pin id="230" dir="0" index="0" bw="1" slack="0"/>
<pin id="231" dir="0" index="1" bw="1" slack="0"/>
<pin id="232" dir="1" index="2" bw="1" slack="0"/>
</pin_list>
<bind>
<opcode="or(24) " fcode="or"/>
<opset="or_ln26_1/45 "/>
</bind>
</comp>

<comp id="235" class="1004" name="and_ln26_1_fu_235">
<pin_list>
<pin id="236" dir="0" index="0" bw="1" slack="0"/>
<pin id="237" dir="0" index="1" bw="1" slack="0"/>
<pin id="238" dir="1" index="2" bw="1" slack="0"/>
</pin_list>
<bind>
<opcode="and(23) " fcode="and"/>
<opset="and_ln26_1/45 "/>
</bind>
</comp>

<comp id="241" class="1004" name="select_ln26_fu_241">
<pin_list>
<pin id="242" dir="0" index="0" bw="1" slack="0"/>
<pin id="243" dir="0" index="1" bw="24" slack="0"/>
<pin id="244" dir="0" index="2" bw="24" slack="0"/>
<pin id="245" dir="1" index="3" bw="24" slack="0"/>
</pin_list>
<bind>
<opcode="select(49) " fcode="select"/>
<opset="select_ln26/45 "/>
</bind>
</comp>

<comp id="249" class="1004" name="or_ln26_2_fu_249">
<pin_list>
<pin id="250" dir="0" index="0" bw="1" slack="0"/>
<pin id="251" dir="0" index="1" bw="1" slack="0"/>
<pin id="252" dir="1" index="2" bw="1" slack="0"/>
</pin_list>
<bind>
<opcode="or(24) " fcode="or"/>
<opset="or_ln26_2/45 "/>
</bind>
</comp>

<comp id="255" class="1004" name="select_ln26_1_fu_255">
<pin_list>
<pin id="256" dir="0" index="0" bw="1" slack="0"/>
<pin id="257" dir="0" index="1" bw="24" slack="0"/>
<pin id="258" dir="0" index="2" bw="24" slack="0"/>
<pin id="259" dir="1" index="3" bw="24" slack="0"/>
</pin_list>
<bind>
<opcode="select(49) " fcode="select"/>
<opset="select_ln26_1/45 "/>
</bind>
</comp>

<comp id="264" class="1005" name="j_reg_264">
<pin_list>
<pin id="265" dir="0" index="0" bw="7" slack="0"/>
<pin id="266" dir="1" index="1" bw="7" slack="0"/>
</pin_list>
<bind>
<opset="j "/>
</bind>
</comp>

<comp id="271" class="1005" name="conv_i362_cast_reg_271">
<pin_list>
<pin id="272" dir="0" index="0" bw="40" slack="1"/>
<pin id="273" dir="1" index="1" bw="40" slack="1"/>
</pin_list>
<bind>
<opset="conv_i362_cast "/>
</bind>
</comp>

<comp id="276" class="1005" name="icmp_ln24_reg_276">
<pin_list>
<pin id="277" dir="0" index="0" bw="1" slack="43"/>
<pin id="278" dir="1" index="1" bw="1" slack="2147483647"/>
</pin_list>
<bind>
<opset="icmp_ln24 "/>
</bind>
</comp>

<comp id="280" class="1005" name="zext_ln26_2_reg_280">
<pin_list>
<pin id="281" dir="0" index="0" bw="64" slack="44"/>
<pin id="282" dir="1" index="1" bw="64" slack="44"/>
</pin_list>
<bind>
<opset="zext_ln26_2 "/>
</bind>
</comp>

<comp id="285" class="1005" name="A_addr_reg_285">
<pin_list>
<pin id="286" dir="0" index="0" bw="14" slack="1"/>
<pin id="287" dir="1" index="1" bw="14" slack="1"/>
</pin_list>
<bind>
<opset="A_addr "/>
</bind>
</comp>

<comp id="290" class="1005" name="shl_ln1_reg_290">
<pin_list>
<pin id="291" dir="0" index="0" bw="40" slack="1"/>
<pin id="292" dir="1" index="1" bw="40" slack="1"/>
</pin_list>
<bind>
<opset="shl_ln1 "/>
</bind>
</comp>

</comp_list>

<net_list>
<net id="67"><net_src comp="8" pin="0"/><net_sink comp="64" pin=0"/></net>

<net id="72"><net_src comp="10" pin="0"/><net_sink comp="68" pin=0"/></net>

<net id="73"><net_src comp="4" pin="0"/><net_sink comp="68" pin=1"/></net>

<net id="78"><net_src comp="12" pin="0"/><net_sink comp="74" pin=0"/></net>

<net id="79"><net_src comp="0" pin="0"/><net_sink comp="74" pin=1"/></net>

<net id="85"><net_src comp="2" pin="0"/><net_sink comp="80" pin=0"/></net>

<net id="86"><net_src comp="30" pin="0"/><net_sink comp="80" pin=1"/></net>

<net id="92"><net_src comp="80" pin="3"/><net_sink comp="87" pin=0"/></net>

<net id="98"><net_src comp="6" pin="0"/><net_sink comp="93" pin=0"/></net>

<net id="99"><net_src comp="30" pin="0"/><net_sink comp="93" pin=1"/></net>

<net id="105"><net_src comp="93" pin="3"/><net_sink comp="100" pin=0"/></net>

<net id="109"><net_src comp="68" pin="2"/><net_sink comp="106" pin=0"/></net>

<net id="114"><net_src comp="24" pin="0"/><net_sink comp="110" pin=0"/></net>

<net id="122"><net_src comp="115" pin="1"/><net_sink comp="118" pin=0"/></net>

<net id="123"><net_src comp="26" pin="0"/><net_sink comp="118" pin=1"/></net>

<net id="128"><net_src comp="115" pin="1"/><net_sink comp="124" pin=0"/></net>

<net id="129"><net_src comp="28" pin="0"/><net_sink comp="124" pin=1"/></net>

<net id="133"><net_src comp="115" pin="1"/><net_sink comp="130" pin=0"/></net>

<net id="138"><net_src comp="74" pin="2"/><net_sink comp="134" pin=0"/></net>

<net id="139"><net_src comp="130" pin="1"/><net_sink comp="134" pin=1"/></net>

<net id="143"><net_src comp="134" pin="2"/><net_sink comp="140" pin=0"/></net>

<net id="144"><net_src comp="140" pin="1"/><net_sink comp="80" pin=2"/></net>

<net id="149"><net_src comp="124" pin="2"/><net_sink comp="145" pin=0"/></net>

<net id="155"><net_src comp="32" pin="0"/><net_sink comp="150" pin=0"/></net>

<net id="156"><net_src comp="87" pin="3"/><net_sink comp="150" pin=1"/></net>

<net id="157"><net_src comp="34" pin="0"/><net_sink comp="150" pin=2"/></net>

<net id="162"><net_src comp="150" pin="3"/><net_sink comp="158" pin=0"/></net>

<net id="168"><net_src comp="46" pin="0"/><net_sink comp="163" pin=0"/></net>

<net id="169"><net_src comp="158" pin="2"/><net_sink comp="163" pin=1"/></net>

<net id="170"><net_src comp="48" pin="0"/><net_sink comp="163" pin=2"/></net>

<net id="174"><net_src comp="158" pin="2"/><net_sink comp="171" pin=0"/></net>

<net id="180"><net_src comp="46" pin="0"/><net_sink comp="175" pin=0"/></net>

<net id="181"><net_src comp="158" pin="2"/><net_sink comp="175" pin=1"/></net>

<net id="182"><net_src comp="50" pin="0"/><net_sink comp="175" pin=2"/></net>

<net id="189"><net_src comp="52" pin="0"/><net_sink comp="183" pin=0"/></net>

<net id="190"><net_src comp="158" pin="2"/><net_sink comp="183" pin=1"/></net>

<net id="191"><net_src comp="54" pin="0"/><net_sink comp="183" pin=2"/></net>

<net id="192"><net_src comp="48" pin="0"/><net_sink comp="183" pin=3"/></net>

<net id="197"><net_src comp="183" pin="4"/><net_sink comp="193" pin=0"/></net>

<net id="198"><net_src comp="56" pin="0"/><net_sink comp="193" pin=1"/></net>

<net id="203"><net_src comp="183" pin="4"/><net_sink comp="199" pin=0"/></net>

<net id="204"><net_src comp="34" pin="0"/><net_sink comp="199" pin=1"/></net>

<net id="209"><net_src comp="175" pin="3"/><net_sink comp="205" pin=0"/></net>

<net id="210"><net_src comp="199" pin="2"/><net_sink comp="205" pin=1"/></net>

<net id="215"><net_src comp="163" pin="3"/><net_sink comp="211" pin=0"/></net>

<net id="216"><net_src comp="58" pin="0"/><net_sink comp="211" pin=1"/></net>

<net id="221"><net_src comp="205" pin="2"/><net_sink comp="217" pin=0"/></net>

<net id="222"><net_src comp="211" pin="2"/><net_sink comp="217" pin=1"/></net>

<net id="227"><net_src comp="175" pin="3"/><net_sink comp="223" pin=0"/></net>

<net id="228"><net_src comp="58" pin="0"/><net_sink comp="223" pin=1"/></net>

<net id="233"><net_src comp="193" pin="2"/><net_sink comp="229" pin=0"/></net>

<net id="234"><net_src comp="223" pin="2"/><net_sink comp="229" pin=1"/></net>

<net id="239"><net_src comp="229" pin="2"/><net_sink comp="235" pin=0"/></net>

<net id="240"><net_src comp="163" pin="3"/><net_sink comp="235" pin=1"/></net>

<net id="246"><net_src comp="217" pin="2"/><net_sink comp="241" pin=0"/></net>

<net id="247"><net_src comp="60" pin="0"/><net_sink comp="241" pin=1"/></net>

<net id="248"><net_src comp="62" pin="0"/><net_sink comp="241" pin=2"/></net>

<net id="253"><net_src comp="217" pin="2"/><net_sink comp="249" pin=0"/></net>

<net id="254"><net_src comp="235" pin="2"/><net_sink comp="249" pin=1"/></net>

<net id="260"><net_src comp="249" pin="2"/><net_sink comp="255" pin=0"/></net>

<net id="261"><net_src comp="241" pin="3"/><net_sink comp="255" pin=1"/></net>

<net id="262"><net_src comp="171" pin="1"/><net_sink comp="255" pin=2"/></net>

<net id="263"><net_src comp="255" pin="3"/><net_sink comp="100" pin=1"/></net>

<net id="267"><net_src comp="64" pin="1"/><net_sink comp="264" pin=0"/></net>

<net id="268"><net_src comp="264" pin="1"/><net_sink comp="110" pin=1"/></net>

<net id="269"><net_src comp="264" pin="1"/><net_sink comp="115" pin=0"/></net>

<net id="270"><net_src comp="264" pin="1"/><net_sink comp="145" pin=1"/></net>

<net id="274"><net_src comp="106" pin="1"/><net_sink comp="271" pin=0"/></net>

<net id="275"><net_src comp="271" pin="1"/><net_sink comp="158" pin=1"/></net>

<net id="279"><net_src comp="118" pin="2"/><net_sink comp="276" pin=0"/></net>

<net id="283"><net_src comp="140" pin="1"/><net_sink comp="280" pin=0"/></net>

<net id="284"><net_src comp="280" pin="1"/><net_sink comp="93" pin=2"/></net>

<net id="288"><net_src comp="80" pin="3"/><net_sink comp="285" pin=0"/></net>

<net id="289"><net_src comp="285" pin="1"/><net_sink comp="87" pin=0"/></net>

<net id="293"><net_src comp="150" pin="3"/><net_sink comp="290" pin=0"/></net>

<net id="294"><net_src comp="290" pin="1"/><net_sink comp="158" pin=0"/></net>

</net_list>

</model> 
---------------- Datapath Model END ------------------

* FSMD analyzer results:
  - Output states:
	Port: A | {}
	Port: tmp | {45 }
 - Input state : 
	Port: top_kernel_Pipeline_VITIS_LOOP_24_3 : zext_ln26 | {1 }
	Port: top_kernel_Pipeline_VITIS_LOOP_24_3 : A | {1 2 }
	Port: top_kernel_Pipeline_VITIS_LOOP_24_3 : conv_i362 | {1 }
	Port: top_kernel_Pipeline_VITIS_LOOP_24_3 : tmp | {}
  - Chain level:
	State 1
		store_ln24 : 1
		j_1 : 1
		icmp_ln24 : 2
		add_ln24 : 2
		br_ln24 : 3
		zext_ln26_1 : 2
		add_ln26 : 3
		zext_ln26_2 : 4
		A_addr : 5
		A_load : 6
		store_ln24 : 3
	State 2
		shl_ln1 : 1
		sdiv_ln26 : 2
	State 3
	State 4
	State 5
	State 6
	State 7
	State 8
	State 9
	State 10
	State 11
	State 12
	State 13
	State 14
	State 15
	State 16
	State 17
	State 18
	State 19
	State 20
	State 21
	State 22
	State 23
	State 24
	State 25
	State 26
	State 27
	State 28
	State 29
	State 30
	State 31
	State 32
	State 33
	State 34
	State 35
	State 36
	State 37
	State 38
	State 39
	State 40
	State 41
	State 42
	State 43
	State 44
	State 45
		tmp_1 : 1
		trunc_ln26 : 1
		tmp_6 : 1
		tmp_s : 1
		icmp_ln26 : 2
		icmp_ln26_1 : 2
		or_ln26 : 3
		xor_ln26 : 2
		and_ln26 : 3
		xor_ln26_1 : 2
		or_ln26_1 : 3
		and_ln26_1 : 3
		select_ln26 : 3
		or_ln26_2 : 3
		select_ln26_1 : 3
		store_ln26 : 4


============================================================
+ Verbose Summary: Datapath Resource usage 
============================================================

* Functional unit list:
|----------|---------------------------|---------|---------|
| Operation|      Functional Unit      |    FF   |   LUT   |
|----------|---------------------------|---------|---------|
|   sdiv   |         grp_fu_158        |   3491  |   2666  |
|----------|---------------------------|---------|---------|
|          |      icmp_ln24_fu_118     |    0    |    14   |
|   icmp   |      icmp_ln26_fu_193     |    0    |    23   |
|          |     icmp_ln26_1_fu_199    |    0    |    23   |
|----------|---------------------------|---------|---------|
|  select  |     select_ln26_fu_241    |    0    |    24   |
|          |    select_ln26_1_fu_255   |    0    |    24   |
|----------|---------------------------|---------|---------|
|    add   |      add_ln24_fu_124      |    0    |    14   |
|          |      add_ln26_fu_134      |    0    |    21   |
|----------|---------------------------|---------|---------|
|          |       or_ln26_fu_205      |    0    |    2    |
|    or    |      or_ln26_1_fu_229     |    0    |    2    |
|          |      or_ln26_2_fu_249     |    0    |    2    |
|----------|---------------------------|---------|---------|
|    xor   |      xor_ln26_fu_211      |    0    |    2    |
|          |     xor_ln26_1_fu_223     |    0    |    2    |
|----------|---------------------------|---------|---------|
|    and   |      and_ln26_fu_217      |    0    |    2    |
|          |     and_ln26_1_fu_235     |    0    |    2    |
|----------|---------------------------|---------|---------|
|   read   | conv_i362_read_read_fu_68 |    0    |    0    |
|          | zext_ln26_read_read_fu_74 |    0    |    0    |
|----------|---------------------------|---------|---------|
|   sext   |   conv_i362_cast_fu_106   |    0    |    0    |
|----------|---------------------------|---------|---------|
|   zext   |     zext_ln26_1_fu_130    |    0    |    0    |
|          |     zext_ln26_2_fu_140    |    0    |    0    |
|----------|---------------------------|---------|---------|
|bitconcatenate|       shl_ln1_fu_150      |    0    |    0    |
|----------|---------------------------|---------|---------|
| bitselect|        tmp_1_fu_163       |    0    |    0    |
|          |        tmp_6_fu_175       |    0    |    0    |
|----------|---------------------------|---------|---------|
|   trunc  |     trunc_ln26_fu_171     |    0    |    0    |
|----------|---------------------------|---------|---------|
|partselect|        tmp_s_fu_183       |    0    |    0    |
|----------|---------------------------|---------|---------|
|   Total  |                           |   3491  |   2823  |
|----------|---------------------------|---------|---------|

Memories:
N/A

* Register list:
+----------------------+--------+
|                      |   FF   |
+----------------------+--------+
|    A_addr_reg_285    |   14   |
|conv_i362_cast_reg_271|   40   |
|   icmp_ln24_reg_276  |    1   |
|       j_reg_264      |    7   |
|    shl_ln1_reg_290   |   40   |
|  zext_ln26_2_reg_280 |   64   |
+----------------------+--------+
|         Total        |   166  |
+----------------------+--------+

* Multiplexer (MUX) list: 
|------------------|------|------|------|--------||---------||---------||---------|
|       Comp       |  Pin | Size |  BW  | S x BW ||  Delay  ||    FF   ||   LUT   |
|------------------|------|------|------|--------||---------||---------||---------|
| grp_access_fu_87 |  p0  |   2  |  14  |   28   ||    0    ||    9    |
|    grp_fu_158    |  p0  |   2  |  40  |   80   ||    0    ||    9    |
|------------------|------|------|------|--------||---------||---------||---------|
|       Total      |      |      |      |   108  ||  0.978  ||    0    ||    18   |
|------------------|------|------|------|--------||---------||---------||---------|



* Summary:
+-----------+--------+--------+--------+
|           |  Delay |   FF   |   LUT  |
+-----------+--------+--------+--------+
|  Function |    -   |  3491  |  2823  |
|   Memory  |    -   |    -   |    -   |
|Multiplexer|    0   |    0   |   18   |
|  Register |    -   |   166  |    -   |
+-----------+--------+--------+--------+
|   Total   |    0   |  3657  |  2841  |
+-----------+--------+--------+--------+
